"../../../../CrashSite3D/Content/Blueprints/Enums/AccidentRecordValues.uasset" 0
"../../../../CrashSite3D/Content/Blueprints/Enums/AllInfoList.uasset" 1
"../../../../CrashSite3D/Content/Blueprints/User/Interfaces/SearchResultEntry.uasset" 2
"../../../Engine/Content/Animation/DefaultAnimCurveCompressionSettings.uasset" 3
"../../../Engine/Content/Functions/Engine_MaterialFunctions01/Opacity/CameraDepthFade.uasset" 4
"../../../Engine/Content/EngineMaterials/T_Default_Material_Grid_M.uasset" 5
"../../../Engine/Content/EngineMaterials/T_Default_Material_Grid_N.uasset" 6
"../../../Engine/Content/EngineMaterials/WorldGridMaterial.uasset" 7
"../../../Engine/Content/ArtTools/RenderToTexture/Meshes/S_1_Unit_Plane.uasset" 8
"../../../Engine/Content/EngineMaterials/DefaultMaterial.uasset" 9
"../../../Engine/Content/BasicShapes/Cone.uasset" 10
"../../../Engine/Content/BasicShapes/Cube.uasset" 11
"../../../Engine/Content/BasicShapes/Plane.uasset" 12
"../../../Engine/Content/EditorLandscapeResources/DataLayer.uasset" 13
"../../../Engine/Content/EditorMaterials/GizmoMaterial.uasset" 14
"../../../Engine/Content/EditorMaterials/MAT_Groups_Toggle.uasset" 15
"../../../Engine/Content/EditorMaterials/MAT_Groups_Visibility.uasset" 16
"../../../Engine/Content/EditorMaterials/PreviewShadowIndicator.uasset" 17
"../../../Engine/Content/EditorMaterials/PreviewShadowIndicatorMaterial.uasset" 18
"../../../Engine/Content/EditorMaterials/MatineeGroups/MAT_ColorTrack.uasset" 19
"../../../Engine/Content/EditorMaterials/MatineeGroups/MAT_Groups_Anim.uasset" 20
"../../../Engine/Content/EditorMaterials/MatineeGroups/MAT_Groups_AudioMaster.uasset" 21
"../../../Engine/Content/EditorMaterials/MatineeGroups/MAT_Groups_Director.uasset" 22
"../../../Engine/Content/EditorMaterials/MatineeGroups/MAT_Groups_Event.uasset" 23
"../../../Engine/Content/EditorMaterials/MatineeGroups/MAT_Groups_Fade.uasset" 24
"../../../Engine/Content/EditorMaterials/MatineeGroups/MAT_Groups_Float.uasset" 25
"../../../Engine/Content/EditorMaterials/MatineeGroups/MAT_Groups_Move.uasset" 26
"../../../Engine/Content/EditorMaterials/MatineeGroups/MAT_Groups_Slomo.uasset" 27
"../../../Engine/Content/EditorMaterials/MatineeGroups/MAT_Groups_Sound.uasset" 28
"../../../Engine/Content/EditorMaterials/MatineeGroups/MAT_Groups_Vector.uasset" 29
"../../../Engine/Content/EditorMaterials/ParticleSystems/PSysThumbnail_NoImage.uasset" 30
"../../../Engine/Content/EditorMaterials/ParticleSystems/PSysThumbnail_OOD.uasset" 31
"../../../Engine/Content/EditorMaterials/Camera/CineMat.uasset" 32
"../../../Engine/Content/EditorMaterials/Camera/MI_CineMat_Rig.uasset" 33
"../../../Engine/Content/EditorMeshes/Camera/SM_CraneRig_Arm.uasset" 34
"../../../Engine/Content/EditorMeshes/Camera/SM_CraneRig_Base.uasset" 35
"../../../Engine/Content/EditorMeshes/Camera/SM_CraneRig_Body.uasset" 36
"../../../Engine/Content/EditorMeshes/Camera/SM_CraneRig_Mount.uasset" 37
"../../../Engine/Content/EditorMeshes/Camera/SM_RailRig_Mount.uasset" 38
"../../../Engine/Content/EditorMeshes/Camera/SM_RailRig_Track.uasset" 39
"../../../Engine/Content/EditorResources/BSPVertex.uasset" 40
"../../../Engine/Content/EditorResources/EmptyActor.uasset" 41
"../../../Engine/Content/EditorResources/S_Actor.uasset" 42
"../../../Engine/Content/EditorResources/S_Note.uasset" 43
"../../../Engine/Content/EditorResources/S_Trigger.uasset" 44
"../../../Engine/Content/EditorResources/SequenceRecorder/Countdown.uasset" 45
"../../../Engine/Content/EditorResources/SequenceRecorder/RecordingIndicator.uasset" 46
"../../../Engine/Content/EditorSounds/Notifications/CompileFailed.uasset" 47
"../../../Engine/Content/EditorSounds/Notifications/CompileFailed_Cue.uasset" 48
"../../../Engine/Content/EditorSounds/Notifications/CompileSuccess.uasset" 49
"../../../Engine/Content/EditorSounds/Notifications/CompileStart_Cue.uasset" 50
"../../../Engine/Content/EditorSounds/Notifications/CompileSuccess_Cue.uasset" 51
"../../../Engine/Content/EngineDamageTypes/DmgTypeBP_Environmental.uasset" 52
"../../../Engine/Content/EngineDebugMaterials/HeatmapGradient.uasset" 53
"../../../Engine/Content/EngineDebugMaterials/BoneWeightMaterial.uasset" 54
"../../../Engine/Content/EngineDebugMaterials/ClothMaterial.uasset" 55
"../../../Engine/Content/EngineDebugMaterials/ClothMaterial_WF.uasset" 56
"../../../Engine/Content/EngineDebugMaterials/DebugEditorMaterial.uasset" 57
"../../../Engine/Content/EngineDebugMaterials/DebugMeshMaterial.uasset" 58
"../../../Engine/Content/EngineDebugMaterials/GeomMaterial.uasset" 59
"../../../Engine/Content/EngineDebugMaterials/M_SimpleTranslucent.uasset" 60
"../../../Engine/Content/EngineFonts/Faces/RobotoBold.uasset" 61
"../../../Engine/Content/EngineFonts/Faces/RobotoBoldItalic.uasset" 62
"../../../Engine/Content/EngineFonts/Faces/RobotoItalic.uasset" 63
"../../../Engine/Content/EngineFonts/Faces/RobotoLight.uasset" 64
"../../../Engine/Content/EngineFonts/Faces/RobotoRegular.uasset" 65
"../../../Engine/Content/EngineFonts/Roboto.uasset" 66
"../../../Engine/Content/EngineFonts/Faces/RobotoTiny.uasset" 67
"../../../Engine/Content/EngineFonts/RobotoTiny.uasset" 68
"../../../Engine/Content/EngineMaterials/BaseFlattenDiffuseMap.uasset" 69
"../../../Engine/Content/EngineMaterials/BaseFlattenEmissiveMap.uasset" 70
"../../../Engine/Content/EngineMaterials/BaseFlattenGrayscaleMap.uasset" 71
"../../../Engine/Content/EngineMaterials/BaseFlattenNormalMap.uasset" 72
"../../../Engine/Content/EngineMaterials/BaseFlattenMaterial.uasset" 73
"../../../Engine/Content/EngineMaterials/DefaultBloomKernel.uasset" 74
"../../../Engine/Content/EngineMaterials/DefaultBokeh.uasset" 75
"../../../Engine/Content/EngineMaterials/DefaultDiffuse.uasset" 76
"../../../Engine/Content/EngineMaterials/DefaultDeferredDecalMaterial.uasset" 77
"../../../Engine/Content/EngineMaterials/DefaultLightFunctionMaterial.uasset" 78
"../../../Engine/Content/EngineMaterials/DefaultPhysicalMaterial.uasset" 79
"../../../Engine/Content/Functions/Engine_MaterialFunctions02/Utility/BreakOutFloat2Components.uasset" 80
"../../../Engine/Content/EngineMaterials/DefaultPostProcessMaterial.uasset" 81
"../../../Engine/Content/EngineFonts/RobotoDistanceField.uasset" 82
"../../../Engine/Content/EngineMaterials/DefaultTextMaterialOpaque.uasset" 83
"../../../Engine/Content/EngineMaterials/DefaultWhiteGrid.uasset" 84
"../../../Engine/Content/EngineMaterials/EditorBrushMaterial.uasset" 85
"../../../Engine/Content/EngineMaterials/Good64x64TilingNoiseHighFreq.uasset" 86
"../../../Engine/Content/EngineMaterials/MiniFont.uasset" 87
"../../../Engine/Content/EngineMaterials/InvalidLightmapSettings.uasset" 88
"../../../Engine/Content/EngineMaterials/M_InvalidLightmapSettings.uasset" 89
"../../../Engine/Content/Functions/Engine_MaterialFunctions02/WorldPositionOffset/CameraOffset.uasset" 90
"../../../Engine/Content/EngineMaterials/PhAT_JointLimitMaterial.uasset" 91
"../../../Engine/Content/EngineMaterials/PreintegratedSkinBRDF.uasset" 92
"../../../Engine/Content/EngineMaterials/RemoveSurfaceMaterial.uasset" 93
"../../../Engine/Content/EngineMaterials/WeightMapPlaceholderTexture.uasset" 94
"../../../Engine/Content/EngineResources/WhiteSquareTexture.uasset" 95
"../../../Engine/Content/EngineMaterials/Widget3DPassThrough.uasset" 96
"../../../Engine/Content/EngineMaterials/Widget3DPassThrough_Masked.uasset" 97
"../../../Engine/Content/EngineMaterials/Widget3DPassThrough_Opaque.uasset" 98
"../../../Engine/Content/EngineMaterials/Widget3DPassThrough_Masked_OneSided.uasset" 99
"../../../Engine/Content/EngineMaterials/Widget3DPassThrough_Opaque_OneSided.uasset" 100
"../../../Engine/Content/EngineMaterials/Widget3DPassThrough_Translucent.uasset" 101
"../../../Engine/Content/EngineMaterials/Widget3DPassThrough_Translucent_OneSided.uasset" 102
"../../../Engine/Content/EngineMeshes/Cylinder.uasset" 103
"../../../Engine/Content/EngineMeshes/Sphere.uasset" 104
"../../../Engine/Content/EngineResources/Black.uasset" 105
"../../../Engine/Content/EngineResources/DefaultTexture.uasset" 106
"../../../Engine/Content/EngineResources/DefaultTextureCube.uasset" 107
"../../../Engine/Content/EngineResources/DefaultVolumeTexture2D.uasset" 108
"../../../Engine/Content/EngineResources/DefaultVolumeTexture.uasset" 109
"../../../Engine/Content/EngineResources/GradientTexture0.uasset" 110
"../../../Engine/Content/EngineSounds/Master.uasset" 111
"../../../Engine/Content/Functions/Engine_MaterialFunctions01/Shading/ConvertFromDiffSpec.uasset" 112
"../../../Engine/Content/Functions/Engine_MaterialFunctions01/Shading/PowerToRoughness.uasset" 113
"../../../Engine/Content/Maps/Templates/Thumbnails/Default.uasset" 114
"../../../Engine/Content/Maps/Templates/Thumbnails/VR-Basic.uasset" 115
"../../../Engine/Content/MobileResources/T_MobileControls_texture.uasset" 116
"../../../Engine/Content/MobileResources/T_MobileMenu2.uasset" 117
"../../../Engine/Content/MobileResources/HUD/AnalogHat.uasset" 118
"../../../Engine/Content/MobileResources/HUD/VirtualJoystick_Background.uasset" 119
"../../../Engine/Content/MobileResources/HUD/VirtualJoystick_Thumb.uasset" 120
"../../../Engine/Content/MobileResources/HUD/DefaultVirtualJoysticks.uasset" 121
"../../../Engine/Content/MobileResources/HUD/LeftVirtualJoystickOnly.uasset" 122
"../../../Engine/Content/MobileResources/HUD/MobileHUDButton1_off.uasset" 123
"../../../Engine/Content/MobileResources/HUD/MobileHUDButton1_on.uasset" 124
"../../../Engine/Content/MobileResources/HUD/MobileHUDButton2_off.uasset" 125
"../../../Engine/Content/MobileResources/HUD/MobileHUDButton2_on.uasset" 126
"../../../Engine/Content/MobileResources/HUD/MobileHUDButton3.uasset" 127
"../../../Engine/Content/MobileResources/HUD/MobileHUDButtonFire.uasset" 128
"../../../Engine/Content/MobileResources/HUD/MobileHUDDirectionPad.uasset" 129
"../../../Engine/Content/MobileResources/HUD/MobileHUDDirectionPad2.uasset" 130
"../../../Engine/Content/MobileResources/HUD/MobileHUDDirectionPad3.uasset" 131
"../../../Engine/Content/MobileResources/HUD/MobileHUDDirectionStick.uasset" 132
"../../../Engine/Content/MobileResources/HUD/T_Castle_ThumbstickInner.uasset" 133
"../../../Engine/Content/MobileResources/HUD/T_Castle_ThumbstickOutter.uasset" 134
"../../../Engine/Content/Tutorial/ContentIntroCurve.uasset" 135
"../../../Engine/Content/Tutorial/Basics/LevelEditorAttract.uasset" 136
"../../../Engine/Content/VREditor/LaserPointer/VR_LaserPower_01.uasset" 137
"../../../Engine/Content/VREditor/TransformGizmo/TransformGizmoMaterial.uasset" 138
"../../../Engine/Content/VREditor/TransformGizmo/TranslucentTransformGizmoMaterial.uasset" 139
"../../../Engine/Content/VREditor/TransformGizmo/BoundingBoxCorner.uasset" 140
"../../../Engine/Content/VREditor/TransformGizmo/BoundingBoxEdge.uasset" 141
"../../../Engine/Content/VREditor/TransformGizmo/PlaneTranslationHandle.uasset" 142
"../../../Engine/Content/VREditor/TransformGizmo/Main.uasset" 143
"../../../Engine/Content/VREditor/TransformGizmo/Xray.uasset" 144
"../../../Engine/Content/VREditor/TransformGizmo/SM_Sequencer_Key.uasset" 145
"../../../Engine/Content/VREditor/TransformGizmo/SM_Sequencer_Node.uasset" 146
"../../Plugins/2D/Paper2D/Content/PlaceholderTextures/DummySpriteTexture.uasset" 147
"../../Plugins/2D/Paper2D/Content/DummySprite.uasset" 148
"../../Plugins/2D/Paper2D/Content/DefaultPaperTerrainMaterial.uasset" 149
"../../Plugins/2D/Paper2D/Content/DummySpriteTexture.uasset" 150
"../../Plugins/2D/Paper2D/Content/DefaultSpriteMaterial.uasset" 151
"../../Plugins/2D/Paper2D/Content/MaskedUnlitSpriteMaterial.uasset" 152
"../../Plugins/2D/Paper2D/Content/OpaqueUnlitSpriteMaterial.uasset" 153
"../../Plugins/Runtime/Oculus/OculusVR/Content/OculusMR_RenderTarget.uasset" 154
"../../../Engine/Content/Functions/Engine_MaterialFunctions02/Utility/BreakOutFloat4Components.uasset" 155
"../../../Engine/Content/Functions/Engine_MaterialFunctions02/Utility/MakeFloat2.uasset" 156
"../../../Engine/Content/Functions/Engine_MaterialFunctions02/Utility/MakeFloat3.uasset" 157
"../../Plugins/Runtime/Oculus/OculusVR/Content/Materials/OculusMR_ChromaKey.uasset" 158
"../../Plugins/Runtime/Oculus/OculusVR/Content/Materials/OculusMR_ChromaKey_Lit.uasset" 159
"../../Plugins/Runtime/Oculus/OculusVR/Content/Materials/OculusMR_OpaqueColoredMaterial.uasset" 160
"../../Plugins/Runtime/Oculus/OculusVR/Content/Materials/OculusMR_WhiteMaterial.uasset" 161
"../../Plugins/Runtime/Oculus/OculusVR/Content/Materials/PokeAHoleMaterial.uasset" 162
"../../Plugins/Runtime/Oculus/OculusVR/Content/Textures/GearVRController_AO.uasset" 163
"../../Plugins/Runtime/Oculus/OculusVR/Content/Textures/GearVRController_Color.uasset" 164
"../../Plugins/Runtime/Oculus/OculusVR/Content/Textures/GearVRController_Normal.uasset" 165
"../../Plugins/Runtime/Oculus/OculusVR/Content/Materials/GearVRControllerMaterial.uasset" 166
"../../Plugins/Runtime/Oculus/OculusVR/Content/Meshes/GearVrController.uasset" 167
"../../Plugins/Runtime/Oculus/OculusVR/Content/Textures/touchController_albedo.uasset" 168
"../../Plugins/Runtime/Oculus/OculusVR/Content/Textures/touchController_controlmap.uasset" 169
"../../Plugins/Runtime/Oculus/OculusVR/Content/Materials/touchController_mat.uasset" 170
"../../Plugins/Runtime/Oculus/OculusVR/Content/Meshes/LeftTouchController.uasset" 171
"../../Plugins/Runtime/Oculus/OculusVR/Content/Meshes/RiftHMD.uasset" 172
"../../Plugins/Runtime/Oculus/OculusVR/Content/Meshes/RightTouchController.uasset" 173
"../../../../CrashSite3D/Content/Blueprints/Structs/AccidentRecordInformation.uasset" 174
"../../../../CrashSite3D/Content/Blueprints/Structs/SearchResultInformation.uasset" 175
"../../../../CrashSite3D/Content/Blueprints/BP_Save.uasset" 176
"../../../Engine/Content/EditorBlueprintResources/StandardMacros.uasset" 177
"../../../../CrashSite3D/Content/Blueprints/Libraries/CrashMacros.uasset" 178
"../../../../CrashSite3D/Content/Blueprints/BlueprintInterfaces/BPI_ClickInteraction.uasset" 179
"../../../Engine/Content/BasicShapes/Sphere.uasset" 180
"../../../../CrashSite3D/Content/Blueprints/Enums/CameraStates.uasset" 181
"../../../../CrashSite3D/Content/Blueprints/Enums/ToolSelection.uasset" 182
"../../../../CrashSite3D/Content/Blueprints/Enums/TraceTypes.uasset" 183
"../../../../CrashSite3D/Content/Blueprints/User/Interfaces/GeocoordinatesDisplay.uasset" 184
"../../../../CrashSite3D/Content/Blueprints/User/CrashUser.uasset" 185
"../../../../CrashSite3D/Content/Blueprints/User/Interfaces/AccidentDetailsWindow.uasset" 186
"../../../../CrashSite3D/Content/Blueprints/User/Interfaces/StatSetterLarge.uasset" 187
"../../../../CrashSite3D/Content/Blueprints/User/Interfaces/StatSetterMedium.uasset" 188
"../../../../CrashSite3D/Content/Blueprints/User/Interfaces/StatSetterSmall.uasset" 189
"../../../../CrashSite3D/Content/Blueprints/User/Interfaces/NewAccidentRecordForm.uasset" 190
"../../../../CrashSite3D/Content/Blueprints/User/Interfaces/SearchPanel.uasset" 191
"../../../../CrashSite3D/Content/Blueprints/User/Interfaces/ToolSelectionMenu.uasset" 192
"../../../../CrashSite3D/Content/Blueprints/User/Interfaces/CrashInterface.uasset" 193
"../../../../CrashSite3D/Content/Blueprints/User/CrashHUD.uasset" 194
"../../../../CrashSite3D/Content/Blueprints/Libraries/CrashFunctions.uasset" 195
"../../../../CrashSite3D/Content/Blueprints/User/Interfaces/AccidentDetailsWidget.uasset" 196
"../../../../CrashSite3D/Content/Blueprints/BP_AccidentMarker.uasset" 197
"../../../../CrashSite3D/Content/MelbourneModel/Materials/Mat_BaseColour.uasset" 198
"../../../../CrashSite3D/Content/MelbourneModel/Materials/Mat_Buildings.uasset" 199
"../../../../CrashSite3D/Content/MelbourneModel/Meshes/Melbourne_BolteBridge.uasset" 200
"../../../../CrashSite3D/Content/MelbourneModel/Meshes/Melbourne_LargeBuildingsChunk01.uasset" 201
"../../../../CrashSite3D/Content/MelbourneModel/Meshes/Melbourne_LargeBuildingsChunk02.uasset" 202
"../../../../CrashSite3D/Content/MelbourneModel/Meshes/Melbourne_LargeBuildingsChunk03.uasset" 203
"../../../../CrashSite3D/Content/MelbourneModel/Meshes/Melbourne_LargeBuildingsChunk04.uasset" 204
"../../../../CrashSite3D/Content/MelbourneModel/Meshes/Melbourne_LargeBuildingsChunk05.uasset" 205
"../../../../CrashSite3D/Content/MelbourneModel/Meshes/Melbourne_LargeBuildingsChunk06.uasset" 206
"../../../../CrashSite3D/Content/MelbourneModel/Meshes/Melbourne_LargeBuildingsChunk07.uasset" 207
"../../../../CrashSite3D/Content/MelbourneModel/Meshes/Melbourne_LargeBuildingsChunk08.uasset" 208
"../../../../CrashSite3D/Content/MelbourneModel/Meshes/Melbourne_LargeBuildingsChunk09.uasset" 209
"../../../../CrashSite3D/Content/MelbourneModel/Meshes/Melbourne_LargeBuildingsChunk10.uasset" 210
"../../../../CrashSite3D/Content/MelbourneModel/Materials/Mat_Properties.uasset" 211
"../../../../CrashSite3D/Content/MelbourneModel/Meshes/Melbourne_Properties.uasset" 212
"../../../../CrashSite3D/Content/MelbourneModel/Materials/Mat_Rivers.uasset" 213
"../../../../CrashSite3D/Content/MelbourneModel/Meshes/Melbourne_Rivers.uasset" 214
"../../../../CrashSite3D/Content/MelbourneModel/Meshes/Melbourne_SmallBuildingsChunk01.uasset" 215
"../../../../CrashSite3D/Content/MelbourneModel/Meshes/Melbourne_SmallBuildingsChunk02.uasset" 216
"../../../../CrashSite3D/Content/MelbourneModel/Meshes/Melbourne_SmallBuildingsChunk03.uasset" 217
"../../../../CrashSite3D/Content/MelbourneModel/Meshes/Melbourne_SmallBuildingsChunk04.uasset" 218
"../../../../CrashSite3D/Content/MelbourneModel/Meshes/Melbourne_SmallBuildingsChunk05.uasset" 219
"../../../../CrashSite3D/Content/MelbourneModel/Meshes/Melbourne_SmallBuildingsChunk06.uasset" 220
"../../../../CrashSite3D/Content/MelbourneModel/Meshes/Melbourne_SmallBuildingsChunk07.uasset" 221
"../../../../CrashSite3D/Content/MelbourneModel/Meshes/Melbourne_SmallBuildingsChunk08.uasset" 222
"../../../../CrashSite3D/Content/MelbourneModel/Meshes/Melbourne_SmallBuildingsChunk09.uasset" 223
"../../../../CrashSite3D/Content/MelbourneModel/Meshes/Melbourne_SmallBuildingsChunk10.uasset" 224
"../../../../CrashSite3D/Content/MelbourneModel/Meshes/Melbourne_SmallBuildingsChunk11.uasset" 225
"../../../../CrashSite3D/Content/MelbourneModel/Meshes/Melbourne_SmallBuildingsChunk12.uasset" 226
"../../../../CrashSite3D/Content/MelbourneModel/Meshes/Melbourne_SmallBuildingsChunk13.uasset" 227
"../../../../CrashSite3D/Content/MelbourneModel/Meshes/Melbourne_SmallBuildingsChunk14.uasset" 228
"../../../../CrashSite3D/Content/MelbourneModel/Materials/Mat_Streets.uasset" 229
"../../../../CrashSite3D/Content/MelbourneModel/Meshes/Melbourne_Streets.uasset" 230
"../../../../CrashSite3D/Content/Blueprints/BP_CityModel.uasset" 231
"../../../../CrashSite3D/Content/Blueprints/Libraries/CrashComponentMacros.uasset" 232
"../../../../CrashSite3D/Content/Blueprints/BP_AccidentManager.uasset" 233
"../../../../CrashSite3D/Content/Blueprints/DataTables/AccidentDatabase.uasset" 234
"../../../../CrashSite3D/Content/Blueprints/User/ProgramInstance.uasset" 235
"../../../../CrashSite3D/Content/Blueprints/User/CrashGameMode.uasset" 236
"../../../../CrashSite3D/Content/AccidentMap_BuiltData.uasset" 237
"../../../../CrashSite3D/Content/MelbourneModel/Materials/Mat_Ocean.uasset" 238
"../../../Engine/Content/BasicShapes/Cylinder.uasset" 239
"../../../../CrashSite3D/Content/AccidentMap.umap" 240
"../../../Engine/Content/Maps/Entry_BuiltData.uasset" 241
"../../../Engine/Content/Maps/Entry.umap" 242
