Log file open, 09/06/19 23:41:13
LogWindows: Failed to load 'aqProf.dll' (GetLastError=126)
LogWindows: File 'aqProf.dll' does not exist
LogWindows: Failed to load 'VtuneApi.dll' (GetLastError=126)
LogWindows: File 'VtuneApi.dll' does not exist
LogWindows: Failed to load 'VtuneApi32e.dll' (GetLastError=126)
LogWindows: File 'VtuneApi32e.dll' does not exist
LogConsoleResponse: Display: Failed to find resolution value strings in scalability ini. Falling back to default.
LogInit: Display: Running engine for game: CrashSite3D
LogPakFile: Registered encryption key '00000000000000000000000000000000': 0 pak files mounted, 0 remain pending
LogPlatformFile: Not using cached read wrapper
LogTaskGraph: Started task graph with 5 named threads and 35 total threads with 3 sets of task threads.
LogStats: Stats thread started at 0.562459
LogD3D11RHI: Loaded GFSDK_Aftermath_Lib.x64.dll
LogICUInternationalization: ICU TimeZone Detection - Raw Offset: +10:00, Platform Override: ''
LogPluginManager: Mounting plugin LightPropagationVolume
LogPluginManager: Mounting plugin ActorLayerUtilities
LogPluginManager: Mounting plugin AnimationSharing
LogPluginManager: Mounting plugin CLionSourceCodeAccess
LogPluginManager: Mounting plugin CodeLiteSourceCodeAccess
LogPluginManager: Mounting plugin GitSourceControl
LogPluginManager: Mounting plugin KDevelopSourceCodeAccess
LogPluginManager: Mounting plugin NullSourceCodeAccess
LogPluginManager: Mounting plugin PerforceSourceControl
LogPluginManager: Mounting plugin SubversionSourceControl
LogPluginManager: Mounting plugin VisualStudioCodeSourceCodeAccess
LogPluginManager: Mounting plugin VisualStudioSourceCodeAccess
LogPluginManager: Mounting plugin XCodeSourceCodeAccess
LogPluginManager: Mounting plugin AssetManagerEditor
LogPluginManager: Mounting plugin CryptoKeys
LogPluginManager: Mounting plugin DataValidation
LogPluginManager: Mounting plugin PluginBrowser
LogPluginManager: Mounting plugin SpeedTreeImporter
LogPluginManager: Mounting plugin DatasmithContent
LogPluginManager: Mounting plugin VariantManagerContent
LogPluginManager: Mounting plugin MagicLeap
LogPluginManager: Mounting plugin ActorSequence
LogPluginManager: Mounting plugin LauncherChunkInstaller
LogPluginManager: Mounting plugin CableComponent
LogPluginManager: Mounting plugin CustomMeshComponent
LogPluginManager: Mounting plugin EditableMesh
LogPluginManager: Mounting plugin OculusVR
LogPluginManager: Mounting plugin ProceduralMeshComponent
LogPluginManager: Mounting plugin SignificanceManager
LogPluginManager: Mounting plugin SteamVR
LogInit: Build: ++UE4+Release-4.22-CL-0
LogInit: Engine Version: 4.22.3-0+++UE4+Release-4.22
LogInit: Compatible Engine Version: 4.22.0-0+++UE4+Release-4.22
LogInit: Net CL: 0
LogInit: OS: Windows 10 (Release 1903) (), CPU: Intel(R) Core(TM) i7-8700K CPU @ 3.70GHz, GPU: NVIDIA GeForce GTX 1080 Ti
LogInit: Compiled (64-bit): Sep  2 2019 22:27:50
LogInit: Compiled with Visual C++: 19.16.27031.01
LogInit: Build Configuration: Development
LogInit: Branch Name: ++UE4+Release-4.22
LogInit: Command Line: 
LogInit: Base Directory: F:/Epic Games/UnrealEngine-release/Engine/Binaries/Win64/
LogInit: Installed Engine Build: 0
LogDevObjectVersion: Number of dev versions registered: 23
LogDevObjectVersion:   Dev-Blueprints (B0D832E4-1F89-4F0D-ACCF-7EB736FD4AA2): 10
LogDevObjectVersion:   Dev-Build (E1C64328-A22C-4D53-A36C-8E866417BD8C): 0
LogDevObjectVersion:   Dev-Core (375EC13C-06E4-48FB-B500-84F0262A717E): 3
LogDevObjectVersion:   Dev-Editor (E4B068ED-F494-42E9-A231-DA0B2E46BB41): 30
LogDevObjectVersion:   Dev-Framework (CFFC743F-43B0-4480-9391-14DF171D2073): 35
LogDevObjectVersion:   Dev-Mobile (B02B49B5-BB20-44E9-A304-32B752E40360): 2
LogDevObjectVersion:   Dev-Networking (A4E4105C-59A1-49B5-A7C5-40C4547EDFEE): 0
LogDevObjectVersion:   Dev-Online (39C831C9-5AE6-47DC-9A44-9C173E1C8E7C): 0
LogDevObjectVersion:   Dev-Physics (78F01B33-EBEA-4F98-B9B4-84EACCB95AA2): 0
LogDevObjectVersion:   Dev-Platform (6631380F-2D4D-43E0-8009-CF276956A95A): 0
LogDevObjectVersion:   Dev-Rendering (12F88B9F-8875-4AFC-A67C-D90C383ABD29): 28
LogDevObjectVersion:   Dev-Sequencer (7B5AE74C-D270-4C10-A958-57980B212A5A): 11
LogDevObjectVersion:   Dev-VR (D7296918-1DD6-4BDD-9DE2-64A83CC13884): 2
LogDevObjectVersion:   Dev-LoadTimes (C2A15278-BFE7-4AFE-6C17-90FF531DF755): 1
LogDevObjectVersion:   Private-Geometry (6EACA3D4-40EC-4CC1-B786-8BED09428FC5): 3
LogDevObjectVersion:   Dev-AnimPhys (29E575DD-E0A3-4627-9D10-D276232CDCEA): 17
LogDevObjectVersion:   Dev-Anim (AF43A65D-7FD3-4947-9873-3E8ED9C1BB05): 2
LogDevObjectVersion:   Dev-ReflectionCapture (6B266CEC-1EC7-4B8F-A30B-E4D90942FC07): 1
LogDevObjectVersion:   Dev-Automation (0DF73D61-A23F-47EA-B727-89E90C41499A): 1
LogDevObjectVersion:   FortniteMain (601D1886-AC64-4F84-AA16-D3DE0DEAC7D6): 25
LogDevObjectVersion:   Dev-Enterprise (9DFFBCD6-494F-0158-E221-12823C92A888): 6
LogDevObjectVersion:   Dev-Niagara (F2AED0AC-9AFE-416F-8664-AA7FFA26D6FC): 1
LogDevObjectVersion:   Dev-Destruction (174F1F0B-B4C6-45A5-B13F-2EE8D0FB917D): 2
LogInit: Presizing for max 16777216 objects, including 0 objects not considered by GC, pre-allocating 0 bytes for permanent pool.
LogInit: Object subsystem initialized
LogConfig: Setting CVar [[con.DebugEarlyDefault:1]]
LogConfig: Setting CVar [[r.setres:1280x720]]
[2019.09.06-13.41.13:897][  0]LogConfig: Setting CVar [[r.VSync:0]]
[2019.09.06-13.41.13:897][  0]LogConfig: Setting CVar [[r.RHICmdBypass:0]]
[2019.09.06-13.41.13:897][  0]LogConfig: Applying CVar settings from Section [/Script/Engine.RendererSettings] File [F:/Epic Games/CrashSite3D/Saved/Config/Windows/Engine.ini]
[2019.09.06-13.41.13:897][  0]LogConfig: Setting CVar [[r.GPUCrashDebugging:0]]
[2019.09.06-13.41.13:897][  0]LogConfig: Setting CVar [[r.MobileHDR:1]]
[2019.09.06-13.41.13:897][  0]LogConfig: Setting CVar [[r.Mobile.DisableVertexFog:1]]
[2019.09.06-13.41.13:897][  0]LogConfig: Setting CVar [[r.Shadow.CSM.MaxMobileCascades:2]]
[2019.09.06-13.41.13:897][  0]LogConfig: Setting CVar [[r.MobileMSAA:1]]
[2019.09.06-13.41.13:897][  0]LogConfig: Setting CVar [[r.Mobile.UseLegacyShadingModel:0]]
[2019.09.06-13.41.13:897][  0]LogConfig: Setting CVar [[r.Mobile.UseHWsRGBEncoding:0]]
[2019.09.06-13.41.13:897][  0]LogConfig: Setting CVar [[r.Mobile.AllowDitheredLODTransition:0]]
[2019.09.06-13.41.13:897][  0]LogConfig: Setting CVar [[r.Mobile.AllowSoftwareOcclusion:0]]
[2019.09.06-13.41.13:897][  0]LogConfig: Setting CVar [[r.DiscardUnusedQuality:1]]
[2019.09.06-13.41.13:897][  0]LogConfig: Setting CVar [[r.AllowOcclusionQueries:1]]
[2019.09.06-13.41.13:897][  0]LogConfig: Setting CVar [[r.MinScreenRadiusForLights:0.030000]]
[2019.09.06-13.41.13:897][  0]LogConfig: Setting CVar [[r.MinScreenRadiusForDepthPrepass:0.030000]]
[2019.09.06-13.41.13:897][  0]LogConfig: Setting CVar [[r.MinScreenRadiusForCSMDepth:0.010000]]
[2019.09.06-13.41.13:897][  0]LogConfig: Setting CVar [[r.PrecomputedVisibilityWarning:0]]
[2019.09.06-13.41.13:897][  0]LogConfig: Setting CVar [[r.TextureStreaming:1]]
[2019.09.06-13.41.13:897][  0]LogConfig: Setting CVar [[Compat.UseDXT5NormalMaps:0]]
[2019.09.06-13.41.13:897][  0]LogConfig: Setting CVar [[r.ClearCoatNormal:0]]
[2019.09.06-13.41.13:897][  0]LogConfig: Setting CVar [[r.ReflectionCaptureResolution:128]]
[2019.09.06-13.41.13:897][  0]LogConfig: Setting CVar [[r.ReflectionEnvironmentLightmapMixBasedOnRoughness:1]]
[2019.09.06-13.41.13:897][  0]LogConfig: Setting CVar [[r.ForwardShading:0]]
[2019.09.06-13.41.13:897][  0]LogConfig: Setting CVar [[r.VertexFoggingForOpaque:1]]
[2019.09.06-13.41.13:897][  0]LogConfig: Setting CVar [[r.AllowStaticLighting:0]]
[2019.09.06-13.41.13:897][  0]LogConfig: Setting CVar [[r.NormalMapsForStaticLighting:0]]
[2019.09.06-13.41.13:897][  0]LogConfig: Setting CVar [[r.GenerateMeshDistanceFields:0]]
[2019.09.06-13.41.13:897][  0]LogConfig: Setting CVar [[r.DistanceFieldBuild.EightBit:0]]
[2019.09.06-13.41.13:897][  0]LogConfig: Setting CVar [[r.GenerateLandscapeGIData:0]]
[2019.09.06-13.41.13:897][  0]LogConfig: Setting CVar [[r.DistanceFieldBuild.Compress:0]]
[2019.09.06-13.41.13:897][  0]LogConfig: Setting CVar [[r.TessellationAdaptivePixelsPerTriangle:48.000000]]
[2019.09.06-13.41.13:897][  0]LogConfig: Setting CVar [[r.SeparateTranslucency:1]]
[2019.09.06-13.41.13:897][  0]LogConfig: Setting CVar [[r.TranslucentSortPolicy:0]]
[2019.09.06-13.41.13:897][  0]LogConfig: Setting CVar [[r.CustomDepth:1]]
[2019.09.06-13.41.13:897][  0]LogConfig: Setting CVar [[r.CustomDepthTemporalAAJitter:1]]
[2019.09.06-13.41.13:897][  0]LogConfig: Setting CVar [[r.PostProcessing.PropagateAlpha:0]]
[2019.09.06-13.41.13:897][  0]LogConfig: Setting CVar [[r.DOF.Algorithm:1]]
[2019.09.06-13.41.13:897][  0]LogConfig: Setting CVar [[r.DefaultFeature.Bloom:1]]
[2019.09.06-13.41.13:898][  0]LogConfig: Setting CVar [[r.DefaultFeature.AmbientOcclusion:1]]
[2019.09.06-13.41.13:898][  0]LogConfig: Setting CVar [[r.DefaultFeature.AmbientOcclusionStaticFraction:0]]
[2019.09.06-13.41.13:898][  0]LogConfig: Setting CVar [[r.DefaultFeature.AutoExposure:0]]
[2019.09.06-13.41.13:898][  0]LogConfig: Setting CVar [[r.DefaultFeature.AutoExposure.Method:0]]
[2019.09.06-13.41.13:898][  0]LogConfig: Setting CVar [[r.DefaultFeature.AutoExposure.ExtendDefaultLuminanceRange:1]]
[2019.09.06-13.41.13:898][  0]LogConfig: Setting CVar [[r.UsePreExposure:0]]
[2019.09.06-13.41.13:898][  0]LogConfig: Setting CVar [[r.DefaultFeature.MotionBlur:0]]
[2019.09.06-13.41.13:898][  0]LogConfig: Setting CVar [[r.DefaultFeature.LensFlare:0]]
[2019.09.06-13.41.13:898][  0]LogConfig: Setting CVar [[r.TemporalAA.Upsampling:0]]
[2019.09.06-13.41.13:898][  0]LogConfig: Setting CVar [[r.DefaultFeature.AntiAliasing:0]]
[2019.09.06-13.41.13:898][  0]LogConfig: Setting CVar [[r.DefaultFeature.LightUnits:2]]
[2019.09.06-13.41.13:898][  0]LogConfig: Setting CVar [[r.DefaultBackBufferPixelFormat:4]]
[2019.09.06-13.41.13:898][  0]LogConfig: Setting CVar [[r.Shadow.UnbuiltPreviewInGame:1]]
[2019.09.06-13.41.13:898][  0]LogConfig: Setting CVar [[r.StencilForLODDither:0]]
[2019.09.06-13.41.13:898][  0]LogConfig: Setting CVar [[r.EarlyZPass:3]]
[2019.09.06-13.41.13:898][  0]LogConfig: Setting CVar [[r.EarlyZPassOnlyMaterialMasking:0]]
[2019.09.06-13.41.13:898][  0]LogConfig: Setting CVar [[r.DBuffer:1]]
[2019.09.06-13.41.13:898][  0]LogConfig: Setting CVar [[r.ClearSceneMethod:1]]
[2019.09.06-13.41.13:898][  0]LogConfig: Setting CVar [[r.BasePassOutputsVelocity:0]]
[2019.09.06-13.41.13:898][  0]LogConfig: Setting CVar [[r.SelectiveBasePassOutputs:0]]
[2019.09.06-13.41.13:898][  0]LogConfig: Setting CVar [[fx.GPUSimulationTextureSizeX:1024]]
[2019.09.06-13.41.13:898][  0]LogConfig: Setting CVar [[fx.GPUSimulationTextureSizeY:1024]]
[2019.09.06-13.41.13:898][  0]LogConfig: Setting CVar [[r.AllowGlobalClipPlane:0]]
[2019.09.06-13.41.13:898][  0]LogConfig: Setting CVar [[r.GBufferFormat:1]]
[2019.09.06-13.41.13:898][  0]LogConfig: Setting CVar [[r.MorphTarget.Mode:1]]
[2019.09.06-13.41.13:898][  0]LogConfig: Setting CVar [[vr.InstancedStereo:0]]
[2019.09.06-13.41.13:898][  0]LogConfig: Setting CVar [[vr.MultiView:0]]
[2019.09.06-13.41.13:898][  0]LogConfig: Setting CVar [[vr.MobileMultiView:0]]
[2019.09.06-13.41.13:898][  0]LogConfig: Setting CVar [[vr.MobileMultiView.Direct:0]]
[2019.09.06-13.41.13:898][  0]LogConfig: Setting CVar [[vr.RoundRobinOcclusion:0]]
[2019.09.06-13.41.13:898][  0]LogConfig: Setting CVar [[vr.ODSCapture:0]]
[2019.09.06-13.41.13:898][  0]LogConfig: Setting CVar [[r.WireframeCullThreshold:5.000000]]
[2019.09.06-13.41.13:898][  0]LogConfig: Setting CVar [[r.RayTracing:0]]
[2019.09.06-13.41.13:898][  0]LogConfig: Setting CVar [[r.SupportStationarySkylight:0]]
[2019.09.06-13.41.13:898][  0]LogConfig: Setting CVar [[r.SupportLowQualityLightmaps:0]]
[2019.09.06-13.41.13:898][  0]LogConfig: Setting CVar [[r.SupportPointLightWholeSceneShadows:0]]
[2019.09.06-13.41.13:898][  0]LogConfig: Setting CVar [[r.SupportAtmosphericFog:1]]
[2019.09.06-13.41.13:898][  0]LogConfig: Setting CVar [[r.SkinCache.CompileShaders:0]]
[2019.09.06-13.41.13:899][  0]LogConfig: Setting CVar [[r.Mobile.EnableStaticAndCSMShadowReceivers:0]]
[2019.09.06-13.41.13:899][  0]LogConfig: Setting CVar [[r.Mobile.EnableMovableLightCSMShaderCulling:1]]
[2019.09.06-13.41.13:899][  0]LogConfig: Setting CVar [[r.Mobile.AllowDistanceFieldShadows:0]]
[2019.09.06-13.41.13:899][  0]LogConfig: Setting CVar [[r.Mobile.AllowMovableDirectionalLights:1]]
[2019.09.06-13.41.13:899][  0]LogConfig: Setting CVar [[r.MobileNumDynamicPointLights:0]]
[2019.09.06-13.41.13:899][  0]LogConfig: Setting CVar [[r.MobileDynamicPointLightsUseStaticBranch:0]]
[2019.09.06-13.41.13:899][  0]LogConfig: Setting CVar [[r.Mobile.EnableMovableSpotlights:0]]
[2019.09.06-13.41.13:899][  0]LogConfig: Setting CVar [[r.SkinCache.SceneMemoryLimitInMB:128.000000]]
[2019.09.06-13.41.13:899][  0]LogConfig: Setting CVar [[r.GPUSkin.Limit2BoneInfluences:0]]
[2019.09.06-13.41.13:899][  0]LogConfig: Setting CVar [[r.SupportDepthOnlyIndexBuffers:1]]
[2019.09.06-13.41.13:899][  0]LogConfig: Setting CVar [[r.SupportReversedIndexBuffers:1]]
[2019.09.06-13.41.13:899][  0]LogConfig: Setting CVar [[r.SupportMaterialLayers:0]]
[2019.09.06-13.41.13:899][  0]LogConfig: Applying CVar settings from Section [/Script/Engine.RendererOverrideSettings] File [F:/Epic Games/CrashSite3D/Saved/Config/Windows/Engine.ini]
[2019.09.06-13.41.13:899][  0]LogConfig: Applying CVar settings from Section [/Script/Engine.StreamingSettings] File [F:/Epic Games/CrashSite3D/Saved/Config/Windows/Engine.ini]
[2019.09.06-13.41.13:899][  0]LogConfig: Setting CVar [[s.MinBulkDataSizeForAsyncLoading:131072]]
[2019.09.06-13.41.13:899][  0]LogConfig: Setting CVar [[s.AsyncLoadingThreadEnabled:0]]
[2019.09.06-13.41.13:899][  0]LogConfig: Setting CVar [[s.EventDrivenLoaderEnabled:1]]
[2019.09.06-13.41.13:899][  0]LogConfig: Setting CVar [[s.WarnIfTimeLimitExceeded:0]]
[2019.09.06-13.41.13:899][  0]LogConfig: Setting CVar [[s.TimeLimitExceededMultiplier:1.5]]
[2019.09.06-13.41.13:899][  0]LogConfig: Setting CVar [[s.TimeLimitExceededMinTime:0.005]]
[2019.09.06-13.41.13:899][  0]LogConfig: Setting CVar [[s.UseBackgroundLevelStreaming:1]]
[2019.09.06-13.41.13:899][  0]LogConfig: Setting CVar [[s.PriorityAsyncLoadingExtraTime:15.0]]
[2019.09.06-13.41.13:899][  0]LogConfig: Setting CVar [[s.LevelStreamingActorsUpdateTimeLimit:5.0]]
[2019.09.06-13.41.13:899][  0]LogConfig: Setting CVar [[s.PriorityLevelStreamingActorsUpdateExtraTime:5.0]]
[2019.09.06-13.41.13:899][  0]LogConfig: Setting CVar [[s.LevelStreamingComponentsRegistrationGranularity:10]]
[2019.09.06-13.41.13:899][  0]LogConfig: Setting CVar [[s.UnregisterComponentsTimeLimit:1.0]]
[2019.09.06-13.41.13:899][  0]LogConfig: Setting CVar [[s.LevelStreamingComponentsUnregistrationGranularity:5]]
[2019.09.06-13.41.13:899][  0]LogConfig: Applying CVar settings from Section [/Script/Engine.GarbageCollectionSettings] File [F:/Epic Games/CrashSite3D/Saved/Config/Windows/Engine.ini]
[2019.09.06-13.41.13:899][  0]LogConfig: Setting CVar [[gc.MaxObjectsNotConsideredByGC:1]]
[2019.09.06-13.41.13:899][  0]LogConfig: Setting CVar [[gc.SizeOfPermanentObjectPool:0]]
[2019.09.06-13.41.13:899][  0]LogConfig: Setting CVar [[gc.FlushStreamingOnGC:0]]
[2019.09.06-13.41.13:899][  0]LogConfig: Setting CVar [[gc.NumRetriesBeforeForcingGC:10]]
[2019.09.06-13.41.13:899][  0]LogConfig: Setting CVar [[gc.AllowParallelGC:1]]
[2019.09.06-13.41.13:899][  0]LogConfig: Setting CVar [[gc.TimeBetweenPurgingPendingKillObjects:61.1]]
[2019.09.06-13.41.13:899][  0]LogConfig: Setting CVar [[gc.MaxObjectsInEditor:16777216]]
[2019.09.06-13.41.13:899][  0]LogConfig: Setting CVar [[gc.IncrementalBeginDestroyEnabled:1]]
[2019.09.06-13.41.13:899][  0]LogConfig: Setting CVar [[gc.CreateGCClusters:1]]
[2019.09.06-13.41.13:899][  0]LogConfig: Setting CVar [[gc.MinGCClusterSize:5]]
[2019.09.06-13.41.13:899][  0]LogConfig: Setting CVar [[gc.ActorClusteringEnabled:0]]
[2019.09.06-13.41.13:899][  0]LogConfig: Setting CVar [[gc.BlueprintClusteringEnabled:0]]
[2019.09.06-13.41.13:899][  0]LogConfig: Setting CVar [[gc.UseDisregardForGCOnDedicatedServers:0]]
[2019.09.06-13.41.13:899][  0]LogConfig: Applying CVar settings from Section [/Script/Engine.NetworkSettings] File [F:/Epic Games/CrashSite3D/Saved/Config/Windows/Engine.ini]
[2019.09.06-13.41.13:899][  0]LogConfig: Applying CVar settings from Section [/Script/UnrealEd.CookerSettings] File [F:/Epic Games/CrashSite3D/Saved/Config/Windows/Engine.ini]
[2019.09.06-13.41.13:907][  0]LogConfig: Applying CVar settings from Section [ViewDistanceQuality@3] File [F:/Epic Games/CrashSite3D/Saved/Config/Windows/Scalability.ini]
[2019.09.06-13.41.13:907][  0]LogConfig: Setting CVar [[r.SkeletalMeshLODBias:0]]
[2019.09.06-13.41.13:907][  0]LogConfig: Setting CVar [[r.ViewDistanceScale:1.0]]
[2019.09.06-13.41.13:907][  0]LogConfig: Applying CVar settings from Section [AntiAliasingQuality@3] File [F:/Epic Games/CrashSite3D/Saved/Config/Windows/Scalability.ini]
[2019.09.06-13.41.13:907][  0]LogConfig: Setting CVar [[r.PostProcessAAQuality:4]]
[2019.09.06-13.41.13:907][  0]LogConfig: Applying CVar settings from Section [ShadowQuality@3] File [F:/Epic Games/CrashSite3D/Saved/Config/Windows/Scalability.ini]
[2019.09.06-13.41.13:907][  0]LogConfig: Setting CVar [[r.LightFunctionQuality:1]]
[2019.09.06-13.41.13:907][  0]LogConfig: Setting CVar [[r.ShadowQuality:5]]
[2019.09.06-13.41.13:907][  0]LogConfig: Setting CVar [[r.Shadow.CSM.MaxCascades:10]]
[2019.09.06-13.41.13:907][  0]LogConfig: Setting CVar [[r.Shadow.MaxResolution:2048]]
[2019.09.06-13.41.13:908][  0]LogConfig: Setting CVar [[r.Shadow.MaxCSMResolution:2048]]
[2019.09.06-13.41.13:908][  0]LogConfig: Setting CVar [[r.Shadow.RadiusThreshold:0.01]]
[2019.09.06-13.41.13:908][  0]LogConfig: Setting CVar [[r.Shadow.DistanceScale:1.0]]
[2019.09.06-13.41.13:908][  0]LogConfig: Setting CVar [[r.Shadow.CSM.TransitionScale:1.0]]
[2019.09.06-13.41.13:908][  0]LogConfig: Setting CVar [[r.Shadow.PreShadowResolutionFactor:1.0]]
[2019.09.06-13.41.13:908][  0]LogConfig: Setting CVar [[r.DistanceFieldShadowing:1]]
[2019.09.06-13.41.13:908][  0]LogConfig: Setting CVar [[r.DistanceFieldAO:1]]
[2019.09.06-13.41.13:908][  0]LogConfig: Setting CVar [[r.AOQuality:2]]
[2019.09.06-13.41.13:908][  0]LogConfig: Setting CVar [[r.VolumetricFog:1]]
[2019.09.06-13.41.13:908][  0]LogConfig: Setting CVar [[r.VolumetricFog.GridPixelSize:8]]
[2019.09.06-13.41.13:908][  0]LogConfig: Setting CVar [[r.VolumetricFog.GridSizeZ:128]]
[2019.09.06-13.41.13:908][  0]LogConfig: Setting CVar [[r.VolumetricFog.HistoryMissSupersampleCount:4]]
[2019.09.06-13.41.13:908][  0]LogConfig: Setting CVar [[r.LightMaxDrawDistanceScale:1]]
[2019.09.06-13.41.13:908][  0]LogConfig: Setting CVar [[r.CapsuleShadows:1]]
[2019.09.06-13.41.13:908][  0]LogConfig: Applying CVar settings from Section [PostProcessQuality@3] File [F:/Epic Games/CrashSite3D/Saved/Config/Windows/Scalability.ini]
[2019.09.06-13.41.13:908][  0]LogConfig: Setting CVar [[r.MotionBlurQuality:4]]
[2019.09.06-13.41.13:908][  0]LogConfig: Setting CVar [[r.AmbientOcclusionMipLevelFactor:0.4]]
[2019.09.06-13.41.13:908][  0]LogConfig: Setting CVar [[r.AmbientOcclusionMaxQuality:100]]
[2019.09.06-13.41.13:908][  0]LogConfig: Setting CVar [[r.AmbientOcclusionLevels:-1]]
[2019.09.06-13.41.13:908][  0]LogConfig: Setting CVar [[r.AmbientOcclusionRadiusScale:1.0]]
[2019.09.06-13.41.13:908][  0]LogConfig: Setting CVar [[r.DepthOfFieldQuality:2]]
[2019.09.06-13.41.13:908][  0]LogConfig: Setting CVar [[r.RenderTargetPoolMin:400]]
[2019.09.06-13.41.13:908][  0]LogConfig: Setting CVar [[r.LensFlareQuality:2]]
[2019.09.06-13.41.13:908][  0]LogConfig: Setting CVar [[r.SceneColorFringeQuality:1]]
[2019.09.06-13.41.13:908][  0]LogConfig: Setting CVar [[r.EyeAdaptationQuality:2]]
[2019.09.06-13.41.13:908][  0]LogConfig: Setting CVar [[r.BloomQuality:5]]
[2019.09.06-13.41.13:908][  0]LogConfig: Setting CVar [[r.FastBlurThreshold:100]]
[2019.09.06-13.41.13:908][  0]LogConfig: Setting CVar [[r.Upscale.Quality:3]]
[2019.09.06-13.41.13:908][  0]LogConfig: Setting CVar [[r.Tonemapper.GrainQuantization:1]]
[2019.09.06-13.41.13:908][  0]LogConfig: Setting CVar [[r.LightShaftQuality:1]]
[2019.09.06-13.41.13:908][  0]LogConfig: Setting CVar [[r.Filter.SizeScale:1]]
[2019.09.06-13.41.13:908][  0]LogConfig: Setting CVar [[r.Tonemapper.Quality:5]]
[2019.09.06-13.41.13:908][  0]LogConfig: Setting CVar [[r.DOF.Gather.AccumulatorQuality:1        ; higher gathering accumulator quality]]
[2019.09.06-13.41.13:908][  0]LogConfig: Setting CVar [[r.DOF.Gather.PostfilterMethod:1          ; Median3x3 postfilering method]]
[2019.09.06-13.41.13:908][  0]LogConfig: Setting CVar [[r.DOF.Gather.EnableBokehSettings:0       ; no bokeh simulation when gathering]]
[2019.09.06-13.41.13:908][  0]LogConfig: Setting CVar [[r.DOF.Gather.RingCount:4                 ; medium number of samples when gathering]]
[2019.09.06-13.41.13:908][  0]LogConfig: Setting CVar [[r.DOF.Scatter.ForegroundCompositing:1    ; additive foreground scattering]]
[2019.09.06-13.41.13:908][  0]LogConfig: Setting CVar [[r.DOF.Scatter.BackgroundCompositing:2    ; additive background scattering]]
[2019.09.06-13.41.13:908][  0]LogConfig: Setting CVar [[r.DOF.Scatter.EnableBokehSettings:1      ; bokeh simulation when scattering]]
[2019.09.06-13.41.13:908][  0]LogConfig: Setting CVar [[r.DOF.Scatter.MaxSpriteRatio:0.1         ; only a maximum of 10% of scattered bokeh]]
[2019.09.06-13.41.13:908][  0]LogConfig: Setting CVar [[r.DOF.Recombine.Quality:1                ; cheap slight out of focus]]
[2019.09.06-13.41.13:908][  0]LogConfig: Setting CVar [[r.DOF.Recombine.EnableBokehSettings:0    ; no bokeh simulation on slight out of focus]]
[2019.09.06-13.41.13:908][  0]LogConfig: Setting CVar [[r.DOF.TemporalAAQuality:1                ; more stable temporal accumulation]]
[2019.09.06-13.41.13:908][  0]LogConfig: Setting CVar [[r.DOF.Kernel.MaxForegroundRadius:0.025]]
[2019.09.06-13.41.13:908][  0]LogConfig: Setting CVar [[r.DOF.Kernel.MaxBackgroundRadius:0.025]]
[2019.09.06-13.41.13:908][  0]LogConfig: Applying CVar settings from Section [TextureQuality@3] File [F:/Epic Games/CrashSite3D/Saved/Config/Windows/Scalability.ini]
[2019.09.06-13.41.13:908][  0]LogConfig: Setting CVar [[r.Streaming.MipBias:0]]
[2019.09.06-13.41.13:908][  0]LogConfig: Setting CVar [[r.Streaming.AmortizeCPUToGPUCopy:0]]
[2019.09.06-13.41.13:908][  0]LogConfig: Setting CVar [[r.Streaming.MaxNumTexturesToStreamPerFrame:0]]
[2019.09.06-13.41.13:908][  0]LogConfig: Setting CVar [[r.Streaming.Boost:1]]
[2019.09.06-13.41.13:908][  0]LogConfig: Setting CVar [[r.MaxAnisotropy:8]]
[2019.09.06-13.41.13:908][  0]LogConfig: Setting CVar [[r.Streaming.LimitPoolSizeToVRAM:0]]
[2019.09.06-13.41.13:908][  0]LogConfig: Setting CVar [[r.Streaming.PoolSize:1000]]
[2019.09.06-13.41.13:908][  0]LogConfig: Setting CVar [[r.Streaming.MaxEffectiveScreenSize:0]]
[2019.09.06-13.41.13:908][  0]LogConfig: Applying CVar settings from Section [EffectsQuality@3] File [F:/Epic Games/CrashSite3D/Saved/Config/Windows/Scalability.ini]
[2019.09.06-13.41.13:908][  0]LogConfig: Setting CVar [[r.TranslucencyLightingVolumeDim:64]]
[2019.09.06-13.41.13:908][  0]LogConfig: Setting CVar [[r.RefractionQuality:2]]
[2019.09.06-13.41.13:908][  0]LogConfig: Setting CVar [[r.SSR.Quality:3]]
[2019.09.06-13.41.13:908][  0]LogConfig: Setting CVar [[r.SceneColorFormat:4]]
[2019.09.06-13.41.13:908][  0]LogConfig: Setting CVar [[r.DetailMode:2]]
[2019.09.06-13.41.13:908][  0]LogConfig: Setting CVar [[r.TranslucencyVolumeBlur:1]]
[2019.09.06-13.41.13:908][  0]LogConfig: Setting CVar [[r.MaterialQualityLevel:1 ; High quality]]
[2019.09.06-13.41.13:908][  0]LogConfig: Setting CVar [[r.SSS.Scale:1]]
[2019.09.06-13.41.13:908][  0]LogConfig: Setting CVar [[r.SSS.SampleSet:2]]
[2019.09.06-13.41.13:908][  0]LogConfig: Setting CVar [[r.SSS.Quality:1]]
[2019.09.06-13.41.13:908][  0]LogConfig: Setting CVar [[r.SSS.HalfRes:1]]
[2019.09.06-13.41.13:908][  0]LogConfig: Setting CVar [[r.EmitterSpawnRateScale:1.0]]
[2019.09.06-13.41.13:908][  0]LogConfig: Setting CVar [[r.ParticleLightQuality:2]]
[2019.09.06-13.41.13:908][  0]LogConfig: Applying CVar settings from Section [FoliageQuality@3] File [F:/Epic Games/CrashSite3D/Saved/Config/Windows/Scalability.ini]
[2019.09.06-13.41.13:908][  0]LogConfig: Setting CVar [[foliage.DensityScale:1.0]]
[2019.09.06-13.41.13:908][  0]LogConfig: Setting CVar [[grass.DensityScale:1.0]]
[2019.09.06-13.41.13:909][  0]LogModuleManager: Warning: ModuleManager: Unable to load module 'ExampleDeviceProfileSelector'  - 0 instances of that module name found.
[2019.09.06-13.41.13:909][  0]LogInit: Applying CVar settings loaded from the selected device profile: [Windows]
[2019.09.06-13.41.13:944][  0]LogHAL: Display: Platform has ~ 32 GB [34312450048 / 34359738368 / 32], which maps to Largest [LargestMinGB=32, LargerMinGB=12, DefaultMinGB=8, SmallerMinGB=6, SmallestMinGB=0)
[2019.09.06-13.41.13:944][  0]LogConfig: Setting CVar [[r.Vulkan.UseRealUBs:0		; Required until we fix HLR fall-out]]
[2019.09.06-13.41.13:944][  0]LogInit: Going up to parent DeviceProfile []
[2019.09.06-13.41.13:944][  0]LogConfig: Applying CVar settings from Section [ViewDistanceQuality@3] File [F:/Epic Games/CrashSite3D/Saved/Config/Windows/Scalability.ini]
[2019.09.06-13.41.13:944][  0]LogConfig: Setting CVar [[r.SkeletalMeshLODBias:0]]
[2019.09.06-13.41.13:944][  0]LogConfig: Setting CVar [[r.ViewDistanceScale:1.0]]
[2019.09.06-13.41.13:944][  0]LogConfig: Applying CVar settings from Section [AntiAliasingQuality@3] File [F:/Epic Games/CrashSite3D/Saved/Config/Windows/Scalability.ini]
[2019.09.06-13.41.13:944][  0]LogConfig: Setting CVar [[r.PostProcessAAQuality:4]]
[2019.09.06-13.41.13:944][  0]LogConfig: Applying CVar settings from Section [ShadowQuality@3] File [F:/Epic Games/CrashSite3D/Saved/Config/Windows/Scalability.ini]
[2019.09.06-13.41.13:944][  0]LogConfig: Setting CVar [[r.LightFunctionQuality:1]]
[2019.09.06-13.41.13:944][  0]LogConfig: Setting CVar [[r.ShadowQuality:5]]
[2019.09.06-13.41.13:944][  0]LogConfig: Setting CVar [[r.Shadow.CSM.MaxCascades:10]]
[2019.09.06-13.41.13:944][  0]LogConfig: Setting CVar [[r.Shadow.MaxResolution:2048]]
[2019.09.06-13.41.13:944][  0]LogConfig: Setting CVar [[r.Shadow.MaxCSMResolution:2048]]
[2019.09.06-13.41.13:944][  0]LogConfig: Setting CVar [[r.Shadow.RadiusThreshold:0.01]]
[2019.09.06-13.41.13:944][  0]LogConfig: Setting CVar [[r.Shadow.DistanceScale:1.0]]
[2019.09.06-13.41.13:944][  0]LogConfig: Setting CVar [[r.Shadow.CSM.TransitionScale:1.0]]
[2019.09.06-13.41.13:944][  0]LogConfig: Setting CVar [[r.Shadow.PreShadowResolutionFactor:1.0]]
[2019.09.06-13.41.13:944][  0]LogConfig: Setting CVar [[r.DistanceFieldShadowing:1]]
[2019.09.06-13.41.13:944][  0]LogConfig: Setting CVar [[r.DistanceFieldAO:1]]
[2019.09.06-13.41.13:944][  0]LogConfig: Setting CVar [[r.AOQuality:2]]
[2019.09.06-13.41.13:944][  0]LogConfig: Setting CVar [[r.VolumetricFog:1]]
[2019.09.06-13.41.13:944][  0]LogConfig: Setting CVar [[r.VolumetricFog.GridPixelSize:8]]
[2019.09.06-13.41.13:944][  0]LogConfig: Setting CVar [[r.VolumetricFog.GridSizeZ:128]]
[2019.09.06-13.41.13:944][  0]LogConfig: Setting CVar [[r.VolumetricFog.HistoryMissSupersampleCount:4]]
[2019.09.06-13.41.13:944][  0]LogConfig: Setting CVar [[r.LightMaxDrawDistanceScale:1]]
[2019.09.06-13.41.13:944][  0]LogConfig: Setting CVar [[r.CapsuleShadows:1]]
[2019.09.06-13.41.13:944][  0]LogConfig: Applying CVar settings from Section [PostProcessQuality@3] File [F:/Epic Games/CrashSite3D/Saved/Config/Windows/Scalability.ini]
[2019.09.06-13.41.13:944][  0]LogConfig: Setting CVar [[r.MotionBlurQuality:4]]
[2019.09.06-13.41.13:944][  0]LogConfig: Setting CVar [[r.AmbientOcclusionMipLevelFactor:0.4]]
[2019.09.06-13.41.13:944][  0]LogConfig: Setting CVar [[r.AmbientOcclusionMaxQuality:100]]
[2019.09.06-13.41.13:944][  0]LogConfig: Setting CVar [[r.AmbientOcclusionLevels:-1]]
[2019.09.06-13.41.13:944][  0]LogConfig: Setting CVar [[r.AmbientOcclusionRadiusScale:1.0]]
[2019.09.06-13.41.13:944][  0]LogConfig: Setting CVar [[r.DepthOfFieldQuality:2]]
[2019.09.06-13.41.13:944][  0]LogConfig: Setting CVar [[r.RenderTargetPoolMin:400]]
[2019.09.06-13.41.13:944][  0]LogConfig: Setting CVar [[r.LensFlareQuality:2]]
[2019.09.06-13.41.13:944][  0]LogConfig: Setting CVar [[r.SceneColorFringeQuality:1]]
[2019.09.06-13.41.13:944][  0]LogConfig: Setting CVar [[r.EyeAdaptationQuality:2]]
[2019.09.06-13.41.13:944][  0]LogConfig: Setting CVar [[r.BloomQuality:5]]
[2019.09.06-13.41.13:944][  0]LogConfig: Setting CVar [[r.FastBlurThreshold:100]]
[2019.09.06-13.41.13:944][  0]LogConfig: Setting CVar [[r.Upscale.Quality:3]]
[2019.09.06-13.41.13:944][  0]LogConfig: Setting CVar [[r.Tonemapper.GrainQuantization:1]]
[2019.09.06-13.41.13:944][  0]LogConfig: Setting CVar [[r.LightShaftQuality:1]]
[2019.09.06-13.41.13:944][  0]LogConfig: Setting CVar [[r.Filter.SizeScale:1]]
[2019.09.06-13.41.13:944][  0]LogConfig: Setting CVar [[r.Tonemapper.Quality:5]]
[2019.09.06-13.41.13:944][  0]LogConfig: Setting CVar [[r.DOF.Gather.AccumulatorQuality:1        ; higher gathering accumulator quality]]
[2019.09.06-13.41.13:945][  0]LogConfig: Setting CVar [[r.DOF.Gather.PostfilterMethod:1          ; Median3x3 postfilering method]]
[2019.09.06-13.41.13:945][  0]LogConfig: Setting CVar [[r.DOF.Gather.EnableBokehSettings:0       ; no bokeh simulation when gathering]]
[2019.09.06-13.41.13:945][  0]LogConfig: Setting CVar [[r.DOF.Gather.RingCount:4                 ; medium number of samples when gathering]]
[2019.09.06-13.41.13:945][  0]LogConfig: Setting CVar [[r.DOF.Scatter.ForegroundCompositing:1    ; additive foreground scattering]]
[2019.09.06-13.41.13:945][  0]LogConfig: Setting CVar [[r.DOF.Scatter.BackgroundCompositing:2    ; additive background scattering]]
[2019.09.06-13.41.13:945][  0]LogConfig: Setting CVar [[r.DOF.Scatter.EnableBokehSettings:1      ; bokeh simulation when scattering]]
[2019.09.06-13.41.13:945][  0]LogConfig: Setting CVar [[r.DOF.Scatter.MaxSpriteRatio:0.1         ; only a maximum of 10% of scattered bokeh]]
[2019.09.06-13.41.13:945][  0]LogConfig: Setting CVar [[r.DOF.Recombine.Quality:1                ; cheap slight out of focus]]
[2019.09.06-13.41.13:945][  0]LogConfig: Setting CVar [[r.DOF.Recombine.EnableBokehSettings:0    ; no bokeh simulation on slight out of focus]]
[2019.09.06-13.41.13:945][  0]LogConfig: Setting CVar [[r.DOF.TemporalAAQuality:1                ; more stable temporal accumulation]]
[2019.09.06-13.41.13:945][  0]LogConfig: Setting CVar [[r.DOF.Kernel.MaxForegroundRadius:0.025]]
[2019.09.06-13.41.13:945][  0]LogConfig: Setting CVar [[r.DOF.Kernel.MaxBackgroundRadius:0.025]]
[2019.09.06-13.41.13:945][  0]LogConfig: Applying CVar settings from Section [TextureQuality@3] File [F:/Epic Games/CrashSite3D/Saved/Config/Windows/Scalability.ini]
[2019.09.06-13.41.13:945][  0]LogConfig: Setting CVar [[r.Streaming.MipBias:0]]
[2019.09.06-13.41.13:945][  0]LogConfig: Setting CVar [[r.Streaming.AmortizeCPUToGPUCopy:0]]
[2019.09.06-13.41.13:945][  0]LogConfig: Setting CVar [[r.Streaming.MaxNumTexturesToStreamPerFrame:0]]
[2019.09.06-13.41.13:945][  0]LogConfig: Setting CVar [[r.Streaming.Boost:1]]
[2019.09.06-13.41.13:945][  0]LogConfig: Setting CVar [[r.MaxAnisotropy:8]]
[2019.09.06-13.41.13:945][  0]LogConfig: Setting CVar [[r.Streaming.LimitPoolSizeToVRAM:0]]
[2019.09.06-13.41.13:945][  0]LogConfig: Setting CVar [[r.Streaming.PoolSize:1000]]
[2019.09.06-13.41.13:945][  0]LogConfig: Setting CVar [[r.Streaming.MaxEffectiveScreenSize:0]]
[2019.09.06-13.41.13:945][  0]LogConfig: Applying CVar settings from Section [EffectsQuality@3] File [F:/Epic Games/CrashSite3D/Saved/Config/Windows/Scalability.ini]
[2019.09.06-13.41.13:945][  0]LogConfig: Setting CVar [[r.TranslucencyLightingVolumeDim:64]]
[2019.09.06-13.41.13:945][  0]LogConfig: Setting CVar [[r.RefractionQuality:2]]
[2019.09.06-13.41.13:945][  0]LogConfig: Setting CVar [[r.SSR.Quality:3]]
[2019.09.06-13.41.13:945][  0]LogConfig: Setting CVar [[r.SceneColorFormat:4]]
[2019.09.06-13.41.13:945][  0]LogConfig: Setting CVar [[r.DetailMode:2]]
[2019.09.06-13.41.13:945][  0]LogConfig: Setting CVar [[r.TranslucencyVolumeBlur:1]]
[2019.09.06-13.41.13:945][  0]LogConfig: Setting CVar [[r.MaterialQualityLevel:1 ; High quality]]
[2019.09.06-13.41.13:945][  0]LogConfig: Setting CVar [[r.SSS.Scale:1]]
[2019.09.06-13.41.13:945][  0]LogConfig: Setting CVar [[r.SSS.SampleSet:2]]
[2019.09.06-13.41.13:945][  0]LogConfig: Setting CVar [[r.SSS.Quality:1]]
[2019.09.06-13.41.13:945][  0]LogConfig: Setting CVar [[r.SSS.HalfRes:1]]
[2019.09.06-13.41.13:945][  0]LogConfig: Setting CVar [[r.EmitterSpawnRateScale:1.0]]
[2019.09.06-13.41.13:945][  0]LogConfig: Setting CVar [[r.ParticleLightQuality:2]]
[2019.09.06-13.41.13:945][  0]LogConfig: Applying CVar settings from Section [FoliageQuality@3] File [F:/Epic Games/CrashSite3D/Saved/Config/Windows/Scalability.ini]
[2019.09.06-13.41.13:945][  0]LogConfig: Setting CVar [[foliage.DensityScale:1.0]]
[2019.09.06-13.41.13:945][  0]LogConfig: Setting CVar [[grass.DensityScale:1.0]]
[2019.09.06-13.41.13:945][  0]LogConfig: Applying CVar settings from Section [Startup] File [../../../Engine/Config/ConsoleVariables.ini]
[2019.09.06-13.41.13:949][  0]LogConfig: Setting CVar [[net.UseAdaptiveNetUpdateFrequency:0]]
[2019.09.06-13.41.13:949][  0]LogConfig: Setting CVar [[p.chaos.AllowCreatePhysxBodies:1]]
[2019.09.06-13.41.13:949][  0]LogConfig: Applying CVar settings from Section [ConsoleVariables] File [F:/Epic Games/CrashSite3D/Saved/Config/Windows/Engine.ini]
[2019.09.06-13.41.13:949][  0]LogInit: Computer: GOOLOG-PC
[2019.09.06-13.41.13:949][  0]LogInit: User: Goolog
[2019.09.06-13.41.13:949][  0]LogInit: CPU Page size=4096, Cores=6
[2019.09.06-13.41.13:949][  0]LogInit: High frequency timer resolution =10.000000 MHz
[2019.09.06-13.41.13:949][  0]LogMemory: Memory total: Physical=32.0GB (32GB approx)
[2019.09.06-13.41.13:949][  0]LogMemory: Platform Memory Stats for Windows
[2019.09.06-13.41.13:949][  0]LogMemory: Process Physical Memory: 86.78 MB used, 86.78 MB peak
[2019.09.06-13.41.13:949][  0]LogMemory: Process Virtual Memory: 85.91 MB used, 85.91 MB peak
[2019.09.06-13.41.13:949][  0]LogMemory: Physical Memory: 10269.46 MB used,  22453.45 MB free, 32722.90 MB total
[2019.09.06-13.41.13:949][  0]LogMemory: Virtual Memory: 4644.09 MB used,  134213080.00 MB free, 134217728.00 MB total
[2019.09.06-13.41.14:433][  0]LogInit: Using OS detected language (en-US).
[2019.09.06-13.41.14:433][  0]LogInit: Using OS detected locale (en-AU).
[2019.09.06-13.41.14:433][  0]LogTextLocalizationManager: No specific localization for 'en-US' exists, so the 'en' localization will be used.
[2019.09.06-13.41.14:642][  0]LogInit: Setting process to per monitor DPI aware
[2019.09.06-13.41.14:777][  0]LogSlate: New Slate User Created.  User Index 0, Is Virtual User: 0
[2019.09.06-13.41.14:777][  0]LogSlate: Slate User Registered.  User Index 0, Is Virtual User: 0
[2019.09.06-13.41.16:624][  0]LogHMD: Failed to initialize OpenVR with code 110
[2019.09.06-13.41.16:624][  0]LogD3D11RHI: D3D11 adapters:
[2019.09.06-13.41.16:768][  0]LogD3D11RHI:    0. 'NVIDIA GeForce GTX 1080 Ti' (Feature Level 11_0)
[2019.09.06-13.41.16:768][  0]LogD3D11RHI:       11127/0/16361 MB DedicatedVideo/DedicatedSystem/SharedSystem, Outputs:2, VendorId:0x10de
[2019.09.06-13.41.16:787][  0]LogD3D11RHI:    1. 'Microsoft Basic Render Driver' (Feature Level 11_0)
[2019.09.06-13.41.16:787][  0]LogD3D11RHI:       0/0/16361 MB DedicatedVideo/DedicatedSystem/SharedSystem, Outputs:0, VendorId:0x1414
[2019.09.06-13.41.16:787][  0]LogD3D11RHI: Chosen D3D11 Adapter: 0
[2019.09.06-13.41.16:804][  0]LogD3D11RHI: Creating new Direct3DDevice
[2019.09.06-13.41.16:804][  0]LogD3D11RHI:     GPU DeviceId: 0x1b06 (for the marketing name, search the web for "GPU Device Id")
[2019.09.06-13.41.16:804][  0]LogWindows: EnumDisplayDevices:
[2019.09.06-13.41.16:805][  0]LogWindows:    0. 'NVIDIA GeForce GTX 1080 Ti' (P:1 D:1)
[2019.09.06-13.41.16:805][  0]LogWindows:    1. 'NVIDIA GeForce GTX 1080 Ti' (P:0 D:1)
[2019.09.06-13.41.16:805][  0]LogWindows:    2. 'NVIDIA GeForce GTX 1080 Ti' (P:0 D:0)
[2019.09.06-13.41.16:806][  0]LogWindows:    3. 'NVIDIA GeForce GTX 1080 Ti' (P:0 D:0)
[2019.09.06-13.41.16:806][  0]LogWindows: DebugString: FoundDriverCount:4 
[2019.09.06-13.41.16:806][  0]LogD3D11RHI:     Adapter Name: NVIDIA GeForce GTX 1080 Ti
[2019.09.06-13.41.16:806][  0]LogD3D11RHI:   Driver Version: 436.15 (internal:26.21.14.3615, unified:436.15)
[2019.09.06-13.41.16:806][  0]LogD3D11RHI:      Driver Date: 8-24-2019
[2019.09.06-13.41.16:806][  0]LogRHI: Texture pool is 7788 MB (70% of 11127 MB)
[2019.09.06-13.41.16:914][  0]LogD3D11RHI: Async texture creation enabled
[2019.09.06-13.41.16:928][  0]LogRendererCore: FGlobalReadBuffer::InitRHI
[2019.09.06-13.41.16:929][  0]LogRendererCore: FGlobalReadBuffer::InitRHI
[2019.09.06-13.41.16:929][  0]LogRendererCore: FGlobalReadBuffer::InitRHI
[2019.09.06-13.41.16:936][  0]LogD3D11RHI: GPU Timing Frequency: 1000.000000 (Debug: 2 1)
[2019.09.06-13.41.17:563][  0]LogTemp: Display: Module 'AllDesktopTargetPlatform' loaded TargetPlatform 'AllDesktop'
[2019.09.06-13.41.17:600][  0]LogTemp: Display: Module 'MacClientTargetPlatform' loaded TargetPlatform 'MacClient'
[2019.09.06-13.41.17:638][  0]LogTemp: Display: Module 'MacNoEditorTargetPlatform' loaded TargetPlatform 'MacNoEditor'
[2019.09.06-13.41.17:679][  0]LogTemp: Display: Module 'MacServerTargetPlatform' loaded TargetPlatform 'MacServer'
[2019.09.06-13.41.17:723][  0]LogTemp: Display: Module 'MacTargetPlatform' loaded TargetPlatform 'Mac'
[2019.09.06-13.41.17:762][  0]LogTemp: Display: Module 'WindowsClientTargetPlatform' loaded TargetPlatform 'WindowsClient'
[2019.09.06-13.41.17:806][  0]LogTemp: Display: Module 'WindowsNoEditorTargetPlatform' loaded TargetPlatform 'WindowsNoEditor'
[2019.09.06-13.41.17:846][  0]LogTemp: Display: Module 'WindowsServerTargetPlatform' loaded TargetPlatform 'WindowsServer'
[2019.09.06-13.41.17:876][  0]LogTemp: Display: Module 'WindowsTargetPlatform' loaded TargetPlatform 'Windows'
[2019.09.06-13.41.17:968][  0]LogTemp: Display: Module 'AndroidTargetPlatform' loaded TargetPlatform 'Android'
[2019.09.06-13.41.17:968][  0]LogTemp: Display: Module 'AndroidTargetPlatform' loaded TargetPlatform 'Android_ASTC'
[2019.09.06-13.41.17:968][  0]LogTemp: Display: Module 'AndroidTargetPlatform' loaded TargetPlatform 'Android_ATC'
[2019.09.06-13.41.17:968][  0]LogTemp: Display: Module 'AndroidTargetPlatform' loaded TargetPlatform 'Android_DXT'
[2019.09.06-13.41.17:968][  0]LogTemp: Display: Module 'AndroidTargetPlatform' loaded TargetPlatform 'Android_ETC1'
[2019.09.06-13.41.17:968][  0]LogTemp: Display: Module 'AndroidTargetPlatform' loaded TargetPlatform 'Android_ETC1a'
[2019.09.06-13.41.17:968][  0]LogTemp: Display: Module 'AndroidTargetPlatform' loaded TargetPlatform 'Android_ETC2'
[2019.09.06-13.41.17:968][  0]LogTemp: Display: Module 'AndroidTargetPlatform' loaded TargetPlatform 'Android_PVRTC'
[2019.09.06-13.41.17:968][  0]LogTemp: Display: Module 'AndroidTargetPlatform' loaded TargetPlatform 'AndroidClient'
[2019.09.06-13.41.17:969][  0]LogTemp: Display: Module 'AndroidTargetPlatform' loaded TargetPlatform 'Android_ASTCClient'
[2019.09.06-13.41.17:969][  0]LogTemp: Display: Module 'AndroidTargetPlatform' loaded TargetPlatform 'Android_ATCClient'
[2019.09.06-13.41.17:969][  0]LogTemp: Display: Module 'AndroidTargetPlatform' loaded TargetPlatform 'Android_DXTClient'
[2019.09.06-13.41.17:969][  0]LogTemp: Display: Module 'AndroidTargetPlatform' loaded TargetPlatform 'Android_ETC1Client'
[2019.09.06-13.41.17:969][  0]LogTemp: Display: Module 'AndroidTargetPlatform' loaded TargetPlatform 'Android_ETC1aClient'
[2019.09.06-13.41.17:969][  0]LogTemp: Display: Module 'AndroidTargetPlatform' loaded TargetPlatform 'Android_ETC2Client'
[2019.09.06-13.41.17:969][  0]LogTemp: Display: Module 'AndroidTargetPlatform' loaded TargetPlatform 'Android_PVRTCClient'
[2019.09.06-13.41.17:969][  0]LogTemp: Display: Module 'AndroidTargetPlatform' loaded TargetPlatform 'Android_Multi'
[2019.09.06-13.41.17:969][  0]LogTemp: Display: Module 'AndroidTargetPlatform' loaded TargetPlatform 'Android_MultiClient'
[2019.09.06-13.41.17:987][  0]LogTemp: Display: Module 'HTML5TargetPlatform' loaded TargetPlatform 'HTML5'
[2019.09.06-13.41.18:098][  0]LogInit: WinSock: version 1.1 (2.2), MaxSocks=32767, MaxUdp=65467
[2019.09.06-13.41.18:135][  0]LogTemp: Display: Module 'IOSTargetPlatform' loaded TargetPlatform 'IOSClient'
[2019.09.06-13.41.18:135][  0]LogTemp: Display: Module 'IOSTargetPlatform' loaded TargetPlatform 'IOS'
[2019.09.06-13.41.18:200][  0]LogTemp: Display: Module 'TVOSTargetPlatform' loaded TargetPlatform 'TVOSClient'
[2019.09.06-13.41.18:200][  0]LogTemp: Display: Module 'TVOSTargetPlatform' loaded TargetPlatform 'TVOS'
[2019.09.06-13.41.18:317][  0]LogTemp: Display: Module 'LuminTargetPlatform' loaded TargetPlatform 'Lumin'
[2019.09.06-13.41.18:317][  0]LogTemp: Display: Module 'LuminTargetPlatform' loaded TargetPlatform 'LuminClient'
[2019.09.06-13.41.18:317][  0]LogTargetPlatformManager: Display: Building Assets For Windows
[2019.09.06-13.41.18:486][  0]LogAudioDebug: Display: Lib vorbis DLL was dynamically loaded.
[2019.09.06-13.41.18:965][  0]LogShaderCompilers: Guid format shader working directory is 23 characters bigger than the processId version (../../../../CrashSite3D/Intermediate/Shaders/WorkingDirectory/3912/).
[2019.09.06-13.41.18:966][  0]LogShaderCompilers: Cleaned the shader compiler working directory 'C:/Users/goolo/AppData/Local/Temp/UnrealShaderWorkingDir/7813E3614511FA32C1C450B91737404F/'.
[2019.09.06-13.41.18:975][  0]LogXGEController: Cleaning working directory: C:/Users/goolo/AppData/Local/Temp/UnrealXGEWorkingDir/
[2019.09.06-13.41.18:976][  0]LogXGEController: Cannot use XGE Controller as Incredibuild is not installed on this machine.
[2019.09.06-13.41.18:976][  0]LogShaderCompilers: Cannot use XGE Shader Compiler as Incredibuild is not installed on this machine.
[2019.09.06-13.41.18:976][  0]LogShaderCompilers: Display: Using Local Shader Compiler.
[2019.09.06-13.41.20:998][  0]LogDerivedDataCache: Display: Max Cache Size: 512 MB
[2019.09.06-13.41.21:046][  0]LogDerivedDataCache: Loaded boot cache 0.05s 66MB ../../../../CrashSite3D/DerivedDataCache/Boot.ddc.
[2019.09.06-13.41.21:046][  0]LogDerivedDataCache: Display: Loaded Boot cache: ../../../../CrashSite3D/DerivedDataCache/Boot.ddc
[2019.09.06-13.41.21:046][  0]LogDerivedDataCache: FDerivedDataBackendGraph:  Pak pak cache file ../../../../CrashSite3D/DerivedDataCache/DDC.ddp not found, will not use a pak cache.
[2019.09.06-13.41.21:046][  0]LogDerivedDataCache: Unable to find inner node Pak for hierarchical cache Hierarchy.
[2019.09.06-13.41.21:046][  0]LogDerivedDataCache: FDerivedDataBackendGraph:  EnginePak pak cache file ../../../Engine/DerivedDataCache/DDC.ddp not found, will not use a pak cache.
[2019.09.06-13.41.21:046][  0]LogDerivedDataCache: Unable to find inner node EnginePak for hierarchical cache Hierarchy.
[2019.09.06-13.41.21:121][  0]LogDerivedDataCache: Using Local data cache path ../../../Engine/DerivedDataCache: Writable
[2019.09.06-13.41.21:121][  0]LogDerivedDataCache: Shared data cache path not found in *engine.ini, will not use an Shared cache.
[2019.09.06-13.41.21:121][  0]LogDerivedDataCache: Unable to find inner node Shared for hierarchical cache Hierarchy.
[2019.09.06-13.41.21:141][  0]LogMaterial: Verifying Global Shaders for PCD3D_SM5
[2019.09.06-13.41.21:143][  0]LogSlate: Using FreeType 2.6.0
[2019.09.06-13.41.21:152][  0]LogSlate: SlateFontServices - WITH_FREETYPE: 1, WITH_HARFBUZZ: 1
[2019.09.06-13.41.21:519][  0]LogAssetRegistry: FAssetRegistry took 0.0494 seconds to start up
[2019.09.06-13.41.21:974][  0]LogModuleManager: Warning: ModuleManager: Unable to load module 'ExampleDeviceProfileSelector'  - 0 instances of that module name found.
[2019.09.06-13.41.22:511][  0]LogMeshReduction: Using QuadricMeshReduction for automatic static mesh reduction
[2019.09.06-13.41.22:511][  0]LogMeshReduction: No automatic skeletal mesh reduction module available
[2019.09.06-13.41.22:511][  0]LogMeshReduction: No automatic mesh merging module available
[2019.09.06-13.41.22:511][  0]LogMeshReduction: No distributed automatic mesh merging module available
[2019.09.06-13.41.22:511][  0]LogMeshMerging: No automatic mesh merging module available
[2019.09.06-13.41.22:511][  0]LogMeshMerging: No distributed automatic mesh merging module available
[2019.09.06-13.41.22:537][  0]LogNetVersion: CrashSite3D 1.0.0, NetCL: 0, EngineNetVer: 10, GameNetVer: 0 (Checksum: 852609680)
[2019.09.06-13.41.23:480][  0]LogPackageLocalizationCache: Processed 8 localized package path(s) for 1 prioritized culture(s) in 0.099629 seconds
[2019.09.06-13.41.23:486][  0]LogUObjectArray: 41750 objects as part of root set at end of initial load.
[2019.09.06-13.41.23:486][  0]LogUObjectAllocator: 7217344 out of 0 bytes used by permanent object pool.
[2019.09.06-13.41.23:486][  0]LogUObjectArray: CloseDisregardForGC: 0/0 objects in disregard for GC pool
[2019.09.06-13.41.28:715][  0]SourceControl: Source control is disabled
[2019.09.06-13.41.30:404][  0]LogOcInput: OculusInput pre-init called
[2019.09.06-13.41.33:952][  0]LogLinker: Can't find file '/Script/OnlineSubsystemUtils'
[2019.09.06-13.41.33:952][  0]LogLinker: Can't find file '/Script/OnlineSubsystemUtils'
[2019.09.06-13.41.34:185][  0]LogEngine: Initializing Engine...
[2019.09.06-13.41.34:186][  0]LogHMD: Failed to initialize OpenVR with code 110
[2019.09.06-13.41.34:187][  0]LogStats: UGameplayTagsManager::InitializeManager -  0.000 s
[2019.09.06-13.41.34:519][  0]LogInit: Initializing FReadOnlyCVARCache
[2019.09.06-13.41.34:623][  0]LogAIModule: Creating AISystem for world Untitled
[2019.09.06-13.41.34:704][  0]LogInit: XAudio2 using 'Speakers (Realtek High Definition Audio)' : 2 channels at 48 kHz using 32 bits per sample (channel mask 0x3)
[2019.09.06-13.41.34:891][  0]LogInit: FAudioDevice initialized.
[2019.09.06-13.41.34:891][  0]LogNetVersion: Set ProjectVersion to 1.0.0.0. Version Checksum will be recalculated on next use.
[2019.09.06-13.41.36:689][  0]LogDerivedDataCache: Saved boot cache 1.80s 66MB ../../../../CrashSite3D/DerivedDataCache/Boot.ddc.
[2019.09.06-13.41.36:844][  0]LogInit: Texture streaming: Enabled
[2019.09.06-13.41.37:012][  0]LogInit: Using libcurl 7.55.1-DEV
[2019.09.06-13.41.37:012][  0]LogInit:  - built for x86_64-pc-win32
[2019.09.06-13.41.37:012][  0]LogInit:  - supports SSL with OpenSSL/1.1.1
[2019.09.06-13.41.37:012][  0]LogInit:  - supports HTTP deflate (compression) using libz 1.2.8
[2019.09.06-13.41.37:012][  0]LogInit:  - other features:
[2019.09.06-13.41.37:012][  0]LogInit:      CURL_VERSION_SSL
[2019.09.06-13.41.37:012][  0]LogInit:      CURL_VERSION_LIBZ
[2019.09.06-13.41.37:012][  0]LogInit:      CURL_VERSION_IPV6
[2019.09.06-13.41.37:012][  0]LogInit:      CURL_VERSION_ASYNCHDNS
[2019.09.06-13.41.37:012][  0]LogInit:      CURL_VERSION_LARGEFILE
[2019.09.06-13.41.37:013][  0]LogInit:      CURL_VERSION_IDN
[2019.09.06-13.41.37:013][  0]LogInit:  CurlRequestOptions (configurable via config and command line):
[2019.09.06-13.41.37:013][  0]LogInit:  - bVerifyPeer = true  - Libcurl will verify peer certificate
[2019.09.06-13.41.37:013][  0]LogInit:  - bUseHttpProxy = false  - Libcurl will NOT use HTTP proxy
[2019.09.06-13.41.37:013][  0]LogInit:  - bDontReuseConnections = false  - Libcurl will reuse connections
[2019.09.06-13.41.37:013][  0]LogInit:  - MaxHostConnections = 16  - Libcurl will limit the number of connections to a host
[2019.09.06-13.41.37:013][  0]LogInit:  - LocalHostAddr = Default
[2019.09.06-13.41.37:013][  0]LogInit:  - BufferSize = 65536
[2019.09.06-13.41.37:047][  0]LogEngineSessionManager: EngineSessionManager initialized
[2019.09.06-13.41.37:144][  0]LogInit: Transaction tracking system initialized
[2019.09.06-13.41.37:376][  0]BlueprintLog: New page: Editor Load
[2019.09.06-13.41.38:084][  0]LocalizationService: Localization service is disabled
[2019.09.06-13.41.38:305][  0]LogModuleManager: Warning: ModuleManager: Unable to load module 'TcpMessaging'  - 0 instances of that module name found.
[2019.09.06-13.41.38:409][  0]LogModuleManager: Warning: ModuleManager: Unable to load module 'TcpMessaging'  - 0 instances of that module name found.
[2019.09.06-13.41.39:192][  0]LogFileCache: Scanning file cache for directory 'F:/Epic Games/CrashSite3D/Content/' took 0.02s
[2019.09.06-13.41.39:192][  0]LogCook: Display: Max memory allowance for cook 16384mb min free memory 0mb
[2019.09.06-13.41.39:192][  0]LogCook: Display: Mobile HDR setting 1
[2019.09.06-13.41.39:859][  0]Cmd: MAP LOAD FILE="../../../../CrashSite3D/Content/AccidentMap.umap" TEMPLATE=0 SHOWPROGRESS=1 FEATURELEVEL=3
[2019.09.06-13.41.39:863][  0]LightingResults: New page: Lighting Build
[2019.09.06-13.41.39:879][  0]MapCheck: New page: Map Check
[2019.09.06-13.41.39:879][  0]LightingResults: New page: Lighting Build
[2019.09.06-13.41.39:902][  0]LogUObjectHash: Compacting FUObjectHashTables data took   1.89ms
[2019.09.06-13.41.42:225][  0]LogAIModule: Creating AISystem for world AccidentMap
[2019.09.06-13.41.42:240][  0]LogEditorServer: Finished looking for orphan Actors (0.000 secs)
[2019.09.06-13.41.42:274][  0]LogUObjectHash: Compacting FUObjectHashTables data took   2.35ms
[2019.09.06-13.41.42:274][  0]Cmd: MAP CHECKDEP NOCLEARLOG
[2019.09.06-13.41.42:274][  0]MapCheck: Map check complete: 0 Error(s), 0 Warning(s), took 0.071ms to complete.
[2019.09.06-13.41.42:274][  0]LogFileHelpers: Loading map 'AccidentMap' took 2.416
[2019.09.06-13.41.42:484][  0]LogSlate: Updating window title bar state: overlay mode, drag disabled, window buttons hidden, title bar hidden
[2019.09.06-13.41.42:490][  0]LogSlate: Updating window title bar state: overlay mode, drag disabled, window buttons hidden, title bar hidden
[2019.09.06-13.41.42:499][  0]LogSlate: Updating window title bar state: overlay mode, drag disabled, window buttons hidden, title bar hidden
[2019.09.06-13.41.42:507][  0]LogSlate: Updating window title bar state: overlay mode, drag disabled, window buttons hidden, title bar hidden
[2019.09.06-13.41.42:535][  0]LogCollectionManager: Loaded 0 collections in 0.000977 seconds
[2019.09.06-13.41.42:588][  0]LogFileCache: Scanning file cache for directory 'F:/Epic Games/CrashSite3D/Saved/Collections/' took 0.01s
[2019.09.06-13.41.42:588][  0]LogFileCache: Scanning file cache for directory 'F:/Epic Games/CrashSite3D/Content/Developers/Goolog/Collections/' took 0.01s
[2019.09.06-13.41.42:588][  0]LogFileCache: Scanning file cache for directory 'F:/Epic Games/CrashSite3D/Content/Collections/' took 0.01s
[2019.09.06-13.41.42:588][  0]LogCollectionManager: Rebuilt the GUID cache for 0 collections in 0.000001 seconds
[2019.09.06-13.41.42:598][  0]LogContentBrowser: Native class hierarchy populated in 0.0098 seconds. Added 2530 classes and 506 folders.
[2019.09.06-13.41.42:629][  0]LogContentBrowser: Native class hierarchy updated for 'WidgetCarousel' in 0.0003 seconds. Added 0 classes and 0 folders.
[2019.09.06-13.41.42:640][  0]LogPakFile: Registered encryption key '00000000000000000000000000000000': 0 pak files mounted, 0 remain pending
[2019.09.06-13.41.42:647][  0]LogPakFile: Registered encryption key '00000000000000000000000000000000': 0 pak files mounted, 0 remain pending
[2019.09.06-13.41.42:652][  0]LogPakFile: Registered encryption key '00000000000000000000000000000000': 0 pak files mounted, 0 remain pending
[2019.09.06-13.41.45:658][  0]LogPakFile: Registered encryption key '00000000000000000000000000000000': 0 pak files mounted, 0 remain pending
[2019.09.06-13.41.45:663][  0]LogPakFile: Registered encryption key '00000000000000000000000000000000': 0 pak files mounted, 0 remain pending
[2019.09.06-13.41.45:667][  0]LogPakFile: Registered encryption key '00000000000000000000000000000000': 0 pak files mounted, 0 remain pending
[2019.09.06-13.41.45:673][  0]LogPakFile: Registered encryption key '00000000000000000000000000000000': 0 pak files mounted, 0 remain pending
[2019.09.06-13.41.45:678][  0]LogPakFile: Registered encryption key '00000000000000000000000000000000': 0 pak files mounted, 0 remain pending
[2019.09.06-13.41.45:682][  0]LogPakFile: Registered encryption key '00000000000000000000000000000000': 0 pak files mounted, 0 remain pending
[2019.09.06-13.41.45:687][  0]LogPakFile: Registered encryption key '00000000000000000000000000000000': 0 pak files mounted, 0 remain pending
[2019.09.06-13.41.45:691][  0]LogPakFile: Registered encryption key '00000000000000000000000000000000': 0 pak files mounted, 0 remain pending
[2019.09.06-13.41.45:697][  0]LogPakFile: Registered encryption key '00000000000000000000000000000000': 0 pak files mounted, 0 remain pending
[2019.09.06-13.41.45:701][  0]LogPakFile: Registered encryption key '00000000000000000000000000000000': 0 pak files mounted, 0 remain pending
[2019.09.06-13.41.45:705][  0]LogPakFile: Registered encryption key '00000000000000000000000000000000': 0 pak files mounted, 0 remain pending
[2019.09.06-13.41.45:712][  0]LogPakFile: Registered encryption key '00000000000000000000000000000000': 0 pak files mounted, 0 remain pending
[2019.09.06-13.41.45:717][  0]LogPakFile: Registered encryption key '00000000000000000000000000000000': 0 pak files mounted, 0 remain pending
[2019.09.06-13.41.45:723][  0]LogPakFile: Registered encryption key '00000000000000000000000000000000': 0 pak files mounted, 0 remain pending
[2019.09.06-13.41.45:728][  0]LogPakFile: Registered encryption key '00000000000000000000000000000000': 0 pak files mounted, 0 remain pending
[2019.09.06-13.41.45:732][  0]LogPakFile: Registered encryption key '00000000000000000000000000000000': 0 pak files mounted, 0 remain pending
[2019.09.06-13.41.45:738][  0]LogPakFile: Registered encryption key '00000000000000000000000000000000': 0 pak files mounted, 0 remain pending
[2019.09.06-13.41.45:744][  0]LogPakFile: Registered encryption key '00000000000000000000000000000000': 0 pak files mounted, 0 remain pending
[2019.09.06-13.41.45:748][  0]LogPakFile: Registered encryption key '00000000000000000000000000000000': 0 pak files mounted, 0 remain pending
[2019.09.06-13.41.45:754][  0]LogPakFile: Registered encryption key '00000000000000000000000000000000': 0 pak files mounted, 0 remain pending
[2019.09.06-13.41.45:759][  0]LogPakFile: Registered encryption key '00000000000000000000000000000000': 0 pak files mounted, 0 remain pending
[2019.09.06-13.41.45:764][  0]LogPakFile: Registered encryption key '00000000000000000000000000000000': 0 pak files mounted, 0 remain pending
[2019.09.06-13.41.45:769][  0]LogPakFile: Registered encryption key '00000000000000000000000000000000': 0 pak files mounted, 0 remain pending
[2019.09.06-13.41.45:942][  0]LogContentBrowser: Native class hierarchy updated for 'AddContentDialog' in 0.0002 seconds. Added 0 classes and 0 folders.
[2019.09.06-13.41.45:976][  0]LogContentBrowser: Native class hierarchy updated for 'SceneOutliner' in 0.0003 seconds. Added 1 classes and 2 folders.
[2019.09.06-13.41.45:997][  0]LogSlate: Took 0.003103 seconds to synchronously load lazily loaded font '../../../Engine/Content/Slate/Fonts/Roboto-Regular.ttf' (155K)
[2019.09.06-13.41.46:002][  0]LogSlate: Took 0.003035 seconds to synchronously load lazily loaded font '../../../Engine/Content/Slate/Fonts/Roboto-Bold.ttf' (160K)
[2019.09.06-13.41.46:010][  0]LogSlate: Took 0.003296 seconds to synchronously load lazily loaded font '../../../Engine/Content/Editor/Slate/Fonts/FontAwesome.ttf' (139K)
[2019.09.06-13.41.46:119][  0]LogRenderer: Reallocating scene render targets to support 1208x572 Format 10 NumSamples 1 (Frame:1).
[2019.09.06-13.41.46:277][  0]LogContentBrowser: Native class hierarchy updated for 'HierarchicalLODOutliner' in 0.0004 seconds. Added 0 classes and 0 folders.
[2019.09.06-13.41.46:278][  0]LogLoad: (Engine Initialization) Total time: 36.59 seconds
[2019.09.06-13.41.46:278][  0]LogLoad: (Engine Initialization) Total Blueprint compile time: 0.00 seconds
[2019.09.06-13.41.46:315][  0]LogAssetRegistry: Asset discovery search completed in 24.8196 seconds
[2019.09.06-13.41.46:317][  0]LogCollectionManager: Rebuilt the object cache for 0 collections in 0.000000 seconds (found 0 objects)
[2019.09.06-13.41.46:317][  0]LogCollectionManager: Fixed up redirectors for 0 collections in 0.000045 seconds (updated 0 objects)
[2019.09.06-13.41.46:318][  0]LogContentStreaming: Texture pool size now 1000 MB
[2019.09.06-13.41.52:525][718]LogSlate: FSceneViewport::OnFocusLost() reason 2
[2019.09.06-13.41.55:792][107]SourceControl: fatal: F:/Epic Games/UnrealEngine-release/Engine/Content: 'F:/Epic Games/UnrealEngine-release/Engine/Content' is outside repository
[2019.09.06-13.41.55:867][107]LogFileHelpers: Warning: FilenameToLongPackageName failed to convert '../../../Engine/Plugins/2D/Paper2D/Content/DefaultLitSpriteMaterial.uasset'. Attempt result was '../../../Engine/Plugins/2D/Paper2D/Content/DefaultLitSpriteMaterial', but the path contains illegal characters '.'
[2019.09.06-13.41.55:867][107]LogFileHelpers: Warning: FilenameToLongPackageName failed to convert '../../../Engine/Plugins/2D/Paper2D/Content/DefaultPaperTerrainMaterial.uasset'. Attempt result was '../../../Engine/Plugins/2D/Paper2D/Content/DefaultPaperTerrainMaterial', but the path contains illegal characters '.'
[2019.09.06-13.41.55:867][107]LogFileHelpers: Warning: FilenameToLongPackageName failed to convert '../../../Engine/Plugins/2D/Paper2D/Content/DefaultSpriteMaterial.uasset'. Attempt result was '../../../Engine/Plugins/2D/Paper2D/Content/DefaultSpriteMaterial', but the path contains illegal characters '.'
[2019.09.06-13.41.55:867][107]LogFileHelpers: Warning: FilenameToLongPackageName failed to convert '../../../Engine/Plugins/2D/Paper2D/Content/DummySprite.uasset'. Attempt result was '../../../Engine/Plugins/2D/Paper2D/Content/DummySprite', but the path contains illegal characters '.'
[2019.09.06-13.41.55:867][107]LogFileHelpers: Warning: FilenameToLongPackageName failed to convert '../../../Engine/Plugins/2D/Paper2D/Content/DummySpriteTexture.uasset'. Attempt result was '../../../Engine/Plugins/2D/Paper2D/Content/DummySpriteTexture', but the path contains illegal characters '.'
[2019.09.06-13.41.55:867][107]LogFileHelpers: Warning: FilenameToLongPackageName failed to convert '../../../Engine/Plugins/2D/Paper2D/Content/MaskedLitSpriteMaterial.uasset'. Attempt result was '../../../Engine/Plugins/2D/Paper2D/Content/MaskedLitSpriteMaterial', but the path contains illegal characters '.'
[2019.09.06-13.41.55:867][107]LogFileHelpers: Warning: FilenameToLongPackageName failed to convert '../../../Engine/Plugins/2D/Paper2D/Content/MaskedUnlitSpriteMaterial.uasset'. Attempt result was '../../../Engine/Plugins/2D/Paper2D/Content/MaskedUnlitSpriteMaterial', but the path contains illegal characters '.'
[2019.09.06-13.41.55:867][107]LogFileHelpers: Warning: FilenameToLongPackageName failed to convert '../../../Engine/Plugins/2D/Paper2D/Content/OpaqueLitSpriteMaterial.uasset'. Attempt result was '../../../Engine/Plugins/2D/Paper2D/Content/OpaqueLitSpriteMaterial', but the path contains illegal characters '.'
[2019.09.06-13.41.55:867][107]LogFileHelpers: Warning: FilenameToLongPackageName failed to convert '../../../Engine/Plugins/2D/Paper2D/Content/OpaqueUnlitSpriteMaterial.uasset'. Attempt result was '../../../Engine/Plugins/2D/Paper2D/Content/OpaqueUnlitSpriteMaterial', but the path contains illegal characters '.'
[2019.09.06-13.41.55:867][107]LogFileHelpers: Warning: FilenameToLongPackageName failed to convert '../../../Engine/Plugins/2D/Paper2D/Content/TranslucentLitSpriteMaterial.uasset'. Attempt result was '../../../Engine/Plugins/2D/Paper2D/Content/TranslucentLitSpriteMaterial', but the path contains illegal characters '.'
[2019.09.06-13.41.55:868][107]LogFileHelpers: Warning: FilenameToLongPackageName failed to convert '../../../Engine/Plugins/2D/Paper2D/Content/TranslucentUnlitSpriteMaterial.uasset'. Attempt result was '../../../Engine/Plugins/2D/Paper2D/Content/TranslucentUnlitSpriteMaterial', but the path contains illegal characters '.'
[2019.09.06-13.41.55:868][107]LogFileHelpers: Warning: FilenameToLongPackageName failed to convert '../../../Engine/Plugins/2D/Paper2D/Content/PlaceholderTextures/DummySpriteTexture.uasset'. Attempt result was '../../../Engine/Plugins/2D/Paper2D/Content/PlaceholderTextures/DummySpriteTexture', but the path contains illegal characters '.'
[2019.09.06-13.41.55:868][107]LogFileHelpers: Warning: FilenameToLongPackageName failed to convert '../../../Engine/Plugins/2D/Paper2D/Content/PlaceholderTextures/FlatNormalMap.uasset'. Attempt result was '../../../Engine/Plugins/2D/Paper2D/Content/PlaceholderTextures/FlatNormalMap', but the path contains illegal characters '.'
[2019.09.06-13.41.55:869][107]LogFileHelpers: Warning: FilenameToLongPackageName failed to convert '../../../Engine/Plugins/Media/MediaCompositing/Content/DefaultMediaPlaneMaterial.uasset'. Attempt result was '../../../Engine/Plugins/Media/MediaCompositing/Content/DefaultMediaPlaneMaterial', but the path contains illegal characters '.'
[2019.09.06-13.41.55:869][107]LogFileHelpers: Warning: FilenameToLongPackageName failed to convert '../../../Engine/Plugins/Media/MediaCompositing/Content/DefaultMediaPlaneTexture.uasset'. Attempt result was '../../../Engine/Plugins/Media/MediaCompositing/Content/DefaultMediaPlaneTexture', but the path contains illegal characters '.'
[2019.09.06-13.41.55:870][107]LogFileHelpers: Warning: FilenameToLongPackageName failed to convert '../../../Engine/Plugins/Runtime/SunPosition/Content/BP_SunPosition.uasset'. Attempt result was '../../../Engine/Plugins/Runtime/SunPosition/Content/BP_SunPosition', but the path contains illegal characters '.'
[2019.09.06-13.41.55:870][107]LogFileHelpers: Warning: FilenameToLongPackageName failed to convert '../../../Engine/Plugins/Runtime/SunPosition/Content/Editor/M_Compass.uasset'. Attempt result was '../../../Engine/Plugins/Runtime/SunPosition/Content/Editor/M_Compass', but the path contains illegal characters '.'
[2019.09.06-13.41.55:870][107]LogFileHelpers: Warning: FilenameToLongPackageName failed to convert '../../../Engine/Plugins/Runtime/SunPosition/Content/Editor/T_Compass.uasset'. Attempt result was '../../../Engine/Plugins/Runtime/SunPosition/Content/Editor/T_Compass', but the path contains illegal characters '.'
[2019.09.06-13.42.14:961][107]LogSlate: Window 'Submit Files' being destroyed
[2019.09.06-13.42.21:789][107]LogSourceControl: commit successful: [master 4b744d1] Final Commit
[2019.09.06-13.42.22:205][107]SourceControl: [master 4b744d1] Final Commit
[2019.09.06-13.42.22:205][107]SourceControl:  2 files changed, 5 insertions(+), 2 deletions(-)
[2019.09.06-13.42.22:209][107]SourceControl: Commited [master 4b744d1] Final Commit.
