Log file open, 08/04/19 17:22:09
LogWindows: Failed to load 'aqProf.dll' (GetLastError=126)
LogWindows: File 'aqProf.dll' does not exist
LogWindows: Failed to load 'VtuneApi.dll' (GetLastError=126)
LogWindows: File 'VtuneApi.dll' does not exist
LogWindows: Failed to load 'VtuneApi32e.dll' (GetLastError=126)
LogWindows: File 'VtuneApi32e.dll' does not exist
LogConsoleResponse: Display: Failed to find resolution value strings in scalability ini. Falling back to default.
LogInit: Display: Running engine for game: CrashSite3D
LogPakFile: Registered encryption key '00000000000000000000000000000000': 0 pak files mounted, 0 remain pending
LogPlatformFile: Not using cached read wrapper
LogTaskGraph: Started task graph with 5 named threads and 35 total threads with 3 sets of task threads.
LogStats: Stats thread started at 0.521516
LogD3D11RHI: Loaded GFSDK_Aftermath_Lib.x64.dll
LogICUInternationalization: ICU TimeZone Detection - Raw Offset: +10:00, Platform Override: ''
LogPluginManager: Mounting plugin Paper2D
LogPluginManager: Mounting plugin AISupport
LogPluginManager: Mounting plugin LightPropagationVolume
LogPluginManager: Mounting plugin ActorLayerUtilities
LogPluginManager: Mounting plugin AnimationSharing
LogPluginManager: Mounting plugin CLionSourceCodeAccess
LogPluginManager: Mounting plugin CodeLiteSourceCodeAccess
LogPluginManager: Mounting plugin GitSourceControl
LogPluginManager: Mounting plugin KDevelopSourceCodeAccess
LogPluginManager: Mounting plugin NullSourceCodeAccess
LogPluginManager: Mounting plugin PerforceSourceControl
LogPluginManager: Mounting plugin SubversionSourceControl
LogPluginManager: Mounting plugin UObjectPlugin
LogPluginManager: Mounting plugin VisualStudioCodeSourceCodeAccess
LogPluginManager: Mounting plugin VisualStudioSourceCodeAccess
LogPluginManager: Mounting plugin XCodeSourceCodeAccess
LogPluginManager: Mounting plugin AssetManagerEditor
LogPluginManager: Mounting plugin CryptoKeys
LogPluginManager: Mounting plugin DataValidation
LogPluginManager: Mounting plugin FacialAnimation
LogPluginManager: Mounting plugin GameplayTagsEditor
LogPluginManager: Mounting plugin MacGraphicsSwitching
LogPluginManager: Mounting plugin MaterialAnalyzer
LogPluginManager: Mounting plugin MobileLauncherProfileWizard
LogPluginManager: Mounting plugin PluginBrowser
LogPluginManager: Mounting plugin SpeedTreeImporter
LogPluginManager: Mounting plugin DatasmithContent
LogPluginManager: Mounting plugin VariantManagerContent
LogPluginManager: Mounting plugin AlembicImporter
LogPluginManager: Mounting plugin AppleImageUtils
LogPluginManager: Mounting plugin AppleVision
LogPluginManager: Mounting plugin BackChannel
LogPluginManager: Mounting plugin CharacterAI
LogPluginManager: Mounting plugin GeometryCache
LogPluginManager: Mounting plugin HTML5Networking
LogPluginManager: Mounting plugin ProxyLODPlugin
LogPluginManager: Mounting plugin SkeletalReduction
LogPluginManager: Mounting plugin MagicLeap
LogPluginManager: Mounting plugin MagicLeapMedia
LogPluginManager: Mounting plugin AndroidMedia
LogPluginManager: Mounting plugin AvfMedia
LogPluginManager: Mounting plugin ImgMedia
LogPluginManager: Mounting plugin LinearTimecode
LogPluginManager: Mounting plugin MediaCompositing
LogPluginManager: Mounting plugin MediaPlayerEditor
LogPluginManager: Mounting plugin WebMMedia
LogPluginManager: Mounting plugin WmfMedia
LogPluginManager: Mounting plugin TcpMessaging
LogPluginManager: Mounting plugin UdpMessaging
LogPluginManager: Mounting plugin ActorSequence
LogPluginManager: Mounting plugin LevelSequenceEditor
LogPluginManager: Mounting plugin MatineeToLevelSequence
LogPluginManager: Mounting plugin NetcodeUnitTest
LogPluginManager: Mounting plugin NUTUnrealEngine4
LogPluginManager: Mounting plugin OnlineSubsystemGooglePlay
LogPluginManager: Mounting plugin OnlineSubsystemIOS
LogPluginManager: Mounting plugin OnlineSubsystem
LogPluginManager: Mounting plugin OnlineSubsystemNull
LogPluginManager: Mounting plugin OnlineSubsystemUtils
LogPluginManager: Mounting plugin LauncherChunkInstaller
LogPluginManager: Mounting plugin AndroidDeviceProfileSelector
LogPluginManager: Mounting plugin AndroidMoviePlayer
LogPluginManager: Mounting plugin AndroidPermission
LogPluginManager: Mounting plugin AppleMoviePlayer
LogPluginManager: Mounting plugin ArchVisCharacter
LogPluginManager: Mounting plugin AudioCapture
LogPluginManager: Mounting plugin CableComponent
LogPluginManager: Mounting plugin CustomMeshComponent
LogPluginManager: Mounting plugin EditableMesh
LogPluginManager: Mounting plugin ExampleDeviceProfileSelector
LogPluginManager: Mounting plugin Firebase
LogPluginManager: Mounting plugin GoogleCloudMessaging
LogPluginManager: Mounting plugin IOSDeviceProfileSelector
LogPluginManager: Mounting plugin LinuxDeviceProfileSelector
LogPluginManager: Mounting plugin LocationServicesBPLibrary
LogPluginManager: Mounting plugin MobilePatchingUtils
LogPluginManager: Mounting plugin OculusVR
LogPluginManager: Mounting plugin PhysXVehicles
LogPluginManager: Mounting plugin ProceduralMeshComponent
LogPluginManager: Mounting plugin RuntimePhysXCooking
LogPluginManager: Mounting plugin SignificanceManager
LogPluginManager: Mounting plugin SteamVR
LogPluginManager: Mounting plugin SunPosition
LogPluginManager: Mounting plugin WebMMoviePlayer
LogPluginManager: Mounting plugin WindowsMoviePlayer
LogPluginManager: Mounting plugin AutoSizeComments
LogInit: Using libcurl 7.55.1-DEV
LogInit:  - built for x86_64-pc-win32
LogInit:  - supports SSL with OpenSSL/1.1.1
LogInit:  - supports HTTP deflate (compression) using libz 1.2.8
LogInit:  - other features:
LogInit:      CURL_VERSION_SSL
LogInit:      CURL_VERSION_LIBZ
LogInit:      CURL_VERSION_IPV6
LogInit:      CURL_VERSION_ASYNCHDNS
LogInit:      CURL_VERSION_LARGEFILE
LogInit:      CURL_VERSION_IDN
LogInit:  CurlRequestOptions (configurable via config and command line):
LogInit:  - bVerifyPeer = true  - Libcurl will verify peer certificate
LogInit:  - bUseHttpProxy = false  - Libcurl will NOT use HTTP proxy
LogInit:  - bDontReuseConnections = false  - Libcurl will reuse connections
LogInit:  - MaxHostConnections = 16  - Libcurl will limit the number of connections to a host
LogInit:  - LocalHostAddr = Default
LogInit:  - BufferSize = 65536
LogInit: WinSock: version 1.1 (2.2), MaxSocks=32767, MaxUdp=65467
LogInit: Build: ++UE4+Release-4.22-CL-0
LogInit: Engine Version: 4.22.3-0+++UE4+Release-4.22
LogInit: Compatible Engine Version: 4.22.0-0+++UE4+Release-4.22
LogInit: Net CL: 0
LogInit: OS: Windows 10 (Release 1903) (), CPU: Intel(R) Core(TM) i7-8700K CPU @ 3.70GHz, GPU: NVIDIA GeForce GTX 1080 Ti
LogInit: Compiled (64-bit): Jul 26 2019 07:35:40
LogInit: Compiled with Visual C++: 19.16.27031.01
LogInit: Build Configuration: Development
LogInit: Branch Name: ++UE4+Release-4.22
LogInit: Command Line: 
LogInit: Base Directory: F:/Epic Games/UnrealEngine/Engine/Binaries/Win64/
LogInit: Installed Engine Build: 0
LogDevObjectVersion: Number of dev versions registered: 23
LogDevObjectVersion:   Dev-Blueprints (B0D832E4-1F89-4F0D-ACCF-7EB736FD4AA2): 10
LogDevObjectVersion:   Dev-Build (E1C64328-A22C-4D53-A36C-8E866417BD8C): 0
LogDevObjectVersion:   Dev-Core (375EC13C-06E4-48FB-B500-84F0262A717E): 3
LogDevObjectVersion:   Dev-Editor (E4B068ED-F494-42E9-A231-DA0B2E46BB41): 30
LogDevObjectVersion:   Dev-Framework (CFFC743F-43B0-4480-9391-14DF171D2073): 35
LogDevObjectVersion:   Dev-Mobile (B02B49B5-BB20-44E9-A304-32B752E40360): 2
LogDevObjectVersion:   Dev-Networking (A4E4105C-59A1-49B5-A7C5-40C4547EDFEE): 0
LogDevObjectVersion:   Dev-Online (39C831C9-5AE6-47DC-9A44-9C173E1C8E7C): 0
LogDevObjectVersion:   Dev-Physics (78F01B33-EBEA-4F98-B9B4-84EACCB95AA2): 0
LogDevObjectVersion:   Dev-Platform (6631380F-2D4D-43E0-8009-CF276956A95A): 0
LogDevObjectVersion:   Dev-Rendering (12F88B9F-8875-4AFC-A67C-D90C383ABD29): 28
LogDevObjectVersion:   Dev-Sequencer (7B5AE74C-D270-4C10-A958-57980B212A5A): 11
LogDevObjectVersion:   Dev-VR (D7296918-1DD6-4BDD-9DE2-64A83CC13884): 2
LogDevObjectVersion:   Dev-LoadTimes (C2A15278-BFE7-4AFE-6C17-90FF531DF755): 1
LogDevObjectVersion:   Private-Geometry (6EACA3D4-40EC-4CC1-B786-8BED09428FC5): 3
LogDevObjectVersion:   Dev-AnimPhys (29E575DD-E0A3-4627-9D10-D276232CDCEA): 17
LogDevObjectVersion:   Dev-Anim (AF43A65D-7FD3-4947-9873-3E8ED9C1BB05): 2
LogDevObjectVersion:   Dev-ReflectionCapture (6B266CEC-1EC7-4B8F-A30B-E4D90942FC07): 1
LogDevObjectVersion:   Dev-Automation (0DF73D61-A23F-47EA-B727-89E90C41499A): 1
LogDevObjectVersion:   FortniteMain (601D1886-AC64-4F84-AA16-D3DE0DEAC7D6): 25
LogDevObjectVersion:   Dev-Enterprise (9DFFBCD6-494F-0158-E221-12823C92A888): 6
LogDevObjectVersion:   Dev-Niagara (F2AED0AC-9AFE-416F-8664-AA7FFA26D6FC): 1
LogDevObjectVersion:   Dev-Destruction (174F1F0B-B4C6-45A5-B13F-2EE8D0FB917D): 2
LogInit: Presizing for max 16777216 objects, including 0 objects not considered by GC, pre-allocating 0 bytes for permanent pool.
LogInit: Object subsystem initialized
LogConfig: Setting CVar [[con.DebugEarlyDefault:1]]
LogConfig: Setting CVar [[r.setres:1280x720]]
[2019.08.04-07.22.10:943][  0]LogConfig: Setting CVar [[r.VSync:0]]
[2019.08.04-07.22.10:943][  0]LogConfig: Setting CVar [[r.RHICmdBypass:0]]
[2019.08.04-07.22.10:943][  0]LogConfig: Applying CVar settings from Section [/Script/Engine.RendererSettings] File [F:/Epic Games/CrashSite3D/Saved/Config/Windows/Engine.ini]
[2019.08.04-07.22.10:943][  0]LogConfig: Setting CVar [[r.GPUCrashDebugging:0]]
[2019.08.04-07.22.10:943][  0]LogConfig: Setting CVar [[r.MobileHDR:1]]
[2019.08.04-07.22.10:943][  0]LogConfig: Setting CVar [[r.Mobile.DisableVertexFog:1]]
[2019.08.04-07.22.10:943][  0]LogConfig: Setting CVar [[r.Shadow.CSM.MaxMobileCascades:2]]
[2019.08.04-07.22.10:943][  0]LogConfig: Setting CVar [[r.MobileMSAA:1]]
[2019.08.04-07.22.10:943][  0]LogConfig: Setting CVar [[r.Mobile.UseLegacyShadingModel:0]]
[2019.08.04-07.22.10:943][  0]LogConfig: Setting CVar [[r.Mobile.UseHWsRGBEncoding:0]]
[2019.08.04-07.22.10:943][  0]LogConfig: Setting CVar [[r.Mobile.AllowDitheredLODTransition:0]]
[2019.08.04-07.22.10:943][  0]LogConfig: Setting CVar [[r.Mobile.AllowSoftwareOcclusion:0]]
[2019.08.04-07.22.10:943][  0]LogConfig: Setting CVar [[r.DiscardUnusedQuality:1]]
[2019.08.04-07.22.10:943][  0]LogConfig: Setting CVar [[r.AllowOcclusionQueries:1]]
[2019.08.04-07.22.10:943][  0]LogConfig: Setting CVar [[r.MinScreenRadiusForLights:0.030000]]
[2019.08.04-07.22.10:944][  0]LogConfig: Setting CVar [[r.MinScreenRadiusForDepthPrepass:0.030000]]
[2019.08.04-07.22.10:944][  0]LogConfig: Setting CVar [[r.MinScreenRadiusForCSMDepth:0.010000]]
[2019.08.04-07.22.10:944][  0]LogConfig: Setting CVar [[r.PrecomputedVisibilityWarning:0]]
[2019.08.04-07.22.10:944][  0]LogConfig: Setting CVar [[r.TextureStreaming:1]]
[2019.08.04-07.22.10:944][  0]LogConfig: Setting CVar [[Compat.UseDXT5NormalMaps:0]]
[2019.08.04-07.22.10:944][  0]LogConfig: Setting CVar [[r.ClearCoatNormal:0]]
[2019.08.04-07.22.10:944][  0]LogConfig: Setting CVar [[r.ReflectionCaptureResolution:128]]
[2019.08.04-07.22.10:944][  0]LogConfig: Setting CVar [[r.ReflectionEnvironmentLightmapMixBasedOnRoughness:1]]
[2019.08.04-07.22.10:944][  0]LogConfig: Setting CVar [[r.ForwardShading:0]]
[2019.08.04-07.22.10:944][  0]LogConfig: Setting CVar [[r.VertexFoggingForOpaque:1]]
[2019.08.04-07.22.10:944][  0]LogConfig: Setting CVar [[r.AllowStaticLighting:0]]
[2019.08.04-07.22.10:944][  0]LogConfig: Setting CVar [[r.NormalMapsForStaticLighting:0]]
[2019.08.04-07.22.10:944][  0]LogConfig: Setting CVar [[r.GenerateMeshDistanceFields:0]]
[2019.08.04-07.22.10:944][  0]LogConfig: Setting CVar [[r.DistanceFieldBuild.EightBit:0]]
[2019.08.04-07.22.10:944][  0]LogConfig: Setting CVar [[r.GenerateLandscapeGIData:0]]
[2019.08.04-07.22.10:944][  0]LogConfig: Setting CVar [[r.DistanceFieldBuild.Compress:0]]
[2019.08.04-07.22.10:944][  0]LogConfig: Setting CVar [[r.TessellationAdaptivePixelsPerTriangle:48.000000]]
[2019.08.04-07.22.10:944][  0]LogConfig: Setting CVar [[r.SeparateTranslucency:1]]
[2019.08.04-07.22.10:944][  0]LogConfig: Setting CVar [[r.TranslucentSortPolicy:0]]
[2019.08.04-07.22.10:944][  0]LogConfig: Setting CVar [[r.CustomDepth:1]]
[2019.08.04-07.22.10:944][  0]LogConfig: Setting CVar [[r.CustomDepthTemporalAAJitter:1]]
[2019.08.04-07.22.10:944][  0]LogConfig: Setting CVar [[r.PostProcessing.PropagateAlpha:0]]
[2019.08.04-07.22.10:944][  0]LogConfig: Setting CVar [[r.DOF.Algorithm:1]]
[2019.08.04-07.22.10:944][  0]LogConfig: Setting CVar [[r.DefaultFeature.Bloom:1]]
[2019.08.04-07.22.10:944][  0]LogConfig: Setting CVar [[r.DefaultFeature.AmbientOcclusion:1]]
[2019.08.04-07.22.10:944][  0]LogConfig: Setting CVar [[r.DefaultFeature.AmbientOcclusionStaticFraction:0]]
[2019.08.04-07.22.10:944][  0]LogConfig: Setting CVar [[r.DefaultFeature.AutoExposure:0]]
[2019.08.04-07.22.10:944][  0]LogConfig: Setting CVar [[r.DefaultFeature.AutoExposure.Method:0]]
[2019.08.04-07.22.10:944][  0]LogConfig: Setting CVar [[r.DefaultFeature.AutoExposure.ExtendDefaultLuminanceRange:1]]
[2019.08.04-07.22.10:944][  0]LogConfig: Setting CVar [[r.UsePreExposure:0]]
[2019.08.04-07.22.10:944][  0]LogConfig: Setting CVar [[r.DefaultFeature.MotionBlur:0]]
[2019.08.04-07.22.10:944][  0]LogConfig: Setting CVar [[r.DefaultFeature.LensFlare:0]]
[2019.08.04-07.22.10:944][  0]LogConfig: Setting CVar [[r.TemporalAA.Upsampling:0]]
[2019.08.04-07.22.10:944][  0]LogConfig: Setting CVar [[r.DefaultFeature.AntiAliasing:0]]
[2019.08.04-07.22.10:944][  0]LogConfig: Setting CVar [[r.DefaultFeature.LightUnits:2]]
[2019.08.04-07.22.10:944][  0]LogConfig: Setting CVar [[r.DefaultBackBufferPixelFormat:4]]
[2019.08.04-07.22.10:944][  0]LogConfig: Setting CVar [[r.Shadow.UnbuiltPreviewInGame:1]]
[2019.08.04-07.22.10:944][  0]LogConfig: Setting CVar [[r.StencilForLODDither:0]]
[2019.08.04-07.22.10:944][  0]LogConfig: Setting CVar [[r.EarlyZPass:3]]
[2019.08.04-07.22.10:944][  0]LogConfig: Setting CVar [[r.EarlyZPassOnlyMaterialMasking:0]]
[2019.08.04-07.22.10:944][  0]LogConfig: Setting CVar [[r.DBuffer:1]]
[2019.08.04-07.22.10:944][  0]LogConfig: Setting CVar [[r.ClearSceneMethod:1]]
[2019.08.04-07.22.10:944][  0]LogConfig: Setting CVar [[r.BasePassOutputsVelocity:0]]
[2019.08.04-07.22.10:944][  0]LogConfig: Setting CVar [[r.SelectiveBasePassOutputs:0]]
[2019.08.04-07.22.10:944][  0]LogConfig: Setting CVar [[fx.GPUSimulationTextureSizeX:1024]]
[2019.08.04-07.22.10:944][  0]LogConfig: Setting CVar [[fx.GPUSimulationTextureSizeY:1024]]
[2019.08.04-07.22.10:944][  0]LogConfig: Setting CVar [[r.AllowGlobalClipPlane:0]]
[2019.08.04-07.22.10:944][  0]LogConfig: Setting CVar [[r.GBufferFormat:1]]
[2019.08.04-07.22.10:944][  0]LogConfig: Setting CVar [[r.MorphTarget.Mode:1]]
[2019.08.04-07.22.10:944][  0]LogConfig: Setting CVar [[vr.InstancedStereo:0]]
[2019.08.04-07.22.10:944][  0]LogConfig: Setting CVar [[vr.MultiView:0]]
[2019.08.04-07.22.10:944][  0]LogConfig: Setting CVar [[vr.MobileMultiView:0]]
[2019.08.04-07.22.10:944][  0]LogConfig: Setting CVar [[vr.MobileMultiView.Direct:0]]
[2019.08.04-07.22.10:944][  0]LogConfig: Setting CVar [[vr.RoundRobinOcclusion:0]]
[2019.08.04-07.22.10:944][  0]LogConfig: Setting CVar [[vr.ODSCapture:0]]
[2019.08.04-07.22.10:944][  0]LogConfig: Setting CVar [[r.WireframeCullThreshold:5.000000]]
[2019.08.04-07.22.10:944][  0]LogConfig: Setting CVar [[r.RayTracing:0]]
[2019.08.04-07.22.10:944][  0]LogConfig: Setting CVar [[r.SupportStationarySkylight:0]]
[2019.08.04-07.22.10:944][  0]LogConfig: Setting CVar [[r.SupportLowQualityLightmaps:0]]
[2019.08.04-07.22.10:944][  0]LogConfig: Setting CVar [[r.SupportPointLightWholeSceneShadows:0]]
[2019.08.04-07.22.10:944][  0]LogConfig: Setting CVar [[r.SupportAtmosphericFog:1]]
[2019.08.04-07.22.10:944][  0]LogConfig: Setting CVar [[r.SkinCache.CompileShaders:0]]
[2019.08.04-07.22.10:944][  0]LogConfig: Setting CVar [[r.Mobile.EnableStaticAndCSMShadowReceivers:0]]
[2019.08.04-07.22.10:944][  0]LogConfig: Setting CVar [[r.Mobile.EnableMovableLightCSMShaderCulling:1]]
[2019.08.04-07.22.10:944][  0]LogConfig: Setting CVar [[r.Mobile.AllowDistanceFieldShadows:0]]
[2019.08.04-07.22.10:944][  0]LogConfig: Setting CVar [[r.Mobile.AllowMovableDirectionalLights:1]]
[2019.08.04-07.22.10:944][  0]LogConfig: Setting CVar [[r.MobileNumDynamicPointLights:0]]
[2019.08.04-07.22.10:944][  0]LogConfig: Setting CVar [[r.MobileDynamicPointLightsUseStaticBranch:0]]
[2019.08.04-07.22.10:944][  0]LogConfig: Setting CVar [[r.Mobile.EnableMovableSpotlights:0]]
[2019.08.04-07.22.10:944][  0]LogConfig: Setting CVar [[r.SkinCache.SceneMemoryLimitInMB:128.000000]]
[2019.08.04-07.22.10:944][  0]LogConfig: Setting CVar [[r.GPUSkin.Limit2BoneInfluences:0]]
[2019.08.04-07.22.10:944][  0]LogConfig: Setting CVar [[r.SupportDepthOnlyIndexBuffers:1]]
[2019.08.04-07.22.10:944][  0]LogConfig: Setting CVar [[r.SupportReversedIndexBuffers:1]]
[2019.08.04-07.22.10:944][  0]LogConfig: Setting CVar [[r.SupportMaterialLayers:0]]
[2019.08.04-07.22.10:944][  0]LogConfig: Applying CVar settings from Section [/Script/Engine.RendererOverrideSettings] File [F:/Epic Games/CrashSite3D/Saved/Config/Windows/Engine.ini]
[2019.08.04-07.22.10:944][  0]LogConfig: Applying CVar settings from Section [/Script/Engine.StreamingSettings] File [F:/Epic Games/CrashSite3D/Saved/Config/Windows/Engine.ini]
[2019.08.04-07.22.10:944][  0]LogConfig: Setting CVar [[s.MinBulkDataSizeForAsyncLoading:131072]]
[2019.08.04-07.22.10:944][  0]LogConfig: Setting CVar [[s.AsyncLoadingThreadEnabled:0]]
[2019.08.04-07.22.10:944][  0]LogConfig: Setting CVar [[s.EventDrivenLoaderEnabled:1]]
[2019.08.04-07.22.10:944][  0]LogConfig: Setting CVar [[s.WarnIfTimeLimitExceeded:0]]
[2019.08.04-07.22.10:944][  0]LogConfig: Setting CVar [[s.TimeLimitExceededMultiplier:1.5]]
[2019.08.04-07.22.10:944][  0]LogConfig: Setting CVar [[s.TimeLimitExceededMinTime:0.005]]
[2019.08.04-07.22.10:944][  0]LogConfig: Setting CVar [[s.UseBackgroundLevelStreaming:1]]
[2019.08.04-07.22.10:944][  0]LogConfig: Setting CVar [[s.PriorityAsyncLoadingExtraTime:15.0]]
[2019.08.04-07.22.10:944][  0]LogConfig: Setting CVar [[s.LevelStreamingActorsUpdateTimeLimit:5.0]]
[2019.08.04-07.22.10:944][  0]LogConfig: Setting CVar [[s.PriorityLevelStreamingActorsUpdateExtraTime:5.0]]
[2019.08.04-07.22.10:944][  0]LogConfig: Setting CVar [[s.LevelStreamingComponentsRegistrationGranularity:10]]
[2019.08.04-07.22.10:944][  0]LogConfig: Setting CVar [[s.UnregisterComponentsTimeLimit:1.0]]
[2019.08.04-07.22.10:944][  0]LogConfig: Setting CVar [[s.LevelStreamingComponentsUnregistrationGranularity:5]]
[2019.08.04-07.22.10:944][  0]LogConfig: Applying CVar settings from Section [/Script/Engine.GarbageCollectionSettings] File [F:/Epic Games/CrashSite3D/Saved/Config/Windows/Engine.ini]
[2019.08.04-07.22.10:944][  0]LogConfig: Setting CVar [[gc.MaxObjectsNotConsideredByGC:1]]
[2019.08.04-07.22.10:944][  0]LogConfig: Setting CVar [[gc.SizeOfPermanentObjectPool:0]]
[2019.08.04-07.22.10:944][  0]LogConfig: Setting CVar [[gc.FlushStreamingOnGC:0]]
[2019.08.04-07.22.10:944][  0]LogConfig: Setting CVar [[gc.NumRetriesBeforeForcingGC:10]]
[2019.08.04-07.22.10:944][  0]LogConfig: Setting CVar [[gc.AllowParallelGC:1]]
[2019.08.04-07.22.10:944][  0]LogConfig: Setting CVar [[gc.TimeBetweenPurgingPendingKillObjects:61.1]]
[2019.08.04-07.22.10:944][  0]LogConfig: Setting CVar [[gc.MaxObjectsInEditor:16777216]]
[2019.08.04-07.22.10:944][  0]LogConfig: Setting CVar [[gc.IncrementalBeginDestroyEnabled:1]]
[2019.08.04-07.22.10:945][  0]LogConfig: Setting CVar [[gc.CreateGCClusters:1]]
[2019.08.04-07.22.10:945][  0]LogConfig: Setting CVar [[gc.MinGCClusterSize:5]]
[2019.08.04-07.22.10:945][  0]LogConfig: Setting CVar [[gc.ActorClusteringEnabled:0]]
[2019.08.04-07.22.10:945][  0]LogConfig: Setting CVar [[gc.BlueprintClusteringEnabled:0]]
[2019.08.04-07.22.10:945][  0]LogConfig: Setting CVar [[gc.UseDisregardForGCOnDedicatedServers:0]]
[2019.08.04-07.22.10:945][  0]LogConfig: Applying CVar settings from Section [/Script/Engine.NetworkSettings] File [F:/Epic Games/CrashSite3D/Saved/Config/Windows/Engine.ini]
[2019.08.04-07.22.10:945][  0]LogConfig: Applying CVar settings from Section [/Script/UnrealEd.CookerSettings] File [F:/Epic Games/CrashSite3D/Saved/Config/Windows/Engine.ini]
[2019.08.04-07.22.10:950][  0]LogConfig: Applying CVar settings from Section [ViewDistanceQuality@3] File [F:/Epic Games/CrashSite3D/Saved/Config/Windows/Scalability.ini]
[2019.08.04-07.22.10:950][  0]LogConfig: Setting CVar [[r.SkeletalMeshLODBias:0]]
[2019.08.04-07.22.10:950][  0]LogConfig: Setting CVar [[r.ViewDistanceScale:1.0]]
[2019.08.04-07.22.10:950][  0]LogConfig: Applying CVar settings from Section [AntiAliasingQuality@3] File [F:/Epic Games/CrashSite3D/Saved/Config/Windows/Scalability.ini]
[2019.08.04-07.22.10:950][  0]LogConfig: Setting CVar [[r.PostProcessAAQuality:4]]
[2019.08.04-07.22.10:950][  0]LogConfig: Applying CVar settings from Section [ShadowQuality@3] File [F:/Epic Games/CrashSite3D/Saved/Config/Windows/Scalability.ini]
[2019.08.04-07.22.10:950][  0]LogConfig: Setting CVar [[r.LightFunctionQuality:1]]
[2019.08.04-07.22.10:950][  0]LogConfig: Setting CVar [[r.ShadowQuality:5]]
[2019.08.04-07.22.10:950][  0]LogConfig: Setting CVar [[r.Shadow.CSM.MaxCascades:10]]
[2019.08.04-07.22.10:950][  0]LogConfig: Setting CVar [[r.Shadow.MaxResolution:2048]]
[2019.08.04-07.22.10:950][  0]LogConfig: Setting CVar [[r.Shadow.MaxCSMResolution:2048]]
[2019.08.04-07.22.10:950][  0]LogConfig: Setting CVar [[r.Shadow.RadiusThreshold:0.01]]
[2019.08.04-07.22.10:950][  0]LogConfig: Setting CVar [[r.Shadow.DistanceScale:1.0]]
[2019.08.04-07.22.10:950][  0]LogConfig: Setting CVar [[r.Shadow.CSM.TransitionScale:1.0]]
[2019.08.04-07.22.10:950][  0]LogConfig: Setting CVar [[r.Shadow.PreShadowResolutionFactor:1.0]]
[2019.08.04-07.22.10:950][  0]LogConfig: Setting CVar [[r.DistanceFieldShadowing:1]]
[2019.08.04-07.22.10:950][  0]LogConfig: Setting CVar [[r.DistanceFieldAO:1]]
[2019.08.04-07.22.10:950][  0]LogConfig: Setting CVar [[r.AOQuality:2]]
[2019.08.04-07.22.10:950][  0]LogConfig: Setting CVar [[r.VolumetricFog:1]]
[2019.08.04-07.22.10:950][  0]LogConfig: Setting CVar [[r.VolumetricFog.GridPixelSize:8]]
[2019.08.04-07.22.10:950][  0]LogConfig: Setting CVar [[r.VolumetricFog.GridSizeZ:128]]
[2019.08.04-07.22.10:950][  0]LogConfig: Setting CVar [[r.VolumetricFog.HistoryMissSupersampleCount:4]]
[2019.08.04-07.22.10:950][  0]LogConfig: Setting CVar [[r.LightMaxDrawDistanceScale:1]]
[2019.08.04-07.22.10:950][  0]LogConfig: Setting CVar [[r.CapsuleShadows:1]]
[2019.08.04-07.22.10:950][  0]LogConfig: Applying CVar settings from Section [PostProcessQuality@3] File [F:/Epic Games/CrashSite3D/Saved/Config/Windows/Scalability.ini]
[2019.08.04-07.22.10:950][  0]LogConfig: Setting CVar [[r.MotionBlurQuality:4]]
[2019.08.04-07.22.10:950][  0]LogConfig: Setting CVar [[r.AmbientOcclusionMipLevelFactor:0.4]]
[2019.08.04-07.22.10:950][  0]LogConfig: Setting CVar [[r.AmbientOcclusionMaxQuality:100]]
[2019.08.04-07.22.10:950][  0]LogConfig: Setting CVar [[r.AmbientOcclusionLevels:-1]]
[2019.08.04-07.22.10:950][  0]LogConfig: Setting CVar [[r.AmbientOcclusionRadiusScale:1.0]]
[2019.08.04-07.22.10:950][  0]LogConfig: Setting CVar [[r.DepthOfFieldQuality:2]]
[2019.08.04-07.22.10:950][  0]LogConfig: Setting CVar [[r.RenderTargetPoolMin:400]]
[2019.08.04-07.22.10:950][  0]LogConfig: Setting CVar [[r.LensFlareQuality:2]]
[2019.08.04-07.22.10:950][  0]LogConfig: Setting CVar [[r.SceneColorFringeQuality:1]]
[2019.08.04-07.22.10:950][  0]LogConfig: Setting CVar [[r.EyeAdaptationQuality:2]]
[2019.08.04-07.22.10:950][  0]LogConfig: Setting CVar [[r.BloomQuality:5]]
[2019.08.04-07.22.10:950][  0]LogConfig: Setting CVar [[r.FastBlurThreshold:100]]
[2019.08.04-07.22.10:950][  0]LogConfig: Setting CVar [[r.Upscale.Quality:3]]
[2019.08.04-07.22.10:950][  0]LogConfig: Setting CVar [[r.Tonemapper.GrainQuantization:1]]
[2019.08.04-07.22.10:950][  0]LogConfig: Setting CVar [[r.LightShaftQuality:1]]
[2019.08.04-07.22.10:950][  0]LogConfig: Setting CVar [[r.Filter.SizeScale:1]]
[2019.08.04-07.22.10:950][  0]LogConfig: Setting CVar [[r.Tonemapper.Quality:5]]
[2019.08.04-07.22.10:950][  0]LogConfig: Setting CVar [[r.DOF.Gather.AccumulatorQuality:1        ; higher gathering accumulator quality]]
[2019.08.04-07.22.10:950][  0]LogConfig: Setting CVar [[r.DOF.Gather.PostfilterMethod:1          ; Median3x3 postfilering method]]
[2019.08.04-07.22.10:950][  0]LogConfig: Setting CVar [[r.DOF.Gather.EnableBokehSettings:0       ; no bokeh simulation when gathering]]
[2019.08.04-07.22.10:950][  0]LogConfig: Setting CVar [[r.DOF.Gather.RingCount:4                 ; medium number of samples when gathering]]
[2019.08.04-07.22.10:950][  0]LogConfig: Setting CVar [[r.DOF.Scatter.ForegroundCompositing:1    ; additive foreground scattering]]
[2019.08.04-07.22.10:950][  0]LogConfig: Setting CVar [[r.DOF.Scatter.BackgroundCompositing:2    ; additive background scattering]]
[2019.08.04-07.22.10:950][  0]LogConfig: Setting CVar [[r.DOF.Scatter.EnableBokehSettings:1      ; bokeh simulation when scattering]]
[2019.08.04-07.22.10:950][  0]LogConfig: Setting CVar [[r.DOF.Scatter.MaxSpriteRatio:0.1         ; only a maximum of 10% of scattered bokeh]]
[2019.08.04-07.22.10:950][  0]LogConfig: Setting CVar [[r.DOF.Recombine.Quality:1                ; cheap slight out of focus]]
[2019.08.04-07.22.10:950][  0]LogConfig: Setting CVar [[r.DOF.Recombine.EnableBokehSettings:0    ; no bokeh simulation on slight out of focus]]
[2019.08.04-07.22.10:950][  0]LogConfig: Setting CVar [[r.DOF.TemporalAAQuality:1                ; more stable temporal accumulation]]
[2019.08.04-07.22.10:950][  0]LogConfig: Setting CVar [[r.DOF.Kernel.MaxForegroundRadius:0.025]]
[2019.08.04-07.22.10:950][  0]LogConfig: Setting CVar [[r.DOF.Kernel.MaxBackgroundRadius:0.025]]
[2019.08.04-07.22.10:950][  0]LogConfig: Applying CVar settings from Section [TextureQuality@3] File [F:/Epic Games/CrashSite3D/Saved/Config/Windows/Scalability.ini]
[2019.08.04-07.22.10:950][  0]LogConfig: Setting CVar [[r.Streaming.MipBias:0]]
[2019.08.04-07.22.10:950][  0]LogConfig: Setting CVar [[r.Streaming.AmortizeCPUToGPUCopy:0]]
[2019.08.04-07.22.10:950][  0]LogConfig: Setting CVar [[r.Streaming.MaxNumTexturesToStreamPerFrame:0]]
[2019.08.04-07.22.10:950][  0]LogConfig: Setting CVar [[r.Streaming.Boost:1]]
[2019.08.04-07.22.10:950][  0]LogConfig: Setting CVar [[r.MaxAnisotropy:8]]
[2019.08.04-07.22.10:950][  0]LogConfig: Setting CVar [[r.Streaming.LimitPoolSizeToVRAM:0]]
[2019.08.04-07.22.10:950][  0]LogConfig: Setting CVar [[r.Streaming.PoolSize:1000]]
[2019.08.04-07.22.10:950][  0]LogConfig: Setting CVar [[r.Streaming.MaxEffectiveScreenSize:0]]
[2019.08.04-07.22.10:950][  0]LogConfig: Applying CVar settings from Section [EffectsQuality@3] File [F:/Epic Games/CrashSite3D/Saved/Config/Windows/Scalability.ini]
[2019.08.04-07.22.10:951][  0]LogConfig: Setting CVar [[r.TranslucencyLightingVolumeDim:64]]
[2019.08.04-07.22.10:951][  0]LogConfig: Setting CVar [[r.RefractionQuality:2]]
[2019.08.04-07.22.10:951][  0]LogConfig: Setting CVar [[r.SSR.Quality:3]]
[2019.08.04-07.22.10:951][  0]LogConfig: Setting CVar [[r.SceneColorFormat:4]]
[2019.08.04-07.22.10:951][  0]LogConfig: Setting CVar [[r.DetailMode:2]]
[2019.08.04-07.22.10:951][  0]LogConfig: Setting CVar [[r.TranslucencyVolumeBlur:1]]
[2019.08.04-07.22.10:951][  0]LogConfig: Setting CVar [[r.MaterialQualityLevel:1 ; High quality]]
[2019.08.04-07.22.10:951][  0]LogConfig: Setting CVar [[r.SSS.Scale:1]]
[2019.08.04-07.22.10:951][  0]LogConfig: Setting CVar [[r.SSS.SampleSet:2]]
[2019.08.04-07.22.10:951][  0]LogConfig: Setting CVar [[r.SSS.Quality:1]]
[2019.08.04-07.22.10:951][  0]LogConfig: Setting CVar [[r.SSS.HalfRes:1]]
[2019.08.04-07.22.10:951][  0]LogConfig: Setting CVar [[r.EmitterSpawnRateScale:1.0]]
[2019.08.04-07.22.10:951][  0]LogConfig: Setting CVar [[r.ParticleLightQuality:2]]
[2019.08.04-07.22.10:951][  0]LogConfig: Applying CVar settings from Section [FoliageQuality@3] File [F:/Epic Games/CrashSite3D/Saved/Config/Windows/Scalability.ini]
[2019.08.04-07.22.10:951][  0]LogConfig: Setting CVar [[foliage.DensityScale:1.0]]
[2019.08.04-07.22.10:951][  0]LogConfig: Setting CVar [[grass.DensityScale:1.0]]
[2019.08.04-07.22.10:951][  0]LogInit: Selected Device Profile: [Windows]
[2019.08.04-07.22.10:951][  0]LogInit: Applying CVar settings loaded from the selected device profile: [Windows]
[2019.08.04-07.22.10:974][  0]LogHAL: Display: Platform has ~ 32 GB [34312450048 / 34359738368 / 32], which maps to Largest [LargestMinGB=32, LargerMinGB=12, DefaultMinGB=8, SmallerMinGB=6, SmallestMinGB=0)
[2019.08.04-07.22.10:974][  0]LogConfig: Setting CVar [[r.Vulkan.UseRealUBs:0		; Required until we fix HLR fall-out]]
[2019.08.04-07.22.10:974][  0]LogInit: Going up to parent DeviceProfile []
[2019.08.04-07.22.10:974][  0]LogConfig: Applying CVar settings from Section [ViewDistanceQuality@3] File [F:/Epic Games/CrashSite3D/Saved/Config/Windows/Scalability.ini]
[2019.08.04-07.22.10:974][  0]LogConfig: Setting CVar [[r.SkeletalMeshLODBias:0]]
[2019.08.04-07.22.10:974][  0]LogConfig: Setting CVar [[r.ViewDistanceScale:1.0]]
[2019.08.04-07.22.10:974][  0]LogConfig: Applying CVar settings from Section [AntiAliasingQuality@3] File [F:/Epic Games/CrashSite3D/Saved/Config/Windows/Scalability.ini]
[2019.08.04-07.22.10:974][  0]LogConfig: Setting CVar [[r.PostProcessAAQuality:4]]
[2019.08.04-07.22.10:974][  0]LogConfig: Applying CVar settings from Section [ShadowQuality@3] File [F:/Epic Games/CrashSite3D/Saved/Config/Windows/Scalability.ini]
[2019.08.04-07.22.10:974][  0]LogConfig: Setting CVar [[r.LightFunctionQuality:1]]
[2019.08.04-07.22.10:974][  0]LogConfig: Setting CVar [[r.ShadowQuality:5]]
[2019.08.04-07.22.10:974][  0]LogConfig: Setting CVar [[r.Shadow.CSM.MaxCascades:10]]
[2019.08.04-07.22.10:974][  0]LogConfig: Setting CVar [[r.Shadow.MaxResolution:2048]]
[2019.08.04-07.22.10:974][  0]LogConfig: Setting CVar [[r.Shadow.MaxCSMResolution:2048]]
[2019.08.04-07.22.10:974][  0]LogConfig: Setting CVar [[r.Shadow.RadiusThreshold:0.01]]
[2019.08.04-07.22.10:974][  0]LogConfig: Setting CVar [[r.Shadow.DistanceScale:1.0]]
[2019.08.04-07.22.10:974][  0]LogConfig: Setting CVar [[r.Shadow.CSM.TransitionScale:1.0]]
[2019.08.04-07.22.10:974][  0]LogConfig: Setting CVar [[r.Shadow.PreShadowResolutionFactor:1.0]]
[2019.08.04-07.22.10:974][  0]LogConfig: Setting CVar [[r.DistanceFieldShadowing:1]]
[2019.08.04-07.22.10:974][  0]LogConfig: Setting CVar [[r.DistanceFieldAO:1]]
[2019.08.04-07.22.10:974][  0]LogConfig: Setting CVar [[r.AOQuality:2]]
[2019.08.04-07.22.10:974][  0]LogConfig: Setting CVar [[r.VolumetricFog:1]]
[2019.08.04-07.22.10:974][  0]LogConfig: Setting CVar [[r.VolumetricFog.GridPixelSize:8]]
[2019.08.04-07.22.10:974][  0]LogConfig: Setting CVar [[r.VolumetricFog.GridSizeZ:128]]
[2019.08.04-07.22.10:974][  0]LogConfig: Setting CVar [[r.VolumetricFog.HistoryMissSupersampleCount:4]]
[2019.08.04-07.22.10:974][  0]LogConfig: Setting CVar [[r.LightMaxDrawDistanceScale:1]]
[2019.08.04-07.22.10:974][  0]LogConfig: Setting CVar [[r.CapsuleShadows:1]]
[2019.08.04-07.22.10:974][  0]LogConfig: Applying CVar settings from Section [PostProcessQuality@3] File [F:/Epic Games/CrashSite3D/Saved/Config/Windows/Scalability.ini]
[2019.08.04-07.22.10:974][  0]LogConfig: Setting CVar [[r.MotionBlurQuality:4]]
[2019.08.04-07.22.10:974][  0]LogConfig: Setting CVar [[r.AmbientOcclusionMipLevelFactor:0.4]]
[2019.08.04-07.22.10:974][  0]LogConfig: Setting CVar [[r.AmbientOcclusionMaxQuality:100]]
[2019.08.04-07.22.10:974][  0]LogConfig: Setting CVar [[r.AmbientOcclusionLevels:-1]]
[2019.08.04-07.22.10:974][  0]LogConfig: Setting CVar [[r.AmbientOcclusionRadiusScale:1.0]]
[2019.08.04-07.22.10:974][  0]LogConfig: Setting CVar [[r.DepthOfFieldQuality:2]]
[2019.08.04-07.22.10:974][  0]LogConfig: Setting CVar [[r.RenderTargetPoolMin:400]]
[2019.08.04-07.22.10:974][  0]LogConfig: Setting CVar [[r.LensFlareQuality:2]]
[2019.08.04-07.22.10:974][  0]LogConfig: Setting CVar [[r.SceneColorFringeQuality:1]]
[2019.08.04-07.22.10:974][  0]LogConfig: Setting CVar [[r.EyeAdaptationQuality:2]]
[2019.08.04-07.22.10:974][  0]LogConfig: Setting CVar [[r.BloomQuality:5]]
[2019.08.04-07.22.10:974][  0]LogConfig: Setting CVar [[r.FastBlurThreshold:100]]
[2019.08.04-07.22.10:974][  0]LogConfig: Setting CVar [[r.Upscale.Quality:3]]
[2019.08.04-07.22.10:974][  0]LogConfig: Setting CVar [[r.Tonemapper.GrainQuantization:1]]
[2019.08.04-07.22.10:974][  0]LogConfig: Setting CVar [[r.LightShaftQuality:1]]
[2019.08.04-07.22.10:974][  0]LogConfig: Setting CVar [[r.Filter.SizeScale:1]]
[2019.08.04-07.22.10:974][  0]LogConfig: Setting CVar [[r.Tonemapper.Quality:5]]
[2019.08.04-07.22.10:974][  0]LogConfig: Setting CVar [[r.DOF.Gather.AccumulatorQuality:1        ; higher gathering accumulator quality]]
[2019.08.04-07.22.10:974][  0]LogConfig: Setting CVar [[r.DOF.Gather.PostfilterMethod:1          ; Median3x3 postfilering method]]
[2019.08.04-07.22.10:974][  0]LogConfig: Setting CVar [[r.DOF.Gather.EnableBokehSettings:0       ; no bokeh simulation when gathering]]
[2019.08.04-07.22.10:974][  0]LogConfig: Setting CVar [[r.DOF.Gather.RingCount:4                 ; medium number of samples when gathering]]
[2019.08.04-07.22.10:974][  0]LogConfig: Setting CVar [[r.DOF.Scatter.ForegroundCompositing:1    ; additive foreground scattering]]
[2019.08.04-07.22.10:975][  0]LogConfig: Setting CVar [[r.DOF.Scatter.BackgroundCompositing:2    ; additive background scattering]]
[2019.08.04-07.22.10:975][  0]LogConfig: Setting CVar [[r.DOF.Scatter.EnableBokehSettings:1      ; bokeh simulation when scattering]]
[2019.08.04-07.22.10:975][  0]LogConfig: Setting CVar [[r.DOF.Scatter.MaxSpriteRatio:0.1         ; only a maximum of 10% of scattered bokeh]]
[2019.08.04-07.22.10:975][  0]LogConfig: Setting CVar [[r.DOF.Recombine.Quality:1                ; cheap slight out of focus]]
[2019.08.04-07.22.10:975][  0]LogConfig: Setting CVar [[r.DOF.Recombine.EnableBokehSettings:0    ; no bokeh simulation on slight out of focus]]
[2019.08.04-07.22.10:975][  0]LogConfig: Setting CVar [[r.DOF.TemporalAAQuality:1                ; more stable temporal accumulation]]
[2019.08.04-07.22.10:975][  0]LogConfig: Setting CVar [[r.DOF.Kernel.MaxForegroundRadius:0.025]]
[2019.08.04-07.22.10:975][  0]LogConfig: Setting CVar [[r.DOF.Kernel.MaxBackgroundRadius:0.025]]
[2019.08.04-07.22.10:975][  0]LogConfig: Applying CVar settings from Section [TextureQuality@3] File [F:/Epic Games/CrashSite3D/Saved/Config/Windows/Scalability.ini]
[2019.08.04-07.22.10:975][  0]LogConfig: Setting CVar [[r.Streaming.MipBias:0]]
[2019.08.04-07.22.10:975][  0]LogConfig: Setting CVar [[r.Streaming.AmortizeCPUToGPUCopy:0]]
[2019.08.04-07.22.10:975][  0]LogConfig: Setting CVar [[r.Streaming.MaxNumTexturesToStreamPerFrame:0]]
[2019.08.04-07.22.10:975][  0]LogConfig: Setting CVar [[r.Streaming.Boost:1]]
[2019.08.04-07.22.10:975][  0]LogConfig: Setting CVar [[r.MaxAnisotropy:8]]
[2019.08.04-07.22.10:975][  0]LogConfig: Setting CVar [[r.Streaming.LimitPoolSizeToVRAM:0]]
[2019.08.04-07.22.10:975][  0]LogConfig: Setting CVar [[r.Streaming.PoolSize:1000]]
[2019.08.04-07.22.10:975][  0]LogConfig: Setting CVar [[r.Streaming.MaxEffectiveScreenSize:0]]
[2019.08.04-07.22.10:975][  0]LogConfig: Applying CVar settings from Section [EffectsQuality@3] File [F:/Epic Games/CrashSite3D/Saved/Config/Windows/Scalability.ini]
[2019.08.04-07.22.10:975][  0]LogConfig: Setting CVar [[r.TranslucencyLightingVolumeDim:64]]
[2019.08.04-07.22.10:975][  0]LogConfig: Setting CVar [[r.RefractionQuality:2]]
[2019.08.04-07.22.10:975][  0]LogConfig: Setting CVar [[r.SSR.Quality:3]]
[2019.08.04-07.22.10:975][  0]LogConfig: Setting CVar [[r.SceneColorFormat:4]]
[2019.08.04-07.22.10:975][  0]LogConfig: Setting CVar [[r.DetailMode:2]]
[2019.08.04-07.22.10:975][  0]LogConfig: Setting CVar [[r.TranslucencyVolumeBlur:1]]
[2019.08.04-07.22.10:975][  0]LogConfig: Setting CVar [[r.MaterialQualityLevel:1 ; High quality]]
[2019.08.04-07.22.10:975][  0]LogConfig: Setting CVar [[r.SSS.Scale:1]]
[2019.08.04-07.22.10:975][  0]LogConfig: Setting CVar [[r.SSS.SampleSet:2]]
[2019.08.04-07.22.10:975][  0]LogConfig: Setting CVar [[r.SSS.Quality:1]]
[2019.08.04-07.22.10:975][  0]LogConfig: Setting CVar [[r.SSS.HalfRes:1]]
[2019.08.04-07.22.10:975][  0]LogConfig: Setting CVar [[r.EmitterSpawnRateScale:1.0]]
[2019.08.04-07.22.10:975][  0]LogConfig: Setting CVar [[r.ParticleLightQuality:2]]
[2019.08.04-07.22.10:975][  0]LogConfig: Applying CVar settings from Section [FoliageQuality@3] File [F:/Epic Games/CrashSite3D/Saved/Config/Windows/Scalability.ini]
[2019.08.04-07.22.10:975][  0]LogConfig: Setting CVar [[foliage.DensityScale:1.0]]
[2019.08.04-07.22.10:975][  0]LogConfig: Setting CVar [[grass.DensityScale:1.0]]
[2019.08.04-07.22.10:975][  0]LogConfig: Applying CVar settings from Section [Startup] File [../../../Engine/Config/ConsoleVariables.ini]
[2019.08.04-07.22.10:977][  0]LogConfig: Setting CVar [[net.UseAdaptiveNetUpdateFrequency:0]]
[2019.08.04-07.22.10:977][  0]LogConfig: Setting CVar [[p.chaos.AllowCreatePhysxBodies:1]]
[2019.08.04-07.22.10:977][  0]LogConfig: Applying CVar settings from Section [ConsoleVariables] File [F:/Epic Games/CrashSite3D/Saved/Config/Windows/Engine.ini]
[2019.08.04-07.22.10:977][  0]LogInit: Computer: GOOLOG-PC
[2019.08.04-07.22.10:977][  0]LogInit: User: Goolog
[2019.08.04-07.22.10:977][  0]LogInit: CPU Page size=4096, Cores=6
[2019.08.04-07.22.10:977][  0]LogInit: High frequency timer resolution =10.000000 MHz
[2019.08.04-07.22.10:978][  0]LogMemory: Memory total: Physical=32.0GB (32GB approx)
[2019.08.04-07.22.10:978][  0]LogMemory: Platform Memory Stats for Windows
[2019.08.04-07.22.10:978][  0]LogMemory: Process Physical Memory: 103.51 MB used, 103.51 MB peak
[2019.08.04-07.22.10:978][  0]LogMemory: Process Virtual Memory: 94.01 MB used, 94.01 MB peak
[2019.08.04-07.22.10:978][  0]LogMemory: Physical Memory: 9758.10 MB used,  22964.80 MB free, 32722.90 MB total
[2019.08.04-07.22.10:978][  0]LogMemory: Virtual Memory: 4681.72 MB used,  134213048.00 MB free, 134217728.00 MB total
[2019.08.04-07.22.11:335][  0]LogInit: Using OS detected language (en-US).
[2019.08.04-07.22.11:335][  0]LogInit: Using OS detected locale (en-AU).
[2019.08.04-07.22.11:335][  0]LogTextLocalizationManager: No specific localization for 'en-US' exists, so the 'en' localization will be used.
[2019.08.04-07.22.11:498][  0]LogInit: Setting process to per monitor DPI aware
[2019.08.04-07.22.11:582][  0]LogSlate: New Slate User Created.  User Index 0, Is Virtual User: 0
[2019.08.04-07.22.11:582][  0]LogSlate: Slate User Registered.  User Index 0, Is Virtual User: 0
[2019.08.04-07.22.12:382][  0]LogHMD: Failed to initialize OpenVR with code 110
[2019.08.04-07.22.12:382][  0]LogD3D11RHI: D3D11 adapters:
[2019.08.04-07.22.12:474][  0]LogD3D11RHI:    0. 'NVIDIA GeForce GTX 1080 Ti' (Feature Level 11_0)
[2019.08.04-07.22.12:474][  0]LogD3D11RHI:       11127/0/16361 MB DedicatedVideo/DedicatedSystem/SharedSystem, Outputs:2, VendorId:0x10de
[2019.08.04-07.22.12:487][  0]LogD3D11RHI:    1. 'Microsoft Basic Render Driver' (Feature Level 11_0)
[2019.08.04-07.22.12:487][  0]LogD3D11RHI:       0/0/16361 MB DedicatedVideo/DedicatedSystem/SharedSystem, Outputs:0, VendorId:0x1414
[2019.08.04-07.22.12:487][  0]LogD3D11RHI: Chosen D3D11 Adapter: 0
[2019.08.04-07.22.12:496][  0]LogD3D11RHI: Creating new Direct3DDevice
[2019.08.04-07.22.12:497][  0]LogD3D11RHI:     GPU DeviceId: 0x1b06 (for the marketing name, search the web for "GPU Device Id")
[2019.08.04-07.22.12:497][  0]LogWindows: EnumDisplayDevices:
[2019.08.04-07.22.12:497][  0]LogWindows:    0. 'NVIDIA GeForce GTX 1080 Ti' (P:1 D:1)
[2019.08.04-07.22.12:497][  0]LogWindows:    1. 'NVIDIA GeForce GTX 1080 Ti' (P:0 D:1)
[2019.08.04-07.22.12:497][  0]LogWindows:    2. 'NVIDIA GeForce GTX 1080 Ti' (P:0 D:0)
[2019.08.04-07.22.12:498][  0]LogWindows:    3. 'NVIDIA GeForce GTX 1080 Ti' (P:0 D:0)
[2019.08.04-07.22.12:498][  0]LogWindows: DebugString: FoundDriverCount:4 
[2019.08.04-07.22.12:498][  0]LogD3D11RHI:     Adapter Name: NVIDIA GeForce GTX 1080 Ti
[2019.08.04-07.22.12:498][  0]LogD3D11RHI:   Driver Version: 431.36 (internal:26.21.14.3136, unified:431.36)
[2019.08.04-07.22.12:498][  0]LogD3D11RHI:      Driver Date: 7-3-2019
[2019.08.04-07.22.12:498][  0]LogRHI: Texture pool is 7788 MB (70% of 11127 MB)
[2019.08.04-07.22.12:547][  0]LogD3D11RHI: Async texture creation enabled
[2019.08.04-07.22.12:558][  0]LogRendererCore: FGlobalReadBuffer::InitRHI
[2019.08.04-07.22.12:559][  0]LogRendererCore: FGlobalReadBuffer::InitRHI
[2019.08.04-07.22.12:559][  0]LogRendererCore: FGlobalReadBuffer::InitRHI
[2019.08.04-07.22.12:572][  0]LogD3D11RHI: GPU Timing Frequency: 1000.000000 (Debug: 2 2)
[2019.08.04-07.22.13:026][  0]LogTemp: Display: Module 'AllDesktopTargetPlatform' loaded TargetPlatform 'AllDesktop'
[2019.08.04-07.22.13:058][  0]LogTemp: Display: Module 'MacClientTargetPlatform' loaded TargetPlatform 'MacClient'
[2019.08.04-07.22.13:091][  0]LogTemp: Display: Module 'MacNoEditorTargetPlatform' loaded TargetPlatform 'MacNoEditor'
[2019.08.04-07.22.13:127][  0]LogTemp: Display: Module 'MacServerTargetPlatform' loaded TargetPlatform 'MacServer'
[2019.08.04-07.22.13:170][  0]LogTemp: Display: Module 'MacTargetPlatform' loaded TargetPlatform 'Mac'
[2019.08.04-07.22.13:203][  0]LogTemp: Display: Module 'WindowsClientTargetPlatform' loaded TargetPlatform 'WindowsClient'
[2019.08.04-07.22.13:237][  0]LogTemp: Display: Module 'WindowsNoEditorTargetPlatform' loaded TargetPlatform 'WindowsNoEditor'
[2019.08.04-07.22.13:277][  0]LogTemp: Display: Module 'WindowsServerTargetPlatform' loaded TargetPlatform 'WindowsServer'
[2019.08.04-07.22.13:297][  0]LogTemp: Display: Module 'WindowsTargetPlatform' loaded TargetPlatform 'Windows'
[2019.08.04-07.22.13:383][  0]LogTemp: Display: Module 'AndroidTargetPlatform' loaded TargetPlatform 'Android'
[2019.08.04-07.22.13:383][  0]LogTemp: Display: Module 'AndroidTargetPlatform' loaded TargetPlatform 'Android_ASTC'
[2019.08.04-07.22.13:383][  0]LogTemp: Display: Module 'AndroidTargetPlatform' loaded TargetPlatform 'Android_ATC'
[2019.08.04-07.22.13:383][  0]LogTemp: Display: Module 'AndroidTargetPlatform' loaded TargetPlatform 'Android_DXT'
[2019.08.04-07.22.13:383][  0]LogTemp: Display: Module 'AndroidTargetPlatform' loaded TargetPlatform 'Android_ETC1'
[2019.08.04-07.22.13:383][  0]LogTemp: Display: Module 'AndroidTargetPlatform' loaded TargetPlatform 'Android_ETC1a'
[2019.08.04-07.22.13:383][  0]LogTemp: Display: Module 'AndroidTargetPlatform' loaded TargetPlatform 'Android_ETC2'
[2019.08.04-07.22.13:383][  0]LogTemp: Display: Module 'AndroidTargetPlatform' loaded TargetPlatform 'Android_PVRTC'
[2019.08.04-07.22.13:383][  0]LogTemp: Display: Module 'AndroidTargetPlatform' loaded TargetPlatform 'AndroidClient'
[2019.08.04-07.22.13:383][  0]LogTemp: Display: Module 'AndroidTargetPlatform' loaded TargetPlatform 'Android_ASTCClient'
[2019.08.04-07.22.13:383][  0]LogTemp: Display: Module 'AndroidTargetPlatform' loaded TargetPlatform 'Android_ATCClient'
[2019.08.04-07.22.13:383][  0]LogTemp: Display: Module 'AndroidTargetPlatform' loaded TargetPlatform 'Android_DXTClient'
[2019.08.04-07.22.13:383][  0]LogTemp: Display: Module 'AndroidTargetPlatform' loaded TargetPlatform 'Android_ETC1Client'
[2019.08.04-07.22.13:383][  0]LogTemp: Display: Module 'AndroidTargetPlatform' loaded TargetPlatform 'Android_ETC1aClient'
[2019.08.04-07.22.13:383][  0]LogTemp: Display: Module 'AndroidTargetPlatform' loaded TargetPlatform 'Android_ETC2Client'
[2019.08.04-07.22.13:383][  0]LogTemp: Display: Module 'AndroidTargetPlatform' loaded TargetPlatform 'Android_PVRTCClient'
[2019.08.04-07.22.13:383][  0]LogTemp: Display: Module 'AndroidTargetPlatform' loaded TargetPlatform 'Android_Multi'
[2019.08.04-07.22.13:383][  0]LogTemp: Display: Module 'AndroidTargetPlatform' loaded TargetPlatform 'Android_MultiClient'
[2019.08.04-07.22.13:399][  0]LogTemp: Display: Module 'HTML5TargetPlatform' loaded TargetPlatform 'HTML5'
[2019.08.04-07.22.13:510][  0]LogTemp: Display: Module 'IOSTargetPlatform' loaded TargetPlatform 'IOSClient'
[2019.08.04-07.22.13:510][  0]LogTemp: Display: Module 'IOSTargetPlatform' loaded TargetPlatform 'IOS'
[2019.08.04-07.22.13:560][  0]LogTemp: Display: Module 'TVOSTargetPlatform' loaded TargetPlatform 'TVOSClient'
[2019.08.04-07.22.13:560][  0]LogTemp: Display: Module 'TVOSTargetPlatform' loaded TargetPlatform 'TVOS'
[2019.08.04-07.22.13:648][  0]LogTemp: Display: Module 'LuminTargetPlatform' loaded TargetPlatform 'Lumin'
[2019.08.04-07.22.13:649][  0]LogTemp: Display: Module 'LuminTargetPlatform' loaded TargetPlatform 'LuminClient'
[2019.08.04-07.22.13:649][  0]LogTargetPlatformManager: Display: Building Assets For Windows
[2019.08.04-07.22.13:747][  0]LogAudioDebug: Display: Lib vorbis DLL was dynamically loaded.
[2019.08.04-07.22.14:147][  0]LogShaderCompilers: Guid format shader working directory is 22 characters bigger than the processId version (../../../../CrashSite3D/Intermediate/Shaders/WorkingDirectory/17920/).
[2019.08.04-07.22.14:147][  0]LogShaderCompilers: Cleaned the shader compiler working directory 'C:/Users/goolo/AppData/Local/Temp/UnrealShaderWorkingDir/120A913742EE351A3B4936AA1F97E623/'.
[2019.08.04-07.22.14:156][  0]LogXGEController: Cleaning working directory: C:/Users/goolo/AppData/Local/Temp/UnrealXGEWorkingDir/
[2019.08.04-07.22.14:156][  0]LogXGEController: Cannot use XGE Controller as Incredibuild is not installed on this machine.
[2019.08.04-07.22.14:156][  0]LogShaderCompilers: Cannot use XGE Shader Compiler as Incredibuild is not installed on this machine.
[2019.08.04-07.22.14:156][  0]LogShaderCompilers: Display: Using Local Shader Compiler.
[2019.08.04-07.22.15:678][  0]LogDerivedDataCache: Display: Max Cache Size: 512 MB
[2019.08.04-07.22.15:718][  0]LogDerivedDataCache: Loaded boot cache 0.04s 66MB ../../../../CrashSite3D/DerivedDataCache/Boot.ddc.
[2019.08.04-07.22.15:718][  0]LogDerivedDataCache: Display: Loaded Boot cache: ../../../../CrashSite3D/DerivedDataCache/Boot.ddc
[2019.08.04-07.22.15:718][  0]LogDerivedDataCache: FDerivedDataBackendGraph:  Pak pak cache file ../../../../CrashSite3D/DerivedDataCache/DDC.ddp not found, will not use a pak cache.
[2019.08.04-07.22.15:718][  0]LogDerivedDataCache: Unable to find inner node Pak for hierarchical cache Hierarchy.
[2019.08.04-07.22.15:718][  0]LogDerivedDataCache: FDerivedDataBackendGraph:  EnginePak pak cache file ../../../Engine/DerivedDataCache/DDC.ddp not found, will not use a pak cache.
[2019.08.04-07.22.15:718][  0]LogDerivedDataCache: Unable to find inner node EnginePak for hierarchical cache Hierarchy.
[2019.08.04-07.22.15:821][  0]LogDerivedDataCache: Using Local data cache path ../../../Engine/DerivedDataCache: Writable
[2019.08.04-07.22.15:821][  0]LogDerivedDataCache: Shared data cache path not found in *engine.ini, will not use an Shared cache.
[2019.08.04-07.22.15:821][  0]LogDerivedDataCache: Unable to find inner node Shared for hierarchical cache Hierarchy.
[2019.08.04-07.22.15:840][  0]LogMaterial: Verifying Global Shaders for PCD3D_SM5
[2019.08.04-07.22.15:840][  0]LogSlate: Using FreeType 2.6.0
[2019.08.04-07.22.15:844][  0]LogSlate: SlateFontServices - WITH_FREETYPE: 1, WITH_HARFBUZZ: 1
[2019.08.04-07.22.16:122][  0]LogAssetRegistry: FAssetRegistry took 0.0413 seconds to start up
[2019.08.04-07.22.16:458][  0]LogInit: Selected Device Profile: [Windows]
[2019.08.04-07.22.16:887][  0]LogMeshReduction: Using QuadricMeshReduction for automatic static mesh reduction
[2019.08.04-07.22.16:887][  0]LogMeshReduction: Using SimplygonMeshReduction for automatic skeletal mesh reduction
[2019.08.04-07.22.16:887][  0]LogMeshReduction: Using ProxyLODMeshReduction for automatic mesh merging
[2019.08.04-07.22.16:887][  0]LogMeshReduction: No distributed automatic mesh merging module available
[2019.08.04-07.22.16:887][  0]LogMeshMerging: No distributed automatic mesh merging module available
[2019.08.04-07.22.16:901][  0]LogNetVersion: CrashSite3D 1.0.0, NetCL: 0, EngineNetVer: 10, GameNetVer: 0 (Checksum: 852609680)
[2019.08.04-07.22.17:461][  0]LogPackageLocalizationCache: Processed 11 localized package path(s) for 1 prioritized culture(s) in 0.111491 seconds
[2019.08.04-07.22.17:465][  0]LogUObjectArray: 42194 objects as part of root set at end of initial load.
[2019.08.04-07.22.17:465][  0]LogUObjectAllocator: 7322816 out of 0 bytes used by permanent object pool.
[2019.08.04-07.22.17:465][  0]LogUObjectArray: CloseDisregardForGC: 0/0 objects in disregard for GC pool
[2019.08.04-07.22.21:406][  0]LogTcpMessaging: Initializing TcpMessaging bridge
[2019.08.04-07.22.21:435][  0]LogUdpMessaging: Initializing bridge on interface 0.0.0.0:0 to multicast group 230.0.0.1:6666.
[2019.08.04-07.22.21:815][  0]SourceControl: Source control is disabled
[2019.08.04-07.22.23:548][  0]LogAndroidPermission: UAndroidPermissionCallbackProxy::GetInstance
[2019.08.04-07.22.24:074][  0]LogOcInput: OculusInput pre-init called
[2019.08.04-07.22.27:112][  0]LogEngine: Initializing Engine...
[2019.08.04-07.22.27:113][  0]LogHMD: Failed to initialize OpenVR with code 110
[2019.08.04-07.22.27:115][  0]LogStats: UGameplayTagsManager::InitializeManager -  0.000 s
[2019.08.04-07.22.27:345][  0]LogInit: Initializing FReadOnlyCVARCache
[2019.08.04-07.22.27:438][  0]LogAIModule: Creating AISystem for world Untitled
[2019.08.04-07.22.27:489][  0]LogInit: XAudio2 using 'Speakers (Realtek High Definition Audio)' : 2 channels at 48 kHz using 32 bits per sample (channel mask 0x3)
[2019.08.04-07.22.27:643][  0]LogInit: FAudioDevice initialized.
[2019.08.04-07.22.27:643][  0]LogNetVersion: Set ProjectVersion to 1.0.0.0. Version Checksum will be recalculated on next use.
[2019.08.04-07.22.29:415][  0]LogDerivedDataCache: Saved boot cache 1.77s 66MB ../../../../CrashSite3D/DerivedDataCache/Boot.ddc.
[2019.08.04-07.22.29:650][  0]LogInit: Texture streaming: Enabled
[2019.08.04-07.22.29:728][  0]LogEngineSessionManager: EngineSessionManager initialized
[2019.08.04-07.22.29:761][  0]LogEngineSessionManager: EngineSessionManager sent abnormal shutdown report. Type=Crashed, SessionId={CA29B7F7-437C-2452-7117-CFB62086C82C}
[2019.08.04-07.22.29:849][  0]LogInit: Transaction tracking system initialized
[2019.08.04-07.22.30:021][  0]BlueprintLog: New page: Editor Load
[2019.08.04-07.22.30:618][  0]LocalizationService: Localization service is disabled
[2019.08.04-07.22.31:379][  0]LogFileCache: Scanning file cache for directory 'F:/Epic Games/CrashSite3D/Content/' took 0.01s
[2019.08.04-07.22.31:379][  0]LogCook: Display: Max memory allowance for cook 16384mb min free memory 0mb
[2019.08.04-07.22.31:379][  0]LogCook: Display: Mobile HDR setting 1
[2019.08.04-07.22.32:317][  0]Cmd: MAP LOAD FILE="../../../../CrashSite3D/Content/AccidentMap.umap" TEMPLATE=0 SHOWPROGRESS=1 FEATURELEVEL=3
[2019.08.04-07.22.32:320][  0]LightingResults: New page: Lighting Build
[2019.08.04-07.22.32:330][  0]MapCheck: New page: Map Check
[2019.08.04-07.22.32:330][  0]LightingResults: New page: Lighting Build
[2019.08.04-07.22.32:359][  0]LogUObjectHash: Compacting FUObjectHashTables data took   1.63ms
[2019.08.04-07.22.32:827][  0]LogBlueprint: Error: [Compiler CrashInterface] In use pin  <Unnamed>  no longer exists on node  Calculate Heatmap . Please refresh node or break links to remove pin.
[2019.08.04-07.22.32:827][  0]LogBlueprint: Error: [Compiler CrashInterface] Could not find a function named "CalculateHeatmap" in 'CrashFunctions_C'.
Make sure 'CrashFunctions_C' has been compiled for  Calculate Heatmap
[2019.08.04-07.22.33:020][  0]LogBlueprint: Warning: [Compiler CrashInterface] [0026.63] Compile of CrashInterface failed. 2 Fatal Issue(s) 0 Warning(s) [in 312 ms] (/Game/Blueprints/User/Interfaces/CrashInterface.CrashInterface)
[2019.08.04-07.22.33:755][  0]LogAIModule: Creating AISystem for world AccidentMap
[2019.08.04-07.22.33:767][  0]LogEditorServer: Finished looking for orphan Actors (0.000 secs)
[2019.08.04-07.22.33:799][  0]LogUObjectHash: Compacting FUObjectHashTables data took   2.30ms
[2019.08.04-07.22.33:799][  0]Cmd: MAP CHECKDEP NOCLEARLOG
[2019.08.04-07.22.33:799][  0]MapCheck: Map check complete: 0 Error(s), 0 Warning(s), took 0.071ms to complete.
[2019.08.04-07.22.33:799][  0]LogFileHelpers: Loading map 'AccidentMap' took 1.482
[2019.08.04-07.22.33:979][  0]LogSlate: Updating window title bar state: overlay mode, drag disabled, window buttons hidden, title bar hidden
[2019.08.04-07.22.33:987][  0]LogSlate: Updating window title bar state: overlay mode, drag disabled, window buttons hidden, title bar hidden
[2019.08.04-07.22.33:995][  0]LogSlate: Updating window title bar state: overlay mode, drag disabled, window buttons hidden, title bar hidden
[2019.08.04-07.22.34:005][  0]LogSlate: Updating window title bar state: overlay mode, drag disabled, window buttons hidden, title bar hidden
[2019.08.04-07.22.34:031][  0]LogCollectionManager: Loaded 0 collections in 0.001907 seconds
[2019.08.04-07.22.34:080][  0]LogFileCache: Scanning file cache for directory 'F:/Epic Games/CrashSite3D/Saved/Collections/' took 0.01s
[2019.08.04-07.22.34:080][  0]LogFileCache: Scanning file cache for directory 'F:/Epic Games/CrashSite3D/Content/Developers/Goolog/Collections/' took 0.01s
[2019.08.04-07.22.34:080][  0]LogFileCache: Scanning file cache for directory 'F:/Epic Games/CrashSite3D/Content/Collections/' took 0.01s
[2019.08.04-07.22.34:080][  0]LogCollectionManager: Rebuilt the GUID cache for 0 collections in 0.000000 seconds
[2019.08.04-07.22.34:089][  0]LogContentBrowser: Native class hierarchy populated in 0.0091 seconds. Added 2733 classes and 663 folders.
[2019.08.04-07.22.34:111][  0]LogContentBrowser: Native class hierarchy updated for 'WidgetCarousel' in 0.0003 seconds. Added 0 classes and 0 folders.
[2019.08.04-07.22.34:117][  0]LogPakFile: Registered encryption key '00000000000000000000000000000000': 0 pak files mounted, 0 remain pending
[2019.08.04-07.22.34:121][  0]LogPakFile: Registered encryption key '00000000000000000000000000000000': 0 pak files mounted, 0 remain pending
[2019.08.04-07.22.34:124][  0]LogPakFile: Registered encryption key '00000000000000000000000000000000': 0 pak files mounted, 0 remain pending
[2019.08.04-07.22.34:127][  0]LogPakFile: Registered encryption key '00000000000000000000000000000000': 0 pak files mounted, 0 remain pending
[2019.08.04-07.22.34:131][  0]LogPakFile: Registered encryption key '00000000000000000000000000000000': 0 pak files mounted, 0 remain pending
[2019.08.04-07.22.34:133][  0]LogPakFile: Registered encryption key '00000000000000000000000000000000': 0 pak files mounted, 0 remain pending
[2019.08.04-07.22.34:136][  0]LogPakFile: Registered encryption key '00000000000000000000000000000000': 0 pak files mounted, 0 remain pending
[2019.08.04-07.22.34:140][  0]LogPakFile: Registered encryption key '00000000000000000000000000000000': 0 pak files mounted, 0 remain pending
[2019.08.04-07.22.34:142][  0]LogPakFile: Registered encryption key '00000000000000000000000000000000': 0 pak files mounted, 0 remain pending
[2019.08.04-07.22.34:146][  0]LogPakFile: Registered encryption key '00000000000000000000000000000000': 0 pak files mounted, 0 remain pending
[2019.08.04-07.22.34:148][  0]LogPakFile: Registered encryption key '00000000000000000000000000000000': 0 pak files mounted, 0 remain pending
[2019.08.04-07.22.34:151][  0]LogPakFile: Registered encryption key '00000000000000000000000000000000': 0 pak files mounted, 0 remain pending
[2019.08.04-07.22.34:154][  0]LogPakFile: Registered encryption key '00000000000000000000000000000000': 0 pak files mounted, 0 remain pending
[2019.08.04-07.22.34:157][  0]LogPakFile: Registered encryption key '00000000000000000000000000000000': 0 pak files mounted, 0 remain pending
[2019.08.04-07.22.34:160][  0]LogPakFile: Registered encryption key '00000000000000000000000000000000': 0 pak files mounted, 0 remain pending
[2019.08.04-07.22.34:163][  0]LogPakFile: Registered encryption key '00000000000000000000000000000000': 0 pak files mounted, 0 remain pending
[2019.08.04-07.22.34:167][  0]LogPakFile: Registered encryption key '00000000000000000000000000000000': 0 pak files mounted, 0 remain pending
[2019.08.04-07.22.34:170][  0]LogPakFile: Registered encryption key '00000000000000000000000000000000': 0 pak files mounted, 0 remain pending
[2019.08.04-07.22.34:173][  0]LogPakFile: Registered encryption key '00000000000000000000000000000000': 0 pak files mounted, 0 remain pending
[2019.08.04-07.22.34:175][  0]LogPakFile: Registered encryption key '00000000000000000000000000000000': 0 pak files mounted, 0 remain pending
[2019.08.04-07.22.34:178][  0]LogPakFile: Registered encryption key '00000000000000000000000000000000': 0 pak files mounted, 0 remain pending
[2019.08.04-07.22.34:182][  0]LogPakFile: Registered encryption key '00000000000000000000000000000000': 0 pak files mounted, 0 remain pending
[2019.08.04-07.22.34:185][  0]LogPakFile: Registered encryption key '00000000000000000000000000000000': 0 pak files mounted, 0 remain pending
[2019.08.04-07.22.34:187][  0]LogPakFile: Registered encryption key '00000000000000000000000000000000': 0 pak files mounted, 0 remain pending
[2019.08.04-07.22.34:190][  0]LogPakFile: Registered encryption key '00000000000000000000000000000000': 0 pak files mounted, 0 remain pending
[2019.08.04-07.22.34:193][  0]LogPakFile: Registered encryption key '00000000000000000000000000000000': 0 pak files mounted, 0 remain pending
[2019.08.04-07.22.34:300][  0]LogContentBrowser: Native class hierarchy updated for 'AddContentDialog' in 0.0003 seconds. Added 0 classes and 0 folders.
[2019.08.04-07.22.34:328][  0]LogContentBrowser: Native class hierarchy updated for 'SceneOutliner' in 0.0003 seconds. Added 1 classes and 2 folders.
[2019.08.04-07.22.34:412][  0]LogSlate: Updating window title bar state: overlay mode, drag disabled, window buttons hidden, title bar hidden
[2019.08.04-07.22.34:418][  0]LogSlate: Updating window title bar state: overlay mode, drag disabled, window buttons hidden, title bar hidden
[2019.08.04-07.22.34:425][  0]LogSlate: Updating window title bar state: overlay mode, drag disabled, window buttons hidden, title bar hidden
[2019.08.04-07.22.34:431][  0]LogSlate: Updating window title bar state: overlay mode, drag disabled, window buttons hidden, title bar hidden
[2019.08.04-07.22.34:458][  0]LogSlate: Took 0.001877 seconds to synchronously load lazily loaded font '../../../Engine/Content/Slate/Fonts/Roboto-Regular.ttf' (155K)
[2019.08.04-07.22.34:463][  0]LogSlate: Took 0.001517 seconds to synchronously load lazily loaded font '../../../Engine/Content/Slate/Fonts/Roboto-Bold.ttf' (160K)
[2019.08.04-07.22.34:467][  0]LogSlate: Took 0.001263 seconds to synchronously load lazily loaded font '../../../Engine/Content/Editor/Slate/Fonts/FontAwesome.ttf' (139K)
[2019.08.04-07.22.34:535][  0]LogRenderer: Reallocating scene render targets to support 1140x608 Format 10 NumSamples 1 (Frame:1).
[2019.08.04-07.22.34:570][  0]LogSlate: Took 0.001487 seconds to synchronously load lazily loaded font '../../../Engine/Content/Slate/Fonts/Roboto-Light.ttf' (167K)
[2019.08.04-07.22.34:585][  0]LogRenderer: Reallocating scene render targets to support 1352x868 Format 10 NumSamples 1 (Frame:2).
[2019.08.04-07.22.34:726][  0]LogContentBrowser: Native class hierarchy updated for 'HierarchicalLODOutliner' in 0.0002 seconds. Added 0 classes and 0 folders.
[2019.08.04-07.22.34:726][  0]LogLoad: (Engine Initialization) Total time: 28.33 seconds
[2019.08.04-07.22.34:726][  0]LogLoad: (Engine Initialization) Total Blueprint compile time: 0.00 seconds
[2019.08.04-07.22.34:759][  0]LogAssetRegistry: Asset discovery search completed in 18.6587 seconds
[2019.08.04-07.22.34:761][  0]LogCollectionManager: Rebuilt the object cache for 0 collections in 0.000000 seconds (found 0 objects)
[2019.08.04-07.22.34:761][  0]LogCollectionManager: Fixed up redirectors for 0 collections in 0.000051 seconds (updated 0 objects)
[2019.08.04-07.22.34:762][  0]LogContentStreaming: Texture pool size now 1000 MB
[2019.08.04-07.22.35:818][102]LogSlate: Took 0.001391 seconds to synchronously load lazily loaded font '../../../Engine/Content/Slate/Fonts/Roboto-Light.ttf' (167K)
