Log file open, 09/03/19 10:35:28
LogWindows: Failed to load 'aqProf.dll' (GetLastError=126)
LogWindows: File 'aqProf.dll' does not exist
LogWindows: Failed to load 'VtuneApi.dll' (GetLastError=126)
LogWindows: File 'VtuneApi.dll' does not exist
LogWindows: Failed to load 'VtuneApi32e.dll' (GetLastError=126)
LogWindows: File 'VtuneApi32e.dll' does not exist
LogConsoleResponse: Display: Failed to find resolution value strings in scalability ini. Falling back to default.
LogInit: Display: Running engine for game: CrashSite3D
LogPakFile: Registered encryption key '00000000000000000000000000000000': 0 pak files mounted, 0 remain pending
LogPlatformFile: Not using cached read wrapper
LogTaskGraph: Started task graph with 5 named threads and 11 total threads with 3 sets of task threads.
LogStats: Stats thread started at 0.309976
LogD3D11RHI: Loaded GFSDK_Aftermath_Lib.x64.dll
LogICUInternationalization: ICU TimeZone Detection - Raw Offset: +10:00, Platform Override: ''
LogPluginManager: Mounting plugin Paper2D
LogPluginManager: Mounting plugin AISupport
LogPluginManager: Mounting plugin LightPropagationVolume
LogPluginManager: Mounting plugin ActorLayerUtilities
LogPluginManager: Mounting plugin AnimationSharing
LogPluginManager: Mounting plugin CLionSourceCodeAccess
LogPluginManager: Mounting plugin CodeLiteSourceCodeAccess
LogPluginManager: Mounting plugin GitSourceControl
LogPluginManager: Mounting plugin KDevelopSourceCodeAccess
LogPluginManager: Mounting plugin NullSourceCodeAccess
LogPluginManager: Mounting plugin PerforceSourceControl
LogPluginManager: Mounting plugin SubversionSourceControl
LogPluginManager: Mounting plugin UObjectPlugin
LogPluginManager: Mounting plugin VisualStudioCodeSourceCodeAccess
LogPluginManager: Mounting plugin VisualStudioSourceCodeAccess
LogPluginManager: Mounting plugin XCodeSourceCodeAccess
LogPluginManager: Mounting plugin AssetManagerEditor
LogPluginManager: Mounting plugin CryptoKeys
LogPluginManager: Mounting plugin DataValidation
LogPluginManager: Mounting plugin FacialAnimation
LogPluginManager: Mounting plugin GameplayTagsEditor
LogPluginManager: Mounting plugin MacGraphicsSwitching
LogPluginManager: Mounting plugin MaterialAnalyzer
LogPluginManager: Mounting plugin MobileLauncherProfileWizard
LogPluginManager: Mounting plugin PluginBrowser
LogPluginManager: Mounting plugin SpeedTreeImporter
LogPluginManager: Mounting plugin DatasmithContent
LogPluginManager: Mounting plugin VariantManagerContent
LogPluginManager: Mounting plugin AlembicImporter
LogPluginManager: Mounting plugin AppleImageUtils
LogPluginManager: Mounting plugin AppleVision
LogPluginManager: Mounting plugin BackChannel
LogPluginManager: Mounting plugin CharacterAI
LogPluginManager: Mounting plugin GeometryCache
LogPluginManager: Mounting plugin HTML5Networking
LogPluginManager: Mounting plugin ProxyLODPlugin
LogPluginManager: Mounting plugin SkeletalReduction
LogPluginManager: Mounting plugin MagicLeap
LogPluginManager: Mounting plugin MagicLeapMedia
LogPluginManager: Mounting plugin AndroidMedia
LogPluginManager: Mounting plugin AvfMedia
LogPluginManager: Mounting plugin ImgMedia
LogPluginManager: Mounting plugin LinearTimecode
LogPluginManager: Mounting plugin MediaCompositing
LogPluginManager: Mounting plugin MediaPlayerEditor
LogPluginManager: Mounting plugin WebMMedia
LogPluginManager: Mounting plugin WmfMedia
LogPluginManager: Mounting plugin TcpMessaging
LogPluginManager: Mounting plugin UdpMessaging
LogPluginManager: Mounting plugin ActorSequence
LogPluginManager: Mounting plugin LevelSequenceEditor
LogPluginManager: Mounting plugin MatineeToLevelSequence
LogPluginManager: Mounting plugin NetcodeUnitTest
LogPluginManager: Mounting plugin NUTUnrealEngine4
LogPluginManager: Mounting plugin OnlineSubsystemGooglePlay
LogPluginManager: Mounting plugin OnlineSubsystemIOS
LogPluginManager: Mounting plugin OnlineSubsystem
LogPluginManager: Mounting plugin OnlineSubsystemNull
LogPluginManager: Mounting plugin OnlineSubsystemUtils
LogPluginManager: Mounting plugin LauncherChunkInstaller
LogPluginManager: Mounting plugin AndroidDeviceProfileSelector
LogPluginManager: Mounting plugin AndroidMoviePlayer
LogPluginManager: Mounting plugin AndroidPermission
LogPluginManager: Mounting plugin AppleMoviePlayer
LogPluginManager: Mounting plugin ArchVisCharacter
LogPluginManager: Mounting plugin AudioCapture
LogPluginManager: Mounting plugin CableComponent
LogPluginManager: Mounting plugin CustomMeshComponent
LogPluginManager: Mounting plugin EditableMesh
LogPluginManager: Mounting plugin ExampleDeviceProfileSelector
LogPluginManager: Mounting plugin Firebase
LogPluginManager: Mounting plugin GoogleCloudMessaging
LogPluginManager: Mounting plugin IOSDeviceProfileSelector
LogPluginManager: Mounting plugin LinuxDeviceProfileSelector
LogPluginManager: Mounting plugin LocationServicesBPLibrary
LogPluginManager: Mounting plugin MobilePatchingUtils
LogPluginManager: Mounting plugin OculusVR
LogPluginManager: Mounting plugin PhysXVehicles
LogPluginManager: Mounting plugin ProceduralMeshComponent
LogPluginManager: Mounting plugin RuntimePhysXCooking
LogPluginManager: Mounting plugin SignificanceManager
LogPluginManager: Mounting plugin SteamVR
LogPluginManager: Mounting plugin SunPosition
LogPluginManager: Mounting plugin WebMMoviePlayer
LogPluginManager: Mounting plugin WindowsMoviePlayer
LogInit: Using libcurl 7.55.1-DEV
LogInit:  - built for x86_64-pc-win32
LogInit:  - supports SSL with OpenSSL/1.1.1
LogInit:  - supports HTTP deflate (compression) using libz 1.2.8
LogInit:  - other features:
LogInit:      CURL_VERSION_SSL
LogInit:      CURL_VERSION_LIBZ
LogInit:      CURL_VERSION_IPV6
LogInit:      CURL_VERSION_ASYNCHDNS
LogInit:      CURL_VERSION_LARGEFILE
LogInit:      CURL_VERSION_IDN
LogInit:  CurlRequestOptions (configurable via config and command line):
LogInit:  - bVerifyPeer = true  - Libcurl will verify peer certificate
LogInit:  - bUseHttpProxy = false  - Libcurl will NOT use HTTP proxy
LogInit:  - bDontReuseConnections = false  - Libcurl will reuse connections
LogInit:  - MaxHostConnections = 16  - Libcurl will limit the number of connections to a host
LogInit:  - LocalHostAddr = Default
LogInit:  - BufferSize = 65536
LogInit: WinSock: version 1.1 (2.2), MaxSocks=32767, MaxUdp=65467
LogInit: Build: ++UE4+Release-4.22-CL-0
LogInit: Engine Version: 4.22.3-0+++UE4+Release-4.22
LogInit: Compatible Engine Version: 4.22.0-0+++UE4+Release-4.22
LogInit: Net CL: 0
LogInit: OS: Windows 10 (Release 1803) (), CPU: Intel(R) Core(TM) i7-7500U CPU @ 2.70GHz, GPU: Intel(R) HD Graphics 620
LogInit: Compiled (64-bit): Sep  2 2019 22:27:50
LogInit: Compiled with Visual C++: 19.16.27031.01
LogInit: Build Configuration: Development
LogInit: Branch Name: ++UE4+Release-4.22
LogInit: Command Line:  /Game/AccidentMap -game -PIEVIACONSOLE -ResX=1280 -ResY=720 -Multiprocess -messaging -SessionName="Play in Standalone Game" -windowed
LogInit: Base Directory: I:/Epic Games/UnrealEngine-release/Engine/Binaries/Win64/
LogInit: Installed Engine Build: 0
LogDevObjectVersion: Number of dev versions registered: 23
LogDevObjectVersion:   Dev-Blueprints (B0D832E4-1F89-4F0D-ACCF-7EB736FD4AA2): 10
LogDevObjectVersion:   Dev-Build (E1C64328-A22C-4D53-A36C-8E866417BD8C): 0
LogDevObjectVersion:   Dev-Core (375EC13C-06E4-48FB-B500-84F0262A717E): 3
LogDevObjectVersion:   Dev-Editor (E4B068ED-F494-42E9-A231-DA0B2E46BB41): 30
LogDevObjectVersion:   Dev-Framework (CFFC743F-43B0-4480-9391-14DF171D2073): 35
LogDevObjectVersion:   Dev-Mobile (B02B49B5-BB20-44E9-A304-32B752E40360): 2
LogDevObjectVersion:   Dev-Networking (A4E4105C-59A1-49B5-A7C5-40C4547EDFEE): 0
LogDevObjectVersion:   Dev-Online (39C831C9-5AE6-47DC-9A44-9C173E1C8E7C): 0
LogDevObjectVersion:   Dev-Physics (78F01B33-EBEA-4F98-B9B4-84EACCB95AA2): 0
LogDevObjectVersion:   Dev-Platform (6631380F-2D4D-43E0-8009-CF276956A95A): 0
LogDevObjectVersion:   Dev-Rendering (12F88B9F-8875-4AFC-A67C-D90C383ABD29): 28
LogDevObjectVersion:   Dev-Sequencer (7B5AE74C-D270-4C10-A958-57980B212A5A): 11
LogDevObjectVersion:   Dev-VR (D7296918-1DD6-4BDD-9DE2-64A83CC13884): 2
LogDevObjectVersion:   Dev-LoadTimes (C2A15278-BFE7-4AFE-6C17-90FF531DF755): 1
LogDevObjectVersion:   Private-Geometry (6EACA3D4-40EC-4CC1-B786-8BED09428FC5): 3
LogDevObjectVersion:   Dev-AnimPhys (29E575DD-E0A3-4627-9D10-D276232CDCEA): 17
LogDevObjectVersion:   Dev-Anim (AF43A65D-7FD3-4947-9873-3E8ED9C1BB05): 2
LogDevObjectVersion:   Dev-ReflectionCapture (6B266CEC-1EC7-4B8F-A30B-E4D90942FC07): 1
LogDevObjectVersion:   Dev-Automation (0DF73D61-A23F-47EA-B727-89E90C41499A): 1
LogDevObjectVersion:   FortniteMain (601D1886-AC64-4F84-AA16-D3DE0DEAC7D6): 25
LogDevObjectVersion:   Dev-Enterprise (9DFFBCD6-494F-0158-E221-12823C92A888): 6
LogDevObjectVersion:   Dev-Niagara (F2AED0AC-9AFE-416F-8664-AA7FFA26D6FC): 1
LogDevObjectVersion:   Dev-Destruction (174F1F0B-B4C6-45A5-B13F-2EE8D0FB917D): 2
LogInit: Presizing for max 16777216 objects, including 0 objects not considered by GC, pre-allocating 0 bytes for permanent pool.
LogInit: Object subsystem initialized
LogConfig: Setting CVar [[con.DebugEarlyDefault:1]]
LogConfig: Setting CVar [[r.setres:1280x720]]
[2019.09.03-00.35.29:708][  0]LogConfig: Setting CVar [[con.DebugEarlyDefault:1]]
[2019.09.03-00.35.29:708][  0]LogConfig: Setting CVar [[r.setres:1280x720]]
[2019.09.03-00.35.29:708][  0]LogConfig: Applying CVar settings from Section [/Script/Engine.RendererSettings] File [I:/Epic Games/CrashSite3D/Saved/Config/Windows/Engine.ini]
[2019.09.03-00.35.29:708][  0]LogConfig: Setting CVar [[r.GPUCrashDebugging:0]]
[2019.09.03-00.35.29:708][  0]LogConfig: Setting CVar [[r.MobileHDR:1]]
[2019.09.03-00.35.29:708][  0]LogConfig: Setting CVar [[r.Mobile.DisableVertexFog:1]]
[2019.09.03-00.35.29:708][  0]LogConfig: Setting CVar [[r.Shadow.CSM.MaxMobileCascades:2]]
[2019.09.03-00.35.29:708][  0]LogConfig: Setting CVar [[r.MobileMSAA:1]]
[2019.09.03-00.35.29:708][  0]LogConfig: Setting CVar [[r.Mobile.UseLegacyShadingModel:0]]
[2019.09.03-00.35.29:708][  0]LogConfig: Setting CVar [[r.Mobile.UseHWsRGBEncoding:0]]
[2019.09.03-00.35.29:709][  0]LogConfig: Setting CVar [[r.Mobile.AllowDitheredLODTransition:0]]
[2019.09.03-00.35.29:709][  0]LogConfig: Setting CVar [[r.Mobile.AllowSoftwareOcclusion:0]]
[2019.09.03-00.35.29:709][  0]LogConfig: Setting CVar [[r.DiscardUnusedQuality:1]]
[2019.09.03-00.35.29:709][  0]LogConfig: Setting CVar [[r.AllowOcclusionQueries:1]]
[2019.09.03-00.35.29:709][  0]LogConfig: Setting CVar [[r.MinScreenRadiusForLights:0.030000]]
[2019.09.03-00.35.29:710][  0]LogConfig: Setting CVar [[r.MinScreenRadiusForDepthPrepass:0.030000]]
[2019.09.03-00.35.29:710][  0]LogConfig: Setting CVar [[r.MinScreenRadiusForCSMDepth:0.010000]]
[2019.09.03-00.35.29:710][  0]LogConfig: Setting CVar [[r.PrecomputedVisibilityWarning:0]]
[2019.09.03-00.35.29:710][  0]LogConfig: Setting CVar [[r.TextureStreaming:1]]
[2019.09.03-00.35.29:711][  0]LogConfig: Setting CVar [[Compat.UseDXT5NormalMaps:0]]
[2019.09.03-00.35.29:711][  0]LogConfig: Setting CVar [[r.ClearCoatNormal:0]]
[2019.09.03-00.35.29:711][  0]LogConfig: Setting CVar [[r.ReflectionCaptureResolution:128]]
[2019.09.03-00.35.29:711][  0]LogConfig: Setting CVar [[r.ReflectionEnvironmentLightmapMixBasedOnRoughness:1]]
[2019.09.03-00.35.29:711][  0]LogConfig: Setting CVar [[r.ForwardShading:0]]
[2019.09.03-00.35.29:711][  0]LogConfig: Setting CVar [[r.VertexFoggingForOpaque:1]]
[2019.09.03-00.35.29:711][  0]LogConfig: Setting CVar [[r.AllowStaticLighting:0]]
[2019.09.03-00.35.29:711][  0]LogConfig: Setting CVar [[r.NormalMapsForStaticLighting:0]]
[2019.09.03-00.35.29:711][  0]LogConfig: Setting CVar [[r.GenerateMeshDistanceFields:0]]
[2019.09.03-00.35.29:711][  0]LogConfig: Setting CVar [[r.DistanceFieldBuild.EightBit:0]]
[2019.09.03-00.35.29:711][  0]LogConfig: Setting CVar [[r.GenerateLandscapeGIData:0]]
[2019.09.03-00.35.29:711][  0]LogConfig: Setting CVar [[r.DistanceFieldBuild.Compress:0]]
[2019.09.03-00.35.29:711][  0]LogConfig: Setting CVar [[r.TessellationAdaptivePixelsPerTriangle:48.000000]]
[2019.09.03-00.35.29:711][  0]LogConfig: Setting CVar [[r.SeparateTranslucency:1]]
[2019.09.03-00.35.29:711][  0]LogConfig: Setting CVar [[r.TranslucentSortPolicy:0]]
[2019.09.03-00.35.29:712][  0]LogConfig: Setting CVar [[r.CustomDepth:1]]
[2019.09.03-00.35.29:712][  0]LogConfig: Setting CVar [[r.CustomDepthTemporalAAJitter:1]]
[2019.09.03-00.35.29:712][  0]LogConfig: Setting CVar [[r.PostProcessing.PropagateAlpha:0]]
[2019.09.03-00.35.29:713][  0]LogConfig: Setting CVar [[r.DOF.Algorithm:1]]
[2019.09.03-00.35.29:713][  0]LogConfig: Setting CVar [[r.DefaultFeature.Bloom:1]]
[2019.09.03-00.35.29:713][  0]LogConfig: Setting CVar [[r.DefaultFeature.AmbientOcclusion:1]]
[2019.09.03-00.35.29:713][  0]LogConfig: Setting CVar [[r.DefaultFeature.AmbientOcclusionStaticFraction:0]]
[2019.09.03-00.35.29:713][  0]LogConfig: Setting CVar [[r.DefaultFeature.AutoExposure:0]]
[2019.09.03-00.35.29:713][  0]LogConfig: Setting CVar [[r.DefaultFeature.AutoExposure.Method:0]]
[2019.09.03-00.35.29:713][  0]LogConfig: Setting CVar [[r.DefaultFeature.AutoExposure.ExtendDefaultLuminanceRange:1]]
[2019.09.03-00.35.29:713][  0]LogConfig: Setting CVar [[r.UsePreExposure:0]]
[2019.09.03-00.35.29:713][  0]LogConfig: Setting CVar [[r.DefaultFeature.MotionBlur:0]]
[2019.09.03-00.35.29:713][  0]LogConfig: Setting CVar [[r.DefaultFeature.LensFlare:0]]
[2019.09.03-00.35.29:713][  0]LogConfig: Setting CVar [[r.TemporalAA.Upsampling:0]]
[2019.09.03-00.35.29:714][  0]LogConfig: Setting CVar [[r.DefaultFeature.AntiAliasing:0]]
[2019.09.03-00.35.29:714][  0]LogConfig: Setting CVar [[r.DefaultFeature.LightUnits:2]]
[2019.09.03-00.35.29:714][  0]LogConfig: Setting CVar [[r.DefaultBackBufferPixelFormat:4]]
[2019.09.03-00.35.29:715][  0]LogConfig: Setting CVar [[r.Shadow.UnbuiltPreviewInGame:1]]
[2019.09.03-00.35.29:715][  0]LogConfig: Setting CVar [[r.StencilForLODDither:0]]
[2019.09.03-00.35.29:716][  0]LogConfig: Setting CVar [[r.EarlyZPass:3]]
[2019.09.03-00.35.29:716][  0]LogConfig: Setting CVar [[r.EarlyZPassOnlyMaterialMasking:0]]
[2019.09.03-00.35.29:716][  0]LogConfig: Setting CVar [[r.DBuffer:1]]
[2019.09.03-00.35.29:717][  0]LogConfig: Setting CVar [[r.ClearSceneMethod:1]]
[2019.09.03-00.35.29:717][  0]LogConfig: Setting CVar [[r.BasePassOutputsVelocity:0]]
[2019.09.03-00.35.29:717][  0]LogConfig: Setting CVar [[r.SelectiveBasePassOutputs:0]]
[2019.09.03-00.35.29:718][  0]LogConfig: Setting CVar [[fx.GPUSimulationTextureSizeX:1024]]
[2019.09.03-00.35.29:718][  0]LogConfig: Setting CVar [[fx.GPUSimulationTextureSizeY:1024]]
[2019.09.03-00.35.29:718][  0]LogConfig: Setting CVar [[r.AllowGlobalClipPlane:0]]
[2019.09.03-00.35.29:718][  0]LogConfig: Setting CVar [[r.GBufferFormat:1]]
[2019.09.03-00.35.29:718][  0]LogConfig: Setting CVar [[r.MorphTarget.Mode:1]]
[2019.09.03-00.35.29:718][  0]LogConfig: Setting CVar [[vr.InstancedStereo:0]]
[2019.09.03-00.35.29:718][  0]LogConfig: Setting CVar [[vr.MultiView:0]]
[2019.09.03-00.35.29:718][  0]LogConfig: Setting CVar [[vr.MobileMultiView:0]]
[2019.09.03-00.35.29:718][  0]LogConfig: Setting CVar [[vr.MobileMultiView.Direct:0]]
[2019.09.03-00.35.29:718][  0]LogConfig: Setting CVar [[vr.RoundRobinOcclusion:0]]
[2019.09.03-00.35.29:718][  0]LogConfig: Setting CVar [[vr.ODSCapture:0]]
[2019.09.03-00.35.29:718][  0]LogConfig: Setting CVar [[r.WireframeCullThreshold:5.000000]]
[2019.09.03-00.35.29:718][  0]LogConfig: Setting CVar [[r.RayTracing:0]]
[2019.09.03-00.35.29:718][  0]LogConfig: Setting CVar [[r.SupportStationarySkylight:0]]
[2019.09.03-00.35.29:718][  0]LogConfig: Setting CVar [[r.SupportLowQualityLightmaps:0]]
[2019.09.03-00.35.29:719][  0]LogConfig: Setting CVar [[r.SupportPointLightWholeSceneShadows:0]]
[2019.09.03-00.35.29:719][  0]LogConfig: Setting CVar [[r.SupportAtmosphericFog:1]]
[2019.09.03-00.35.29:719][  0]LogConfig: Setting CVar [[r.SkinCache.CompileShaders:0]]
[2019.09.03-00.35.29:719][  0]LogConfig: Setting CVar [[r.Mobile.EnableStaticAndCSMShadowReceivers:0]]
[2019.09.03-00.35.29:719][  0]LogConfig: Setting CVar [[r.Mobile.EnableMovableLightCSMShaderCulling:1]]
[2019.09.03-00.35.29:719][  0]LogConfig: Setting CVar [[r.Mobile.AllowDistanceFieldShadows:0]]
[2019.09.03-00.35.29:719][  0]LogConfig: Setting CVar [[r.Mobile.AllowMovableDirectionalLights:1]]
[2019.09.03-00.35.29:719][  0]LogConfig: Setting CVar [[r.MobileNumDynamicPointLights:0]]
[2019.09.03-00.35.29:719][  0]LogConfig: Setting CVar [[r.MobileDynamicPointLightsUseStaticBranch:0]]
[2019.09.03-00.35.29:719][  0]LogConfig: Setting CVar [[r.Mobile.EnableMovableSpotlights:0]]
[2019.09.03-00.35.29:719][  0]LogConfig: Setting CVar [[r.SkinCache.SceneMemoryLimitInMB:128.000000]]
[2019.09.03-00.35.29:719][  0]LogConfig: Setting CVar [[r.GPUSkin.Limit2BoneInfluences:0]]
[2019.09.03-00.35.29:719][  0]LogConfig: Setting CVar [[r.SupportDepthOnlyIndexBuffers:1]]
[2019.09.03-00.35.29:720][  0]LogConfig: Setting CVar [[r.SupportReversedIndexBuffers:1]]
[2019.09.03-00.35.29:720][  0]LogConfig: Setting CVar [[r.SupportMaterialLayers:0]]
[2019.09.03-00.35.29:720][  0]LogConfig: Applying CVar settings from Section [/Script/Engine.RendererOverrideSettings] File [I:/Epic Games/CrashSite3D/Saved/Config/Windows/Engine.ini]
[2019.09.03-00.35.29:720][  0]LogConfig: Applying CVar settings from Section [/Script/Engine.StreamingSettings] File [I:/Epic Games/CrashSite3D/Saved/Config/Windows/Engine.ini]
[2019.09.03-00.35.29:720][  0]LogConfig: Setting CVar [[s.MinBulkDataSizeForAsyncLoading:131072]]
[2019.09.03-00.35.29:720][  0]LogConfig: Setting CVar [[s.AsyncLoadingThreadEnabled:0]]
[2019.09.03-00.35.29:720][  0]LogConfig: Setting CVar [[s.EventDrivenLoaderEnabled:1]]
[2019.09.03-00.35.29:720][  0]LogConfig: Setting CVar [[s.WarnIfTimeLimitExceeded:0]]
[2019.09.03-00.35.29:720][  0]LogConfig: Setting CVar [[s.TimeLimitExceededMultiplier:1.5]]
[2019.09.03-00.35.29:720][  0]LogConfig: Setting CVar [[s.TimeLimitExceededMinTime:0.005]]
[2019.09.03-00.35.29:720][  0]LogConfig: Setting CVar [[s.UseBackgroundLevelStreaming:1]]
[2019.09.03-00.35.29:720][  0]LogConfig: Setting CVar [[s.PriorityAsyncLoadingExtraTime:15.0]]
[2019.09.03-00.35.29:720][  0]LogConfig: Setting CVar [[s.LevelStreamingActorsUpdateTimeLimit:5.0]]
[2019.09.03-00.35.29:720][  0]LogConfig: Setting CVar [[s.PriorityLevelStreamingActorsUpdateExtraTime:5.0]]
[2019.09.03-00.35.29:720][  0]LogConfig: Setting CVar [[s.LevelStreamingComponentsRegistrationGranularity:10]]
[2019.09.03-00.35.29:720][  0]LogConfig: Setting CVar [[s.UnregisterComponentsTimeLimit:1.0]]
[2019.09.03-00.35.29:720][  0]LogConfig: Setting CVar [[s.LevelStreamingComponentsUnregistrationGranularity:5]]
[2019.09.03-00.35.29:721][  0]LogConfig: Applying CVar settings from Section [/Script/Engine.GarbageCollectionSettings] File [I:/Epic Games/CrashSite3D/Saved/Config/Windows/Engine.ini]
[2019.09.03-00.35.29:721][  0]LogConfig: Setting CVar [[gc.MaxObjectsNotConsideredByGC:1]]
[2019.09.03-00.35.29:721][  0]LogConfig: Setting CVar [[gc.SizeOfPermanentObjectPool:0]]
[2019.09.03-00.35.29:721][  0]LogConfig: Setting CVar [[gc.FlushStreamingOnGC:0]]
[2019.09.03-00.35.29:721][  0]LogConfig: Setting CVar [[gc.NumRetriesBeforeForcingGC:10]]
[2019.09.03-00.35.29:721][  0]LogConfig: Setting CVar [[gc.AllowParallelGC:1]]
[2019.09.03-00.35.29:721][  0]LogConfig: Setting CVar [[gc.TimeBetweenPurgingPendingKillObjects:61.1]]
[2019.09.03-00.35.29:721][  0]LogConfig: Setting CVar [[gc.MaxObjectsInEditor:16777216]]
[2019.09.03-00.35.29:721][  0]LogConfig: Setting CVar [[gc.IncrementalBeginDestroyEnabled:1]]
[2019.09.03-00.35.29:722][  0]LogConfig: Setting CVar [[gc.CreateGCClusters:1]]
[2019.09.03-00.35.29:722][  0]LogConfig: Setting CVar [[gc.MinGCClusterSize:5]]
[2019.09.03-00.35.29:722][  0]LogConfig: Setting CVar [[gc.ActorClusteringEnabled:0]]
[2019.09.03-00.35.29:722][  0]LogConfig: Setting CVar [[gc.BlueprintClusteringEnabled:0]]
[2019.09.03-00.35.29:722][  0]LogConfig: Setting CVar [[gc.UseDisregardForGCOnDedicatedServers:0]]
[2019.09.03-00.35.29:722][  0]LogConfig: Applying CVar settings from Section [/Script/Engine.NetworkSettings] File [I:/Epic Games/CrashSite3D/Saved/Config/Windows/Engine.ini]
[2019.09.03-00.35.29:722][  0]LogConfig: Applying CVar settings from Section [/Script/UnrealEd.CookerSettings] File [I:/Epic Games/CrashSite3D/Saved/Config/Windows/Engine.ini]
[2019.09.03-00.35.29:733][  0]LogConfig: Applying CVar settings from Section [ViewDistanceQuality@3] File [I:/Epic Games/CrashSite3D/Saved/Config/Windows/Scalability.ini]
[2019.09.03-00.35.29:733][  0]LogConfig: Setting CVar [[r.SkeletalMeshLODBias:0]]
[2019.09.03-00.35.29:733][  0]LogConfig: Setting CVar [[r.ViewDistanceScale:1.0]]
[2019.09.03-00.35.29:733][  0]LogConfig: Applying CVar settings from Section [AntiAliasingQuality@3] File [I:/Epic Games/CrashSite3D/Saved/Config/Windows/Scalability.ini]
[2019.09.03-00.35.29:733][  0]LogConfig: Setting CVar [[r.PostProcessAAQuality:4]]
[2019.09.03-00.35.29:733][  0]LogConfig: Applying CVar settings from Section [ShadowQuality@3] File [I:/Epic Games/CrashSite3D/Saved/Config/Windows/Scalability.ini]
[2019.09.03-00.35.29:733][  0]LogConfig: Setting CVar [[r.LightFunctionQuality:1]]
[2019.09.03-00.35.29:733][  0]LogConfig: Setting CVar [[r.ShadowQuality:5]]
[2019.09.03-00.35.29:733][  0]LogConfig: Setting CVar [[r.Shadow.CSM.MaxCascades:10]]
[2019.09.03-00.35.29:733][  0]LogConfig: Setting CVar [[r.Shadow.MaxResolution:2048]]
[2019.09.03-00.35.29:733][  0]LogConfig: Setting CVar [[r.Shadow.MaxCSMResolution:2048]]
[2019.09.03-00.35.29:733][  0]LogConfig: Setting CVar [[r.Shadow.RadiusThreshold:0.01]]
[2019.09.03-00.35.29:733][  0]LogConfig: Setting CVar [[r.Shadow.DistanceScale:1.0]]
[2019.09.03-00.35.29:734][  0]LogConfig: Setting CVar [[r.Shadow.CSM.TransitionScale:1.0]]
[2019.09.03-00.35.29:735][  0]LogConfig: Setting CVar [[r.Shadow.PreShadowResolutionFactor:1.0]]
[2019.09.03-00.35.29:735][  0]LogConfig: Setting CVar [[r.DistanceFieldShadowing:1]]
[2019.09.03-00.35.29:735][  0]LogConfig: Setting CVar [[r.DistanceFieldAO:1]]
[2019.09.03-00.35.29:735][  0]LogConfig: Setting CVar [[r.AOQuality:2]]
[2019.09.03-00.35.29:735][  0]LogConfig: Setting CVar [[r.VolumetricFog:1]]
[2019.09.03-00.35.29:735][  0]LogConfig: Setting CVar [[r.VolumetricFog.GridPixelSize:8]]
[2019.09.03-00.35.29:736][  0]LogConfig: Setting CVar [[r.VolumetricFog.GridSizeZ:128]]
[2019.09.03-00.35.29:736][  0]LogConfig: Setting CVar [[r.VolumetricFog.HistoryMissSupersampleCount:4]]
[2019.09.03-00.35.29:736][  0]LogConfig: Setting CVar [[r.LightMaxDrawDistanceScale:1]]
[2019.09.03-00.35.29:736][  0]LogConfig: Setting CVar [[r.CapsuleShadows:1]]
[2019.09.03-00.35.29:736][  0]LogConfig: Applying CVar settings from Section [PostProcessQuality@3] File [I:/Epic Games/CrashSite3D/Saved/Config/Windows/Scalability.ini]
[2019.09.03-00.35.29:736][  0]LogConfig: Setting CVar [[r.MotionBlurQuality:4]]
[2019.09.03-00.35.29:736][  0]LogConfig: Setting CVar [[r.AmbientOcclusionMipLevelFactor:0.4]]
[2019.09.03-00.35.29:736][  0]LogConfig: Setting CVar [[r.AmbientOcclusionMaxQuality:100]]
[2019.09.03-00.35.29:736][  0]LogConfig: Setting CVar [[r.AmbientOcclusionLevels:-1]]
[2019.09.03-00.35.29:736][  0]LogConfig: Setting CVar [[r.AmbientOcclusionRadiusScale:1.0]]
[2019.09.03-00.35.29:736][  0]LogConfig: Setting CVar [[r.DepthOfFieldQuality:2]]
[2019.09.03-00.35.29:736][  0]LogConfig: Setting CVar [[r.RenderTargetPoolMin:400]]
[2019.09.03-00.35.29:736][  0]LogConfig: Setting CVar [[r.LensFlareQuality:2]]
[2019.09.03-00.35.29:736][  0]LogConfig: Setting CVar [[r.SceneColorFringeQuality:1]]
[2019.09.03-00.35.29:736][  0]LogConfig: Setting CVar [[r.EyeAdaptationQuality:2]]
[2019.09.03-00.35.29:736][  0]LogConfig: Setting CVar [[r.BloomQuality:5]]
[2019.09.03-00.35.29:736][  0]LogConfig: Setting CVar [[r.FastBlurThreshold:100]]
[2019.09.03-00.35.29:736][  0]LogConfig: Setting CVar [[r.Upscale.Quality:3]]
[2019.09.03-00.35.29:736][  0]LogConfig: Setting CVar [[r.Tonemapper.GrainQuantization:1]]
[2019.09.03-00.35.29:736][  0]LogConfig: Setting CVar [[r.LightShaftQuality:1]]
[2019.09.03-00.35.29:736][  0]LogConfig: Setting CVar [[r.Filter.SizeScale:1]]
[2019.09.03-00.35.29:736][  0]LogConfig: Setting CVar [[r.Tonemapper.Quality:5]]
[2019.09.03-00.35.29:736][  0]LogConfig: Setting CVar [[r.DOF.Gather.AccumulatorQuality:1        ; higher gathering accumulator quality]]
[2019.09.03-00.35.29:737][  0]LogConfig: Setting CVar [[r.DOF.Gather.PostfilterMethod:1          ; Median3x3 postfilering method]]
[2019.09.03-00.35.29:737][  0]LogConfig: Setting CVar [[r.DOF.Gather.EnableBokehSettings:0       ; no bokeh simulation when gathering]]
[2019.09.03-00.35.29:737][  0]LogConfig: Setting CVar [[r.DOF.Gather.RingCount:4                 ; medium number of samples when gathering]]
[2019.09.03-00.35.29:738][  0]LogConfig: Setting CVar [[r.DOF.Scatter.ForegroundCompositing:1    ; additive foreground scattering]]
[2019.09.03-00.35.29:739][  0]LogConfig: Setting CVar [[r.DOF.Scatter.BackgroundCompositing:2    ; additive background scattering]]
[2019.09.03-00.35.29:739][  0]LogConfig: Setting CVar [[r.DOF.Scatter.EnableBokehSettings:1      ; bokeh simulation when scattering]]
[2019.09.03-00.35.29:739][  0]LogConfig: Setting CVar [[r.DOF.Scatter.MaxSpriteRatio:0.1         ; only a maximum of 10% of scattered bokeh]]
[2019.09.03-00.35.29:739][  0]LogConfig: Setting CVar [[r.DOF.Recombine.Quality:1                ; cheap slight out of focus]]
[2019.09.03-00.35.29:739][  0]LogConfig: Setting CVar [[r.DOF.Recombine.EnableBokehSettings:0    ; no bokeh simulation on slight out of focus]]
[2019.09.03-00.35.29:739][  0]LogConfig: Setting CVar [[r.DOF.TemporalAAQuality:1                ; more stable temporal accumulation]]
[2019.09.03-00.35.29:739][  0]LogConfig: Setting CVar [[r.DOF.Kernel.MaxForegroundRadius:0.025]]
[2019.09.03-00.35.29:739][  0]LogConfig: Setting CVar [[r.DOF.Kernel.MaxBackgroundRadius:0.025]]
[2019.09.03-00.35.29:739][  0]LogConfig: Applying CVar settings from Section [TextureQuality@3] File [I:/Epic Games/CrashSite3D/Saved/Config/Windows/Scalability.ini]
[2019.09.03-00.35.29:739][  0]LogConfig: Setting CVar [[r.Streaming.MipBias:0]]
[2019.09.03-00.35.29:739][  0]LogConfig: Setting CVar [[r.Streaming.AmortizeCPUToGPUCopy:0]]
[2019.09.03-00.35.29:740][  0]LogConfig: Setting CVar [[r.Streaming.MaxNumTexturesToStreamPerFrame:0]]
[2019.09.03-00.35.29:740][  0]LogConfig: Setting CVar [[r.Streaming.Boost:1]]
[2019.09.03-00.35.29:740][  0]LogConfig: Setting CVar [[r.MaxAnisotropy:8]]
[2019.09.03-00.35.29:740][  0]LogConfig: Setting CVar [[r.Streaming.LimitPoolSizeToVRAM:0]]
[2019.09.03-00.35.29:740][  0]LogConfig: Setting CVar [[r.Streaming.PoolSize:1000]]
[2019.09.03-00.35.29:740][  0]LogConfig: Setting CVar [[r.Streaming.MaxEffectiveScreenSize:0]]
[2019.09.03-00.35.29:740][  0]LogConfig: Applying CVar settings from Section [EffectsQuality@3] File [I:/Epic Games/CrashSite3D/Saved/Config/Windows/Scalability.ini]
[2019.09.03-00.35.29:740][  0]LogConfig: Setting CVar [[r.TranslucencyLightingVolumeDim:64]]
[2019.09.03-00.35.29:740][  0]LogConfig: Setting CVar [[r.RefractionQuality:2]]
[2019.09.03-00.35.29:740][  0]LogConfig: Setting CVar [[r.SSR.Quality:3]]
[2019.09.03-00.35.29:740][  0]LogConfig: Setting CVar [[r.SceneColorFormat:4]]
[2019.09.03-00.35.29:740][  0]LogConfig: Setting CVar [[r.DetailMode:2]]
[2019.09.03-00.35.29:740][  0]LogConfig: Setting CVar [[r.TranslucencyVolumeBlur:1]]
[2019.09.03-00.35.29:741][  0]LogConfig: Setting CVar [[r.MaterialQualityLevel:1 ; High quality]]
[2019.09.03-00.35.29:741][  0]LogConfig: Setting CVar [[r.SSS.Scale:1]]
[2019.09.03-00.35.29:741][  0]LogConfig: Setting CVar [[r.SSS.SampleSet:2]]
[2019.09.03-00.35.29:741][  0]LogConfig: Setting CVar [[r.SSS.Quality:1]]
[2019.09.03-00.35.29:741][  0]LogConfig: Setting CVar [[r.SSS.HalfRes:1]]
[2019.09.03-00.35.29:741][  0]LogConfig: Setting CVar [[r.EmitterSpawnRateScale:1.0]]
[2019.09.03-00.35.29:741][  0]LogConfig: Setting CVar [[r.ParticleLightQuality:2]]
[2019.09.03-00.35.29:741][  0]LogConfig: Applying CVar settings from Section [FoliageQuality@3] File [I:/Epic Games/CrashSite3D/Saved/Config/Windows/Scalability.ini]
[2019.09.03-00.35.29:741][  0]LogConfig: Setting CVar [[foliage.DensityScale:1.0]]
[2019.09.03-00.35.29:741][  0]LogConfig: Setting CVar [[grass.DensityScale:1.0]]
[2019.09.03-00.35.29:741][  0]LogInit: Selected Device Profile: [Windows]
[2019.09.03-00.35.29:741][  0]LogInit: Applying CVar settings loaded from the selected device profile: [Windows]
[2019.09.03-00.35.29:755][  0]LogHAL: Display: Platform has ~ 16 GB [17041575936 / 17179869184 / 16], which maps to Larger [LargestMinGB=32, LargerMinGB=12, DefaultMinGB=8, SmallerMinGB=6, SmallestMinGB=0)
[2019.09.03-00.35.29:755][  0]LogConfig: Setting CVar [[r.Vulkan.UseRealUBs:0		; Required until we fix HLR fall-out]]
[2019.09.03-00.35.29:755][  0]LogInit: Going up to parent DeviceProfile []
[2019.09.03-00.35.29:755][  0]LogConfig: Applying CVar settings from Section [ViewDistanceQuality@3] File [I:/Epic Games/CrashSite3D/Saved/Config/Windows/Scalability.ini]
[2019.09.03-00.35.29:755][  0]LogConfig: Setting CVar [[r.SkeletalMeshLODBias:0]]
[2019.09.03-00.35.29:755][  0]LogConfig: Setting CVar [[r.ViewDistanceScale:1.0]]
[2019.09.03-00.35.29:756][  0]LogConfig: Applying CVar settings from Section [AntiAliasingQuality@3] File [I:/Epic Games/CrashSite3D/Saved/Config/Windows/Scalability.ini]
[2019.09.03-00.35.29:756][  0]LogConfig: Setting CVar [[r.PostProcessAAQuality:4]]
[2019.09.03-00.35.29:756][  0]LogConfig: Applying CVar settings from Section [ShadowQuality@3] File [I:/Epic Games/CrashSite3D/Saved/Config/Windows/Scalability.ini]
[2019.09.03-00.35.29:756][  0]LogConfig: Setting CVar [[r.LightFunctionQuality:1]]
[2019.09.03-00.35.29:756][  0]LogConfig: Setting CVar [[r.ShadowQuality:5]]
[2019.09.03-00.35.29:756][  0]LogConfig: Setting CVar [[r.Shadow.CSM.MaxCascades:10]]
[2019.09.03-00.35.29:756][  0]LogConfig: Setting CVar [[r.Shadow.MaxResolution:2048]]
[2019.09.03-00.35.29:756][  0]LogConfig: Setting CVar [[r.Shadow.MaxCSMResolution:2048]]
[2019.09.03-00.35.29:756][  0]LogConfig: Setting CVar [[r.Shadow.RadiusThreshold:0.01]]
[2019.09.03-00.35.29:756][  0]LogConfig: Setting CVar [[r.Shadow.DistanceScale:1.0]]
[2019.09.03-00.35.29:756][  0]LogConfig: Setting CVar [[r.Shadow.CSM.TransitionScale:1.0]]
[2019.09.03-00.35.29:756][  0]LogConfig: Setting CVar [[r.Shadow.PreShadowResolutionFactor:1.0]]
[2019.09.03-00.35.29:756][  0]LogConfig: Setting CVar [[r.DistanceFieldShadowing:1]]
[2019.09.03-00.35.29:756][  0]LogConfig: Setting CVar [[r.DistanceFieldAO:1]]
[2019.09.03-00.35.29:756][  0]LogConfig: Setting CVar [[r.AOQuality:2]]
[2019.09.03-00.35.29:756][  0]LogConfig: Setting CVar [[r.VolumetricFog:1]]
[2019.09.03-00.35.29:756][  0]LogConfig: Setting CVar [[r.VolumetricFog.GridPixelSize:8]]
[2019.09.03-00.35.29:756][  0]LogConfig: Setting CVar [[r.VolumetricFog.GridSizeZ:128]]
[2019.09.03-00.35.29:757][  0]LogConfig: Setting CVar [[r.VolumetricFog.HistoryMissSupersampleCount:4]]
[2019.09.03-00.35.29:757][  0]LogConfig: Setting CVar [[r.LightMaxDrawDistanceScale:1]]
[2019.09.03-00.35.29:757][  0]LogConfig: Setting CVar [[r.CapsuleShadows:1]]
[2019.09.03-00.35.29:757][  0]LogConfig: Applying CVar settings from Section [PostProcessQuality@3] File [I:/Epic Games/CrashSite3D/Saved/Config/Windows/Scalability.ini]
[2019.09.03-00.35.29:757][  0]LogConfig: Setting CVar [[r.MotionBlurQuality:4]]
[2019.09.03-00.35.29:757][  0]LogConfig: Setting CVar [[r.AmbientOcclusionMipLevelFactor:0.4]]
[2019.09.03-00.35.29:757][  0]LogConfig: Setting CVar [[r.AmbientOcclusionMaxQuality:100]]
[2019.09.03-00.35.29:757][  0]LogConfig: Setting CVar [[r.AmbientOcclusionLevels:-1]]
[2019.09.03-00.35.29:757][  0]LogConfig: Setting CVar [[r.AmbientOcclusionRadiusScale:1.0]]
[2019.09.03-00.35.29:757][  0]LogConfig: Setting CVar [[r.DepthOfFieldQuality:2]]
[2019.09.03-00.35.29:757][  0]LogConfig: Setting CVar [[r.RenderTargetPoolMin:400]]
[2019.09.03-00.35.29:757][  0]LogConfig: Setting CVar [[r.LensFlareQuality:2]]
[2019.09.03-00.35.29:757][  0]LogConfig: Setting CVar [[r.SceneColorFringeQuality:1]]
[2019.09.03-00.35.29:757][  0]LogConfig: Setting CVar [[r.EyeAdaptationQuality:2]]
[2019.09.03-00.35.29:757][  0]LogConfig: Setting CVar [[r.BloomQuality:5]]
[2019.09.03-00.35.29:757][  0]LogConfig: Setting CVar [[r.FastBlurThreshold:100]]
[2019.09.03-00.35.29:757][  0]LogConfig: Setting CVar [[r.Upscale.Quality:3]]
[2019.09.03-00.35.29:757][  0]LogConfig: Setting CVar [[r.Tonemapper.GrainQuantization:1]]
[2019.09.03-00.35.29:757][  0]LogConfig: Setting CVar [[r.LightShaftQuality:1]]
[2019.09.03-00.35.29:757][  0]LogConfig: Setting CVar [[r.Filter.SizeScale:1]]
[2019.09.03-00.35.29:757][  0]LogConfig: Setting CVar [[r.Tonemapper.Quality:5]]
[2019.09.03-00.35.29:757][  0]LogConfig: Setting CVar [[r.DOF.Gather.AccumulatorQuality:1        ; higher gathering accumulator quality]]
[2019.09.03-00.35.29:757][  0]LogConfig: Setting CVar [[r.DOF.Gather.PostfilterMethod:1          ; Median3x3 postfilering method]]
[2019.09.03-00.35.29:757][  0]LogConfig: Setting CVar [[r.DOF.Gather.EnableBokehSettings:0       ; no bokeh simulation when gathering]]
[2019.09.03-00.35.29:758][  0]LogConfig: Setting CVar [[r.DOF.Gather.RingCount:4                 ; medium number of samples when gathering]]
[2019.09.03-00.35.29:758][  0]LogConfig: Setting CVar [[r.DOF.Scatter.ForegroundCompositing:1    ; additive foreground scattering]]
[2019.09.03-00.35.29:758][  0]LogConfig: Setting CVar [[r.DOF.Scatter.BackgroundCompositing:2    ; additive background scattering]]
[2019.09.03-00.35.29:758][  0]LogConfig: Setting CVar [[r.DOF.Scatter.EnableBokehSettings:1      ; bokeh simulation when scattering]]
[2019.09.03-00.35.29:758][  0]LogConfig: Setting CVar [[r.DOF.Scatter.MaxSpriteRatio:0.1         ; only a maximum of 10% of scattered bokeh]]
[2019.09.03-00.35.29:758][  0]LogConfig: Setting CVar [[r.DOF.Recombine.Quality:1                ; cheap slight out of focus]]
[2019.09.03-00.35.29:758][  0]LogConfig: Setting CVar [[r.DOF.Recombine.EnableBokehSettings:0    ; no bokeh simulation on slight out of focus]]
[2019.09.03-00.35.29:758][  0]LogConfig: Setting CVar [[r.DOF.TemporalAAQuality:1                ; more stable temporal accumulation]]
[2019.09.03-00.35.29:758][  0]LogConfig: Setting CVar [[r.DOF.Kernel.MaxForegroundRadius:0.025]]
[2019.09.03-00.35.29:758][  0]LogConfig: Setting CVar [[r.DOF.Kernel.MaxBackgroundRadius:0.025]]
[2019.09.03-00.35.29:758][  0]LogConfig: Applying CVar settings from Section [TextureQuality@3] File [I:/Epic Games/CrashSite3D/Saved/Config/Windows/Scalability.ini]
[2019.09.03-00.35.29:758][  0]LogConfig: Setting CVar [[r.Streaming.MipBias:0]]
[2019.09.03-00.35.29:758][  0]LogConfig: Setting CVar [[r.Streaming.AmortizeCPUToGPUCopy:0]]
[2019.09.03-00.35.29:758][  0]LogConfig: Setting CVar [[r.Streaming.MaxNumTexturesToStreamPerFrame:0]]
[2019.09.03-00.35.29:758][  0]LogConfig: Setting CVar [[r.Streaming.Boost:1]]
[2019.09.03-00.35.29:758][  0]LogConfig: Setting CVar [[r.MaxAnisotropy:8]]
[2019.09.03-00.35.29:758][  0]LogConfig: Setting CVar [[r.Streaming.LimitPoolSizeToVRAM:0]]
[2019.09.03-00.35.29:758][  0]LogConfig: Setting CVar [[r.Streaming.PoolSize:1000]]
[2019.09.03-00.35.29:758][  0]LogConfig: Setting CVar [[r.Streaming.MaxEffectiveScreenSize:0]]
[2019.09.03-00.35.29:758][  0]LogConfig: Applying CVar settings from Section [EffectsQuality@3] File [I:/Epic Games/CrashSite3D/Saved/Config/Windows/Scalability.ini]
[2019.09.03-00.35.29:758][  0]LogConfig: Setting CVar [[r.TranslucencyLightingVolumeDim:64]]
[2019.09.03-00.35.29:758][  0]LogConfig: Setting CVar [[r.RefractionQuality:2]]
[2019.09.03-00.35.29:758][  0]LogConfig: Setting CVar [[r.SSR.Quality:3]]
[2019.09.03-00.35.29:758][  0]LogConfig: Setting CVar [[r.SceneColorFormat:4]]
[2019.09.03-00.35.29:758][  0]LogConfig: Setting CVar [[r.DetailMode:2]]
[2019.09.03-00.35.29:758][  0]LogConfig: Setting CVar [[r.TranslucencyVolumeBlur:1]]
[2019.09.03-00.35.29:758][  0]LogConfig: Setting CVar [[r.MaterialQualityLevel:1 ; High quality]]
[2019.09.03-00.35.29:758][  0]LogConfig: Setting CVar [[r.SSS.Scale:1]]
[2019.09.03-00.35.29:758][  0]LogConfig: Setting CVar [[r.SSS.SampleSet:2]]
[2019.09.03-00.35.29:758][  0]LogConfig: Setting CVar [[r.SSS.Quality:1]]
[2019.09.03-00.35.29:758][  0]LogConfig: Setting CVar [[r.SSS.HalfRes:1]]
[2019.09.03-00.35.29:758][  0]LogConfig: Setting CVar [[r.EmitterSpawnRateScale:1.0]]
[2019.09.03-00.35.29:758][  0]LogConfig: Setting CVar [[r.ParticleLightQuality:2]]
[2019.09.03-00.35.29:758][  0]LogConfig: Applying CVar settings from Section [FoliageQuality@3] File [I:/Epic Games/CrashSite3D/Saved/Config/Windows/Scalability.ini]
[2019.09.03-00.35.29:758][  0]LogConfig: Setting CVar [[foliage.DensityScale:1.0]]
[2019.09.03-00.35.29:758][  0]LogConfig: Setting CVar [[grass.DensityScale:1.0]]
[2019.09.03-00.35.29:758][  0]LogConfig: Applying CVar settings from Section [Startup] File [../../../Engine/Config/ConsoleVariables.ini]
[2019.09.03-00.35.29:759][  0]LogConfig: Setting CVar [[net.UseAdaptiveNetUpdateFrequency:0]]
[2019.09.03-00.35.29:759][  0]LogConfig: Setting CVar [[p.chaos.AllowCreatePhysxBodies:1]]
[2019.09.03-00.35.29:759][  0]LogConfig: Applying CVar settings from Section [ConsoleVariables] File [I:/Epic Games/CrashSite3D/Saved/Config/Windows/Engine.ini]
[2019.09.03-00.35.29:759][  0]LogInit: Computer: LAPTOP-D892MFBS
[2019.09.03-00.35.29:759][  0]LogInit: User: GarryZhuang
[2019.09.03-00.35.29:759][  0]LogInit: CPU Page size=4096, Cores=2
[2019.09.03-00.35.29:759][  0]LogInit: High frequency timer resolution =2.835937 MHz
[2019.09.03-00.35.29:760][  0]LogMemory: Memory total: Physical=15.9GB (16GB approx)
[2019.09.03-00.35.29:760][  0]LogMemory: Platform Memory Stats for Windows
[2019.09.03-00.35.29:760][  0]LogMemory: Process Physical Memory: 97.23 MB used, 97.23 MB peak
[2019.09.03-00.35.29:760][  0]LogMemory: Process Virtual Memory: 95.84 MB used, 95.84 MB peak
[2019.09.03-00.35.29:760][  0]LogMemory: Physical Memory: 6498.56 MB used,  9753.55 MB free, 16252.11 MB total
[2019.09.03-00.35.29:760][  0]LogMemory: Virtual Memory: 4649.88 MB used,  134213080.00 MB free, 134217728.00 MB total
[2019.09.03-00.35.29:877][  0]LogInit: Using OS detected language (en-US).
[2019.09.03-00.35.29:877][  0]LogInit: Using OS detected locale (en-US).
[2019.09.03-00.35.29:878][  0]LogTextLocalizationManager: No specific localization for 'en-US' exists, so the 'en' localization will be used.
[2019.09.03-00.35.30:776][  0]LogSlate: New Slate User Created.  User Index 0, Is Virtual User: 0
[2019.09.03-00.35.30:776][  0]LogSlate: Slate User Registered.  User Index 0, Is Virtual User: 0
[2019.09.03-00.35.30:838][  0]LogHMD: Failed to initialize OpenVR with code 110
[2019.09.03-00.35.30:838][  0]LogD3D11RHI: D3D11 adapters:
[2019.09.03-00.35.30:856][  0]LogD3D11RHI:    0. 'Intel(R) HD Graphics 620' (Feature Level 11_0)
[2019.09.03-00.35.30:857][  0]LogD3D11RHI:       128/0/8126 MB DedicatedVideo/DedicatedSystem/SharedSystem, Outputs:1, VendorId:0x8086
[2019.09.03-00.35.30:861][  0]LogD3D11RHI:    1. 'Microsoft Basic Render Driver' (Feature Level 11_0)
[2019.09.03-00.35.30:861][  0]LogD3D11RHI:       0/0/8126 MB DedicatedVideo/DedicatedSystem/SharedSystem, Outputs:0, VendorId:0x1414
[2019.09.03-00.35.30:861][  0]LogD3D11RHI: Chosen D3D11 Adapter: 0
[2019.09.03-00.35.30:874][  0]LogD3D11RHI: Creating new Direct3DDevice
[2019.09.03-00.35.30:874][  0]LogD3D11RHI:     GPU DeviceId: 0x5916 (for the marketing name, search the web for "GPU Device Id")
[2019.09.03-00.35.30:874][  0]LogWindows: EnumDisplayDevices:
[2019.09.03-00.35.30:874][  0]LogWindows:    0. 'Intel(R) HD Graphics 620' (P:1 D:1)
[2019.09.03-00.35.30:875][  0]LogWindows:    1. 'Intel(R) HD Graphics 620' (P:0 D:0)
[2019.09.03-00.35.30:875][  0]LogWindows:    2. 'Intel(R) HD Graphics 620' (P:0 D:0)
[2019.09.03-00.35.30:876][  0]LogWindows: DebugString: FoundDriverCount:3 
[2019.09.03-00.35.30:876][  0]LogD3D11RHI:     Adapter Name: Intel(R) HD Graphics 620
[2019.09.03-00.35.30:876][  0]LogD3D11RHI:   Driver Version: 21.20.16.4599 (internal:21.20.16.4599, unified:21.20.16.4599)
[2019.09.03-00.35.30:876][  0]LogD3D11RHI:      Driver Date: 2-1-2017
[2019.09.03-00.35.30:876][  0]LogRHI: Texture pool is 1523 MB (70% of 2176 MB)
[2019.09.03-00.35.30:889][  0]LogD3D11RHI: Async texture creation enabled
[2019.09.03-00.35.30:898][  0]LogRendererCore: FGlobalReadBuffer::InitRHI
[2019.09.03-00.35.30:902][  0]LogRendererCore: FGlobalReadBuffer::InitRHI
[2019.09.03-00.35.30:902][  0]LogRendererCore: FGlobalReadBuffer::InitRHI
[2019.09.03-00.35.30:908][  0]LogD3D11RHI: GPU Timing Frequency: 12.000000 (Debug: 2 0)
[2019.09.03-00.35.31:439][  0]LogTemp: Display: Module 'WindowsClientTargetPlatform' loaded TargetPlatform 'WindowsClient'
[2019.09.03-00.35.31:459][  0]LogTemp: Display: Module 'WindowsNoEditorTargetPlatform' loaded TargetPlatform 'WindowsNoEditor'
[2019.09.03-00.35.31:475][  0]LogTemp: Display: Module 'WindowsServerTargetPlatform' loaded TargetPlatform 'WindowsServer'
[2019.09.03-00.35.31:483][  0]LogTemp: Display: Module 'WindowsTargetPlatform' loaded TargetPlatform 'Windows'
[2019.09.03-00.35.31:483][  0]LogTargetPlatformManager: Display: Building Assets For Windows
[2019.09.03-00.35.31:497][  0]LogAudioDebug: Display: Lib vorbis DLL was dynamically loaded.
[2019.09.03-00.35.31:568][  0]LogShaderCompilers: Guid format shader working directory is 30 characters bigger than the processId version (../../../../CrashSite3D/Intermediate/Shaders/WorkingDirectory/1552/).
[2019.09.03-00.35.31:568][  0]LogShaderCompilers: Cleaned the shader compiler working directory 'C:/Users/Garry Zhuang/AppData/Local/Temp/UnrealShaderWorkingDir/D4F2198C4CD70D9EA0D112BE59170C71/'.
[2019.09.03-00.35.31:570][  0]LogXGEController: Cannot use XGE Controller as Incredibuild is not installed on this machine.
[2019.09.03-00.35.31:570][  0]LogShaderCompilers: Cannot use XGE Shader Compiler as Incredibuild is not installed on this machine.
[2019.09.03-00.35.31:571][  0]LogShaderCompilers: Display: Using Local Shader Compiler.
[2019.09.03-00.35.32:425][  0]LogDerivedDataCache: Display: Max Cache Size: 512 MB
[2019.09.03-00.35.32:503][  0]LogDerivedDataCache: Loaded boot cache 0.08s 89MB ../../../../CrashSite3D/DerivedDataCache/Boot.ddc.
[2019.09.03-00.35.32:503][  0]LogDerivedDataCache: Display: Loaded Boot cache: ../../../../CrashSite3D/DerivedDataCache/Boot.ddc
[2019.09.03-00.35.32:503][  0]LogDerivedDataCache: FDerivedDataBackendGraph:  Pak pak cache file ../../../../CrashSite3D/DerivedDataCache/DDC.ddp not found, will not use a pak cache.
[2019.09.03-00.35.32:503][  0]LogDerivedDataCache: Unable to find inner node Pak for hierarchical cache Hierarchy.
[2019.09.03-00.35.32:503][  0]LogDerivedDataCache: FDerivedDataBackendGraph:  EnginePak pak cache file ../../../Engine/DerivedDataCache/DDC.ddp not found, will not use a pak cache.
[2019.09.03-00.35.32:503][  0]LogDerivedDataCache: Unable to find inner node EnginePak for hierarchical cache Hierarchy.
[2019.09.03-00.35.32:571][  0]LogDerivedDataCache: Using Local data cache path ../../../Engine/DerivedDataCache: Writable
[2019.09.03-00.35.32:571][  0]LogDerivedDataCache: Shared data cache path not found in *engine.ini, will not use an Shared cache.
[2019.09.03-00.35.32:571][  0]LogDerivedDataCache: Unable to find inner node Shared for hierarchical cache Hierarchy.
[2019.09.03-00.35.32:637][  0]LogMaterial: Verifying Global Shaders for PCD3D_SM5
[2019.09.03-00.35.32:658][  0]LogSlate: Using FreeType 2.6.0
[2019.09.03-00.35.32:659][  0]LogSlate: SlateFontServices - WITH_FREETYPE: 1, WITH_HARFBUZZ: 1
[2019.09.03-00.35.32:843][  0]LogInit: Using OS detected language (en-US).
[2019.09.03-00.35.32:843][  0]LogInit: Using OS detected locale (en-US).
[2019.09.03-00.35.32:844][  0]LogTextLocalizationManager: No localization for 'en-US' exists, so 'en' will be used for the language.
[2019.09.03-00.35.32:844][  0]LogTextLocalizationManager: No localization for 'en-US' exists, so 'en' will be used for the locale.
[2019.09.03-00.35.32:844][  0]LogSlate: FontCache flush requested. Reason: Culture for localization was changed
[2019.09.03-00.35.32:844][  0]LogSlate: FontCache flush requested. Reason: Culture for localization was changed
[2019.09.03-00.35.32:845][  0]LogTextLocalizationManager: Compacting localization data took   0.00ms
[2019.09.03-00.35.32:853][  0]LogAssetRegistry: FAssetRegistry took 0.0054 seconds to start up
[2019.09.03-00.35.33:181][  0]LogPackageLocalizationCache: Processed 11 localized package path(s) for 1 prioritized culture(s) in 0.000819 seconds
[2019.09.03-00.35.33:319][  0]LogInit: Selected Device Profile: [Windows]
[2019.09.03-00.35.33:389][  0]LogMeshReduction: Using QuadricMeshReduction for automatic static mesh reduction
[2019.09.03-00.35.33:389][  0]LogMeshReduction: Using SimplygonMeshReduction for automatic skeletal mesh reduction
[2019.09.03-00.35.33:389][  0]LogMeshReduction: Using ProxyLODMeshReduction for automatic mesh merging
[2019.09.03-00.35.33:389][  0]LogMeshReduction: No distributed automatic mesh merging module available
[2019.09.03-00.35.33:389][  0]LogMeshMerging: No distributed automatic mesh merging module available
[2019.09.03-00.35.33:506][  0]LogNetVersion: CrashSite3D 1.0.0, NetCL: 0, EngineNetVer: 10, GameNetVer: 0 (Checksum: 852609680)
[2019.09.03-00.35.34:214][  0]LogMoviePlayer: Initializing movie player
[2019.09.03-00.35.34:358][  0]LogTcpMessaging: Initializing TcpMessaging bridge
[2019.09.03-00.35.34:370][  0]LogUdpMessaging: Initializing bridge on interface 0.0.0.0:0 to multicast group 230.0.0.1:6666.
[2019.09.03-00.35.34:473][  0]SourceControl: Source control is disabled
[2019.09.03-00.35.34:473][  0]SourceControl: Source control is disabled
[2019.09.03-00.35.34:474][  0]SourceControl: Source control is disabled
[2019.09.03-00.35.34:525][  0]LogAndroidPermission: UAndroidPermissionCallbackProxy::GetInstance
[2019.09.03-00.35.34:618][  0]LogOcInput: OculusInput pre-init called
[2019.09.03-00.35.34:630][  0]LogUObjectArray: 46482 objects as part of root set at end of initial load.
[2019.09.03-00.35.34:630][  0]LogUObjectAllocator: 8163592 out of 0 bytes used by permanent object pool.
[2019.09.03-00.35.34:630][  0]LogUObjectArray: CloseDisregardForGC: 0/0 objects in disregard for GC pool
[2019.09.03-00.35.34:788][  0]LogEngine: Initializing Engine...
[2019.09.03-00.35.34:789][  0]LogHMD: Failed to initialize OpenVR with code 110
[2019.09.03-00.35.34:803][  0]LogStats: UGameplayTagsManager::InitializeManager -  0.000 s
[2019.09.03-00.35.34:997][  0]LogInit: Initializing FReadOnlyCVARCache
[2019.09.03-00.35.35:019][  0]LogInit: XAudio2 using 'Speakers (Realtek High Definition Audio)' : 2 channels at 48 kHz using 32 bits per sample (channel mask 0x3)
[2019.09.03-00.35.35:048][  0]LogInit: FAudioDevice initialized.
[2019.09.03-00.35.35:060][  0]LogNetVersion: Set ProjectVersion to 1.0.0.0. Version Checksum will be recalculated on next use.
[2019.09.03-00.35.35:104][  0]LogInit: Texture streaming: Enabled
[2019.09.03-00.35.38:007][  0]LogSlate: Updating window title bar state: overlay mode, drag disabled, window buttons hidden, title bar hidden
[2019.09.03-00.35.38:014][  0]LogInit: Display: Game Engine Initialized.
[2019.09.03-00.35.38:134][  0]LogInit: Display: Starting Game.
[2019.09.03-00.35.38:146][  0]LogNet: Browse: /Game/AccidentMap?Name=Player
[2019.09.03-00.35.38:146][  0]LogLoad: LoadMap: /Game/AccidentMap?Name=Player
[2019.09.03-00.35.38:214][  0]LogUObjectHash: Compacting FUObjectHashTables data took   2.85ms
[2019.09.03-00.35.38:259][  0]LogAIModule: Creating AISystem for world AccidentMap
[2019.09.03-00.35.38:259][  0]LogLoad: Game class is 'CrashGameMode_C'
[2019.09.03-00.35.38:265][  0]LogWorld: Bringing World /Game/AccidentMap.AccidentMap up for play (max tick rate 0) at 2019.09.03-10.35.38
[2019.09.03-00.35.38:282][  0]LogWorld: Bringing up level for play took: 0.022142
[2019.09.03-00.35.38:471][  0]LogSlate: Took 0.000189 seconds to synchronously load lazily loaded font '../../../Engine/Content/Slate/Fonts/Roboto-Regular.ttf' (155K)
[2019.09.03-00.35.38:477][  0]LogLoad: Took 0.330813 seconds to LoadMap(/Game/AccidentMap)
[2019.09.03-00.35.38:550][  0]LogRenderer: Reallocating scene render targets to support 1280x720 Format 10 NumSamples 1 (Frame:1).
[2019.09.03-00.35.38:551][  0]LogLoad: (Engine Initialization) Total time: 12.57 seconds
[2019.09.03-00.35.38:551][  0]LogLoad: (Engine Initialization) Total Blueprint compile time: 0.00 seconds
[2019.09.03-00.35.39:124][  0]LogWindowsTextInputMethodSystem: Display: IME system now deactivated.
[2019.09.03-00.35.39:142][  0]LogContentStreaming: Texture pool size now 1000 MB
[2019.09.03-00.35.39:392][  0]LogRenderer: Reallocating scene render targets to support 128x128 Format 10 NumSamples 1 (Frame:1).
[2019.09.03-00.35.39:580][  0]LogRenderer: Reallocating scene render targets to support 1280x720 Format 10 NumSamples 1 (Frame:2).
[2019.09.03-00.35.39:747][  1]LogSlate: Took 0.000412 seconds to synchronously load lazily loaded font '../../../Engine/Content/Slate/Fonts/Roboto-Regular.ttf' (155K)
[2019.09.03-00.37.27:159][762]LogSlate: FSceneViewport::OnFocusLost() reason 0
[2019.09.03-00.37.47:081][279]LogSlate: FSceneViewport::OnFocusLost() reason 0
[2019.09.03-00.38.03:010][677]LogSlate: FSceneViewport::OnFocusLost() reason 0
[2019.09.03-00.38.19:650][ 64]LogSlate: FSceneViewport::OnFocusLost() reason 0
[2019.09.03-00.40.26:903][184]LogSlate: FSceneViewport::OnFocusLost() reason 0
[2019.09.03-00.40.39:916][501]LogSlate: FSceneViewport::OnFocusLost() reason 0
[2019.09.03-00.41.01:911][161]LogSlate: FSceneViewport::OnFocusLost() reason 0
[2019.09.03-00.41.52:966][750]LogSlate: FSceneViewport::OnFocusLost() reason 0
[2019.09.03-00.42.56:994][738]LogSlate: FSceneViewport::OnFocusLost() reason 0
[2019.09.03-00.43.34:249][814]LogSlate: FSceneViewport::OnFocusLost() reason 0
[2019.09.03-00.44.32:508][230]LogSlate: FSceneViewport::OnFocusLost() reason 2
[2019.09.03-00.46.13:003][638]LogSlate: FSceneViewport::OnFocusLost() reason 0
[2019.09.03-00.46.55:489][689]LogSlate: FSceneViewport::OnFocusLost() reason 0
[2019.09.03-00.47.44:319][660]LogSlate: FSceneViewport::OnFocusLost() reason 0
[2019.09.03-00.47.54:519][914]LogSlate: FSceneViewport::OnFocusLost() reason 0
[2019.09.03-00.48.48:075][198]LogSlate: FSceneViewport::OnFocusLost() reason 0
[2019.09.03-00.49.03:815][574]LogSlate: FSceneViewport::OnFocusLost() reason 0
[2019.09.03-00.49.10:170][727]LogSlate: FSceneViewport::OnFocusLost() reason 0
[2019.09.03-00.49.35:908][320]LogSlate: FSceneViewport::OnFocusLost() reason 0
[2019.09.03-00.49.45:869][546]LogSlate: FSceneViewport::OnFocusLost() reason 0
[2019.09.03-00.50.11:852][134]LogSlate: FSceneViewport::OnFocusLost() reason 0
[2019.09.03-00.50.15:433][224]LogSlate: FSceneViewport::OnFocusLost() reason 0
[2019.09.03-00.50.18:336][298]LogSlate: FSceneViewport::OnFocusLost() reason 0
[2019.09.03-00.50.38:574][792]LogSlate: FSceneViewport::OnFocusLost() reason 0
[2019.09.03-00.50.55:312][178]LogSlate: FSceneViewport::OnFocusLost() reason 0
[2019.09.03-00.51.18:789][715]LogSlate: FSceneViewport::OnFocusLost() reason 2
[2019.09.03-00.51.54:191][830]LogSlate: FSceneViewport::OnFocusLost() reason 0
[2019.09.03-00.52.11:453][320]LogSlate: FSceneViewport::OnFocusLost() reason 0
[2019.09.03-00.52.42:132][950]LogSlate: FSceneViewport::OnFocusLost() reason 0
[2019.09.03-00.52.43:466][975]LogSlate: FSceneViewport::OnFocusLost() reason 0
[2019.09.03-00.53.04:898][443]LogSlate: FSceneViewport::OnFocusLost() reason 0
[2019.09.03-00.53.18:856][766]LogSlate: FSceneViewport::OnFocusLost() reason 0
[2019.09.03-00.54.07:714][932]LogSlate: FSceneViewport::OnFocusLost() reason 0
[2019.09.03-00.55.19:716][995]LogSlate: FSceneViewport::OnFocusLost() reason 0
[2019.09.03-00.55.49:352][958]Closing by request
[2019.09.03-00.55.49:352][958]LogWindows: FPlatformMisc::RequestExit(0)
[2019.09.03-00.55.50:416][959]LogSlate: Window 'Crash Site 3D (64-bit Development PCD3D_SM5) ' being destroyed
[2019.09.03-00.55.50:418][959]LogWindowsTextInputMethodSystem: Display: IME system now deactivated.
[2019.09.03-00.55.50:425][959]LogExit: Preparing to exit.
[2019.09.03-00.55.50:425][959]LogMoviePlayer: Shutting down movie player
[2019.09.03-00.55.51:454][959]LogSlate: Updating window title bar state: overlay mode, drag disabled, window buttons hidden, title bar hidden
[2019.09.03-00.55.51:472][959]LogExit: Game engine shut down
[2019.09.03-00.55.52:090][959]LogExit: Object subsystem successfully closed.
[2019.09.03-00.55.52:137][959]LogShaderCompilers: Display: Shaders left to compile 0
[2019.09.03-00.55.52:155][959]LogD3D11RHI: Shutdown
[2019.09.03-00.55.52:155][959]LogD3D11RHI: CleanupD3DDevice
[2019.09.03-00.55.52:157][959]LogRendererCore: FGlobalReadBuffer::ReleaseRHI
[2019.09.03-00.55.52:157][959]LogRendererCore: FGlobalDynamicReadBuffer::Cleanup()
[2019.09.03-00.55.52:157][959]LogRendererCore: FGlobalReadBuffer::ReleaseRHI
[2019.09.03-00.55.52:157][959]LogRendererCore: FGlobalDynamicReadBuffer::Cleanup()
[2019.09.03-00.55.52:157][959]LogRendererCore: FGlobalReadBuffer::ReleaseRHI
[2019.09.03-00.55.52:157][959]LogRendererCore: FGlobalDynamicReadBuffer::Cleanup()
[2019.09.03-00.55.52:277][959]LogD3D11RHI: ~FD3D11DynamicRHI
[2019.09.03-00.55.52:445][959]LogModuleManager: Shutting down and abandoning module SequenceRecorderSections (400)
[2019.09.03-00.55.52:445][959]LogModuleManager: Shutting down and abandoning module SequenceRecorder (398)
[2019.09.03-00.55.52:445][959]LogModuleManager: Shutting down and abandoning module AutomationController (396)
[2019.09.03-00.55.52:445][959]LogModuleManager: Shutting down and abandoning module AutomationWorker (394)
[2019.09.03-00.55.52:445][959]LogModuleManager: Shutting down and abandoning module Voice (392)
[2019.09.03-00.55.52:446][959]LogModuleManager: Shutting down and abandoning module AIModule (390)
[2019.09.03-00.55.52:446][959]LogModuleManager: Shutting down and abandoning module GameplayDebugger (389)
[2019.09.03-00.55.52:446][959]LogModuleManager: Shutting down and abandoning module AITestSuite (387)
[2019.09.03-00.55.52:446][959]LogModuleManager: Shutting down and abandoning module NavigationSystem (385)
[2019.09.03-00.55.52:446][959]LogModuleManager: Shutting down and abandoning module OculusMR (382)
[2019.09.03-00.55.52:446][959]LogModuleManager: Shutting down and abandoning module WmfMediaFactory (380)
[2019.09.03-00.55.52:446][959]LogModuleManager: Shutting down and abandoning module WebMMediaFactory (378)
[2019.09.03-00.55.52:446][959]LogModuleManager: Shutting down and abandoning module WebMMedia (376)
[2019.09.03-00.55.52:446][959]LogModuleManager: Shutting down and abandoning module OpenExrWrapper (374)
[2019.09.03-00.55.52:446][959]LogModuleManager: Shutting down and abandoning module ImgMediaFactory (372)
[2019.09.03-00.55.52:446][959]LogModuleManager: Shutting down and abandoning module AvfMediaFactory (370)
[2019.09.03-00.55.52:446][959]LogModuleManager: Shutting down and abandoning module MagicLeapCameraPreviewFactory (368)
[2019.09.03-00.55.52:446][959]LogModuleManager: Shutting down and abandoning module MagicLeapMediaCodecFactory (366)
[2019.09.03-00.55.52:446][959]LogModuleManager: Shutting down and abandoning module MagicLeapMediaFactory (364)
[2019.09.03-00.55.52:446][959]LogModuleManager: Shutting down and abandoning module CharacterAI (362)
[2019.09.03-00.55.52:446][959]LogModuleManager: Shutting down and abandoning module SessionServices (360)
[2019.09.03-00.55.52:446][959]LogModuleManager: Shutting down and abandoning module MovieSceneCapture (358)
[2019.09.03-00.55.52:446][959]LogModuleManager: Shutting down and abandoning module LiveCoding (356)
[2019.09.03-00.55.52:446][959]LogModuleManager: Shutting down and abandoning module LevelSequence (354)
[2019.09.03-00.55.52:446][959]LogModuleManager: Shutting down and abandoning module MovieSceneTracks (352)
[2019.09.03-00.55.52:446][959]LogModuleManager: Shutting down and abandoning module MovieScene (350)
[2019.09.03-00.55.52:446][959]LogModuleManager: Shutting down and abandoning module StreamingPauseRendering (348)
[2019.09.03-00.55.52:446][959]LogModuleManager: Shutting down and abandoning module PortalServices (346)
[2019.09.03-00.55.52:446][959]LogModuleManager: Shutting down and abandoning module PortalRpc (344)
[2019.09.03-00.55.52:446][959]LogModuleManager: Shutting down and abandoning module MessagingRpc (342)
[2019.09.03-00.55.52:446][959]LogModuleManager: Shutting down and abandoning module ImageWriteQueue (340)
[2019.09.03-00.55.52:449][959]LogModuleManager: Shutting down and abandoning module ProfilerService (338)
[2019.09.03-00.55.52:487][959]LogModuleManager: Shutting down and abandoning module TaskGraph (336)
[2019.09.03-00.55.52:498][959]LogModuleManager: Shutting down and abandoning module SunPosition (334)
[2019.09.03-00.55.52:498][959]LogModuleManager: Shutting down and abandoning module SteamVRController (332)
[2019.09.03-00.55.52:498][959]LogModuleManager: Shutting down and abandoning module ProceduralMeshComponent (330)
[2019.09.03-00.55.52:498][959]LogModuleManager: Shutting down and abandoning module OculusInput (328)
[2019.09.03-00.55.52:498][959]LogModuleManager: Shutting down and abandoning module MobilePatchingUtils (326)
[2019.09.03-00.55.52:498][959]LogModuleManager: Shutting down and abandoning module EditableMesh (324)
[2019.09.03-00.55.52:503][959]LogModuleManager: Shutting down and abandoning module CustomMeshComponent (322)
[2019.09.03-00.55.52:504][959]LogModuleManager: Shutting down and abandoning module CableComponent (320)
[2019.09.03-00.55.52:504][959]LogModuleManager: Shutting down and abandoning module AudioCapture (318)
[2019.09.03-00.55.52:504][959]LogModuleManager: Shutting down and abandoning module ArchVisCharacter (316)
[2019.09.03-00.55.52:504][959]LogModuleManager: Shutting down and abandoning module AndroidPermission (314)
[2019.09.03-00.55.52:504][959]LogModuleManager: Shutting down and abandoning module NUTUnrealEngine4 (312)
[2019.09.03-00.55.52:504][959]LogModuleManager: Shutting down and abandoning module NetcodeUnitTest (310)
[2019.09.03-00.55.52:504][959]LogModuleManager: Shutting down and abandoning module MediaCompositing (308)
[2019.09.03-00.55.52:504][959]LogModuleManager: Shutting down and abandoning module LinearTimecode (306)
[2019.09.03-00.55.52:504][959]LogModuleManager: Shutting down and abandoning module ImgMedia (304)
[2019.09.03-00.55.52:504][959]LogModuleManager: Shutting down and abandoning module MagicLeapHelperVulkan (302)
[2019.09.03-00.55.52:504][959]LogModuleManager: Shutting down and abandoning module MagicLeapHelperOpenGL (300)
[2019.09.03-00.55.52:504][959]LogModuleManager: Shutting down and abandoning module MagicLeapAudio (298)
[2019.09.03-00.55.52:504][959]LogModuleManager: Shutting down and abandoning module HTML5Networking (296)
[2019.09.03-00.55.52:504][959]LogModuleManager: Shutting down and abandoning module GeometryCacheTracks (294)
[2019.09.03-00.55.52:504][959]LogModuleManager: Shutting down and abandoning module GeometryCacheSequencer (293)
[2019.09.03-00.55.52:504][959]LogModuleManager: Shutting down and abandoning module GeometryCache (290)
[2019.09.03-00.55.52:504][959]LogModuleManager: Shutting down and abandoning module GeometryCacheEd (289)
[2019.09.03-00.55.52:504][959]LogModuleManager: Shutting down and abandoning module BackChannel (286)
[2019.09.03-00.55.52:504][959]LogModuleManager: Shutting down and abandoning module AppleVision (284)
[2019.09.03-00.55.52:504][959]LogModuleManager: Shutting down and abandoning module AppleImageUtilsBlueprintSupport (282)
[2019.09.03-00.55.52:504][959]LogModuleManager: Shutting down and abandoning module AppleImageUtils (280)
[2019.09.03-00.55.52:504][959]LogModuleManager: Shutting down and abandoning module VariantManagerContent (278)
[2019.09.03-00.55.52:504][959]LogModuleManager: Shutting down and abandoning module CryptoKeysOpenSSL (276)
[2019.09.03-00.55.52:504][959]LogModuleManager: Shutting down and abandoning module CryptoKeys (274)
[2019.09.03-00.55.52:504][959]LogModuleManager: Shutting down and abandoning module VisualStudioSourceCodeAccess (272)
[2019.09.03-00.55.52:504][959]LogModuleManager: Shutting down and abandoning module HotReload (271)
[2019.09.03-00.55.52:504][959]LogModuleManager: Shutting down and abandoning module DirectoryWatcher (270)
[2019.09.03-00.55.52:504][959]LogModuleManager: Shutting down and abandoning module VisualStudioCodeSourceCodeAccess (266)
[2019.09.03-00.55.52:504][959]LogModuleManager: Shutting down and abandoning module UObjectPlugin (264)
[2019.09.03-00.55.52:504][959]LogModuleManager: Shutting down and abandoning module SubversionSourceControl (262)
[2019.09.03-00.55.52:504][959]LogModuleManager: Shutting down and abandoning module PerforceSourceControl (260)
[2019.09.03-00.55.52:515][959]LogModuleManager: Shutting down and abandoning module SourceControl (259)
[2019.09.03-00.55.52:515][959]LogModuleManager: Shutting down and abandoning module CLionSourceCodeAccess (256)
[2019.09.03-00.55.52:515][959]LogModuleManager: Shutting down and abandoning module ActorLayerUtilities (254)
[2019.09.03-00.55.52:515][959]LogModuleManager: Shutting down and abandoning module SignificanceManager (252)
[2019.09.03-00.55.52:515][959]LogModuleManager: Shutting down and abandoning module RuntimePhysXCooking (250)
[2019.09.03-00.55.52:515][959]LogModuleManager: Shutting down and abandoning module PhysXVehiclesEditor (248)
[2019.09.03-00.55.52:515][959]LogModuleManager: Shutting down and abandoning module PhysXVehicles (246)
[2019.09.03-00.55.52:515][959]LogModuleManager: Shutting down and abandoning module LocationServicesBPLibrary (244)
[2019.09.03-00.55.52:515][959]LogModuleManager: Shutting down and abandoning module ActorSequence (242)
[2019.09.03-00.55.52:515][959]LogModuleManager: Shutting down and abandoning module UdpMessaging (240)
[2019.09.03-00.55.52:616][959]LogModuleManager: Shutting down and abandoning module TcpMessaging (238)
