Log file open, 08/13/19 10:34:08
LogWindows: Failed to load 'aqProf.dll' (GetLastError=126)
LogWindows: File 'aqProf.dll' does not exist
LogWindows: Failed to load 'VtuneApi.dll' (GetLastError=126)
LogWindows: File 'VtuneApi.dll' does not exist
LogWindows: Failed to load 'VtuneApi32e.dll' (GetLastError=126)
LogWindows: File 'VtuneApi32e.dll' does not exist
LogConsoleResponse: Display: Failed to find resolution value strings in scalability ini. Falling back to default.
LogInit: Display: Running engine for game: CrashSite3D
LogPakFile: Registered encryption key '00000000000000000000000000000000': 0 pak files mounted, 0 remain pending
LogPlatformFile: Not using cached read wrapper
LogTaskGraph: Started task graph with 5 named threads and 23 total threads with 3 sets of task threads.
LogStats: Stats thread started at 7.015669
LogD3D11RHI: Loaded GFSDK_Aftermath_Lib.x64.dll
LogICUInternationalization: ICU TimeZone Detection - Raw Offset: +10:00, Platform Override: ''
LogPluginManager: Mounting plugin Paper2D
LogPluginManager: Mounting plugin AISupport
LogPluginManager: Mounting plugin LightPropagationVolume
LogPluginManager: Mounting plugin ActorLayerUtilities
LogPluginManager: Mounting plugin AnimationSharing
LogPluginManager: Mounting plugin CLionSourceCodeAccess
LogPluginManager: Mounting plugin CodeLiteSourceCodeAccess
LogPluginManager: Mounting plugin GitSourceControl
LogPluginManager: Mounting plugin KDevelopSourceCodeAccess
LogPluginManager: Mounting plugin NullSourceCodeAccess
LogPluginManager: Mounting plugin PerforceSourceControl
LogPluginManager: Mounting plugin SubversionSourceControl
LogPluginManager: Mounting plugin UObjectPlugin
LogPluginManager: Mounting plugin VisualStudioCodeSourceCodeAccess
LogPluginManager: Mounting plugin VisualStudioSourceCodeAccess
LogPluginManager: Mounting plugin XCodeSourceCodeAccess
LogPluginManager: Mounting plugin AssetManagerEditor
LogPluginManager: Mounting plugin CryptoKeys
LogPluginManager: Mounting plugin DataValidation
LogPluginManager: Mounting plugin FacialAnimation
LogPluginManager: Mounting plugin GameplayTagsEditor
LogPluginManager: Mounting plugin MacGraphicsSwitching
LogPluginManager: Mounting plugin MaterialAnalyzer
LogPluginManager: Mounting plugin MobileLauncherProfileWizard
LogPluginManager: Mounting plugin PluginBrowser
LogPluginManager: Mounting plugin SpeedTreeImporter
LogPluginManager: Mounting plugin DatasmithContent
LogPluginManager: Mounting plugin VariantManagerContent
LogPluginManager: Mounting plugin AlembicImporter
LogPluginManager: Mounting plugin AppleImageUtils
LogPluginManager: Mounting plugin AppleVision
LogPluginManager: Mounting plugin BackChannel
LogPluginManager: Mounting plugin CharacterAI
LogPluginManager: Mounting plugin GeometryCache
LogPluginManager: Mounting plugin HTML5Networking
LogPluginManager: Mounting plugin ProxyLODPlugin
LogPluginManager: Mounting plugin SkeletalReduction
LogPluginManager: Mounting plugin MagicLeap
LogPluginManager: Mounting plugin MagicLeapMedia
LogPluginManager: Mounting plugin AndroidMedia
LogPluginManager: Mounting plugin AvfMedia
LogPluginManager: Mounting plugin ImgMedia
LogPluginManager: Mounting plugin LinearTimecode
LogPluginManager: Mounting plugin MediaCompositing
LogPluginManager: Mounting plugin MediaPlayerEditor
LogPluginManager: Mounting plugin WebMMedia
LogPluginManager: Mounting plugin WmfMedia
LogPluginManager: Mounting plugin TcpMessaging
LogPluginManager: Mounting plugin UdpMessaging
LogPluginManager: Mounting plugin ActorSequence
LogPluginManager: Mounting plugin LevelSequenceEditor
LogPluginManager: Mounting plugin MatineeToLevelSequence
LogPluginManager: Mounting plugin NetcodeUnitTest
LogPluginManager: Mounting plugin NUTUnrealEngine4
LogPluginManager: Mounting plugin OnlineSubsystemGooglePlay
LogPluginManager: Mounting plugin OnlineSubsystemIOS
LogPluginManager: Mounting plugin OnlineSubsystem
LogPluginManager: Mounting plugin OnlineSubsystemNull
LogPluginManager: Mounting plugin OnlineSubsystemUtils
LogPluginManager: Mounting plugin LauncherChunkInstaller
LogPluginManager: Mounting plugin AndroidDeviceProfileSelector
LogPluginManager: Mounting plugin AndroidMoviePlayer
LogPluginManager: Mounting plugin AndroidPermission
LogPluginManager: Mounting plugin AppleMoviePlayer
LogPluginManager: Mounting plugin ArchVisCharacter
LogPluginManager: Mounting plugin AudioCapture
LogPluginManager: Mounting plugin CableComponent
LogPluginManager: Mounting plugin CustomMeshComponent
LogPluginManager: Mounting plugin EditableMesh
LogPluginManager: Mounting plugin ExampleDeviceProfileSelector
LogPluginManager: Mounting plugin Firebase
LogPluginManager: Mounting plugin GoogleCloudMessaging
LogPluginManager: Mounting plugin IOSDeviceProfileSelector
LogPluginManager: Mounting plugin LinuxDeviceProfileSelector
LogPluginManager: Mounting plugin LocationServicesBPLibrary
LogPluginManager: Mounting plugin MobilePatchingUtils
LogPluginManager: Mounting plugin OculusVR
LogPluginManager: Mounting plugin PhysXVehicles
LogPluginManager: Mounting plugin ProceduralMeshComponent
LogPluginManager: Mounting plugin RuntimePhysXCooking
LogPluginManager: Mounting plugin SignificanceManager
LogPluginManager: Mounting plugin SteamVR
LogPluginManager: Mounting plugin SunPosition
LogPluginManager: Mounting plugin WebMMoviePlayer
LogPluginManager: Mounting plugin WindowsMoviePlayer
LogPluginManager: Mounting plugin AutoSizeComments
LogInit: Using libcurl 7.55.1-DEV
LogInit:  - built for x86_64-pc-win32
LogInit:  - supports SSL with OpenSSL/1.1.1
LogInit:  - supports HTTP deflate (compression) using libz 1.2.8
LogInit:  - other features:
LogInit:      CURL_VERSION_SSL
LogInit:      CURL_VERSION_LIBZ
LogInit:      CURL_VERSION_IPV6
LogInit:      CURL_VERSION_ASYNCHDNS
LogInit:      CURL_VERSION_LARGEFILE
LogInit:      CURL_VERSION_IDN
LogInit:  CurlRequestOptions (configurable via config and command line):
LogInit:  - bVerifyPeer = true  - Libcurl will verify peer certificate
LogInit:  - bUseHttpProxy = false  - Libcurl will NOT use HTTP proxy
LogInit:  - bDontReuseConnections = false  - Libcurl will reuse connections
LogInit:  - MaxHostConnections = 16  - Libcurl will limit the number of connections to a host
LogInit:  - LocalHostAddr = Default
LogInit:  - BufferSize = 65536
LogInit: WinSock: version 1.1 (2.2), MaxSocks=32767, MaxUdp=65467
LogInit: Build: ++UE4+Release-4.22-CL-0
LogInit: Engine Version: 4.22.3-0+++UE4+Release-4.22
LogInit: Compatible Engine Version: 4.22.0-0+++UE4+Release-4.22
LogInit: Net CL: 0
LogInit: OS: Windows 10 (Release 1809) (), CPU: Intel(R) Core(TM) i7-6700 CPU @ 3.40GHz, GPU: NVIDIA Quadro P600
LogInit: Compiled (64-bit): Jul 26 2019 07:35:40
LogInit: Compiled with Visual C++: 19.16.27031.01
LogInit: Build Configuration: Development
LogInit: Branch Name: ++UE4+Release-4.22
LogInit: Command Line: 
LogInit: Base Directory: P:/Epic Games/UnrealEngine/Engine/Binaries/Win64/
LogInit: Installed Engine Build: 0
LogDevObjectVersion: Number of dev versions registered: 23
LogDevObjectVersion:   Dev-Blueprints (B0D832E4-1F89-4F0D-ACCF-7EB736FD4AA2): 10
LogDevObjectVersion:   Dev-Build (E1C64328-A22C-4D53-A36C-8E866417BD8C): 0
LogDevObjectVersion:   Dev-Core (375EC13C-06E4-48FB-B500-84F0262A717E): 3
LogDevObjectVersion:   Dev-Editor (E4B068ED-F494-42E9-A231-DA0B2E46BB41): 30
LogDevObjectVersion:   Dev-Framework (CFFC743F-43B0-4480-9391-14DF171D2073): 35
LogDevObjectVersion:   Dev-Mobile (B02B49B5-BB20-44E9-A304-32B752E40360): 2
LogDevObjectVersion:   Dev-Networking (A4E4105C-59A1-49B5-A7C5-40C4547EDFEE): 0
LogDevObjectVersion:   Dev-Online (39C831C9-5AE6-47DC-9A44-9C173E1C8E7C): 0
LogDevObjectVersion:   Dev-Physics (78F01B33-EBEA-4F98-B9B4-84EACCB95AA2): 0
LogDevObjectVersion:   Dev-Platform (6631380F-2D4D-43E0-8009-CF276956A95A): 0
LogDevObjectVersion:   Dev-Rendering (12F88B9F-8875-4AFC-A67C-D90C383ABD29): 28
LogDevObjectVersion:   Dev-Sequencer (7B5AE74C-D270-4C10-A958-57980B212A5A): 11
LogDevObjectVersion:   Dev-VR (D7296918-1DD6-4BDD-9DE2-64A83CC13884): 2
LogDevObjectVersion:   Dev-LoadTimes (C2A15278-BFE7-4AFE-6C17-90FF531DF755): 1
LogDevObjectVersion:   Private-Geometry (6EACA3D4-40EC-4CC1-B786-8BED09428FC5): 3
LogDevObjectVersion:   Dev-AnimPhys (29E575DD-E0A3-4627-9D10-D276232CDCEA): 17
LogDevObjectVersion:   Dev-Anim (AF43A65D-7FD3-4947-9873-3E8ED9C1BB05): 2
LogDevObjectVersion:   Dev-ReflectionCapture (6B266CEC-1EC7-4B8F-A30B-E4D90942FC07): 1
LogDevObjectVersion:   Dev-Automation (0DF73D61-A23F-47EA-B727-89E90C41499A): 1
LogDevObjectVersion:   FortniteMain (601D1886-AC64-4F84-AA16-D3DE0DEAC7D6): 25
LogDevObjectVersion:   Dev-Enterprise (9DFFBCD6-494F-0158-E221-12823C92A888): 6
LogDevObjectVersion:   Dev-Niagara (F2AED0AC-9AFE-416F-8664-AA7FFA26D6FC): 1
LogDevObjectVersion:   Dev-Destruction (174F1F0B-B4C6-45A5-B13F-2EE8D0FB917D): 2
LogInit: Presizing for max 16777216 objects, including 0 objects not considered by GC, pre-allocating 0 bytes for permanent pool.
LogInit: Object subsystem initialized
LogConfig: Setting CVar [[con.DebugEarlyDefault:1]]
LogConfig: Setting CVar [[r.setres:1280x720]]
[2019.08.13-00.34.14:591][  0]LogConfig: Setting CVar [[r.VSync:0]]
[2019.08.13-00.34.14:591][  0]LogConfig: Setting CVar [[r.RHICmdBypass:0]]
[2019.08.13-00.34.14:591][  0]LogConfig: Applying CVar settings from Section [/Script/Engine.RendererSettings] File [P:/Epic Games/CrashSite3D/Saved/Config/Windows/Engine.ini]
[2019.08.13-00.34.14:591][  0]LogConfig: Setting CVar [[r.GPUCrashDebugging:0]]
[2019.08.13-00.34.14:591][  0]LogConfig: Setting CVar [[r.MobileHDR:1]]
[2019.08.13-00.34.14:591][  0]LogConfig: Setting CVar [[r.Mobile.DisableVertexFog:1]]
[2019.08.13-00.34.14:591][  0]LogConfig: Setting CVar [[r.Shadow.CSM.MaxMobileCascades:2]]
[2019.08.13-00.34.14:591][  0]LogConfig: Setting CVar [[r.MobileMSAA:1]]
[2019.08.13-00.34.14:591][  0]LogConfig: Setting CVar [[r.Mobile.UseLegacyShadingModel:0]]
[2019.08.13-00.34.14:591][  0]LogConfig: Setting CVar [[r.Mobile.UseHWsRGBEncoding:0]]
[2019.08.13-00.34.14:591][  0]LogConfig: Setting CVar [[r.Mobile.AllowDitheredLODTransition:0]]
[2019.08.13-00.34.14:591][  0]LogConfig: Setting CVar [[r.Mobile.AllowSoftwareOcclusion:0]]
[2019.08.13-00.34.14:591][  0]LogConfig: Setting CVar [[r.DiscardUnusedQuality:1]]
[2019.08.13-00.34.14:591][  0]LogConfig: Setting CVar [[r.AllowOcclusionQueries:1]]
[2019.08.13-00.34.14:591][  0]LogConfig: Setting CVar [[r.MinScreenRadiusForLights:0.030000]]
[2019.08.13-00.34.14:591][  0]LogConfig: Setting CVar [[r.MinScreenRadiusForDepthPrepass:0.030000]]
[2019.08.13-00.34.14:591][  0]LogConfig: Setting CVar [[r.MinScreenRadiusForCSMDepth:0.010000]]
[2019.08.13-00.34.14:591][  0]LogConfig: Setting CVar [[r.PrecomputedVisibilityWarning:0]]
[2019.08.13-00.34.14:591][  0]LogConfig: Setting CVar [[r.TextureStreaming:1]]
[2019.08.13-00.34.14:591][  0]LogConfig: Setting CVar [[Compat.UseDXT5NormalMaps:0]]
[2019.08.13-00.34.14:591][  0]LogConfig: Setting CVar [[r.ClearCoatNormal:0]]
[2019.08.13-00.34.14:591][  0]LogConfig: Setting CVar [[r.ReflectionCaptureResolution:128]]
[2019.08.13-00.34.14:591][  0]LogConfig: Setting CVar [[r.ReflectionEnvironmentLightmapMixBasedOnRoughness:1]]
[2019.08.13-00.34.14:591][  0]LogConfig: Setting CVar [[r.ForwardShading:0]]
[2019.08.13-00.34.14:591][  0]LogConfig: Setting CVar [[r.VertexFoggingForOpaque:1]]
[2019.08.13-00.34.14:591][  0]LogConfig: Setting CVar [[r.AllowStaticLighting:0]]
[2019.08.13-00.34.14:591][  0]LogConfig: Setting CVar [[r.NormalMapsForStaticLighting:0]]
[2019.08.13-00.34.14:591][  0]LogConfig: Setting CVar [[r.GenerateMeshDistanceFields:0]]
[2019.08.13-00.34.14:591][  0]LogConfig: Setting CVar [[r.DistanceFieldBuild.EightBit:0]]
[2019.08.13-00.34.14:591][  0]LogConfig: Setting CVar [[r.GenerateLandscapeGIData:0]]
[2019.08.13-00.34.14:591][  0]LogConfig: Setting CVar [[r.DistanceFieldBuild.Compress:0]]
[2019.08.13-00.34.14:591][  0]LogConfig: Setting CVar [[r.TessellationAdaptivePixelsPerTriangle:48.000000]]
[2019.08.13-00.34.14:591][  0]LogConfig: Setting CVar [[r.SeparateTranslucency:1]]
[2019.08.13-00.34.14:591][  0]LogConfig: Setting CVar [[r.TranslucentSortPolicy:0]]
[2019.08.13-00.34.14:591][  0]LogConfig: Setting CVar [[r.CustomDepth:1]]
[2019.08.13-00.34.14:591][  0]LogConfig: Setting CVar [[r.CustomDepthTemporalAAJitter:1]]
[2019.08.13-00.34.14:591][  0]LogConfig: Setting CVar [[r.PostProcessing.PropagateAlpha:0]]
[2019.08.13-00.34.14:591][  0]LogConfig: Setting CVar [[r.DOF.Algorithm:1]]
[2019.08.13-00.34.14:591][  0]LogConfig: Setting CVar [[r.DefaultFeature.Bloom:1]]
[2019.08.13-00.34.14:591][  0]LogConfig: Setting CVar [[r.DefaultFeature.AmbientOcclusion:1]]
[2019.08.13-00.34.14:591][  0]LogConfig: Setting CVar [[r.DefaultFeature.AmbientOcclusionStaticFraction:0]]
[2019.08.13-00.34.14:591][  0]LogConfig: Setting CVar [[r.DefaultFeature.AutoExposure:0]]
[2019.08.13-00.34.14:591][  0]LogConfig: Setting CVar [[r.DefaultFeature.AutoExposure.Method:0]]
[2019.08.13-00.34.14:591][  0]LogConfig: Setting CVar [[r.DefaultFeature.AutoExposure.ExtendDefaultLuminanceRange:1]]
[2019.08.13-00.34.14:591][  0]LogConfig: Setting CVar [[r.UsePreExposure:0]]
[2019.08.13-00.34.14:591][  0]LogConfig: Setting CVar [[r.DefaultFeature.MotionBlur:0]]
[2019.08.13-00.34.14:591][  0]LogConfig: Setting CVar [[r.DefaultFeature.LensFlare:0]]
[2019.08.13-00.34.14:591][  0]LogConfig: Setting CVar [[r.TemporalAA.Upsampling:0]]
[2019.08.13-00.34.14:591][  0]LogConfig: Setting CVar [[r.DefaultFeature.AntiAliasing:0]]
[2019.08.13-00.34.14:591][  0]LogConfig: Setting CVar [[r.DefaultFeature.LightUnits:2]]
[2019.08.13-00.34.14:591][  0]LogConfig: Setting CVar [[r.DefaultBackBufferPixelFormat:4]]
[2019.08.13-00.34.14:591][  0]LogConfig: Setting CVar [[r.Shadow.UnbuiltPreviewInGame:1]]
[2019.08.13-00.34.14:591][  0]LogConfig: Setting CVar [[r.StencilForLODDither:0]]
[2019.08.13-00.34.14:591][  0]LogConfig: Setting CVar [[r.EarlyZPass:3]]
[2019.08.13-00.34.14:637][  0]LogConfig: Setting CVar [[r.EarlyZPassOnlyMaterialMasking:0]]
[2019.08.13-00.34.14:637][  0]LogConfig: Setting CVar [[r.DBuffer:1]]
[2019.08.13-00.34.14:637][  0]LogConfig: Setting CVar [[r.ClearSceneMethod:1]]
[2019.08.13-00.34.14:637][  0]LogConfig: Setting CVar [[r.BasePassOutputsVelocity:0]]
[2019.08.13-00.34.14:637][  0]LogConfig: Setting CVar [[r.SelectiveBasePassOutputs:0]]
[2019.08.13-00.34.14:637][  0]LogConfig: Setting CVar [[fx.GPUSimulationTextureSizeX:1024]]
[2019.08.13-00.34.14:637][  0]LogConfig: Setting CVar [[fx.GPUSimulationTextureSizeY:1024]]
[2019.08.13-00.34.14:637][  0]LogConfig: Setting CVar [[r.AllowGlobalClipPlane:0]]
[2019.08.13-00.34.14:637][  0]LogConfig: Setting CVar [[r.GBufferFormat:1]]
[2019.08.13-00.34.14:637][  0]LogConfig: Setting CVar [[r.MorphTarget.Mode:1]]
[2019.08.13-00.34.14:637][  0]LogConfig: Setting CVar [[vr.InstancedStereo:0]]
[2019.08.13-00.34.14:637][  0]LogConfig: Setting CVar [[vr.MultiView:0]]
[2019.08.13-00.34.14:637][  0]LogConfig: Setting CVar [[vr.MobileMultiView:0]]
[2019.08.13-00.34.14:637][  0]LogConfig: Setting CVar [[vr.MobileMultiView.Direct:0]]
[2019.08.13-00.34.14:637][  0]LogConfig: Setting CVar [[vr.RoundRobinOcclusion:0]]
[2019.08.13-00.34.14:637][  0]LogConfig: Setting CVar [[vr.ODSCapture:0]]
[2019.08.13-00.34.14:637][  0]LogConfig: Setting CVar [[r.WireframeCullThreshold:5.000000]]
[2019.08.13-00.34.14:637][  0]LogConfig: Setting CVar [[r.RayTracing:0]]
[2019.08.13-00.34.14:637][  0]LogConfig: Setting CVar [[r.SupportStationarySkylight:0]]
[2019.08.13-00.34.14:637][  0]LogConfig: Setting CVar [[r.SupportLowQualityLightmaps:0]]
[2019.08.13-00.34.14:637][  0]LogConfig: Setting CVar [[r.SupportPointLightWholeSceneShadows:0]]
[2019.08.13-00.34.14:637][  0]LogConfig: Setting CVar [[r.SupportAtmosphericFog:1]]
[2019.08.13-00.34.14:637][  0]LogConfig: Setting CVar [[r.SkinCache.CompileShaders:0]]
[2019.08.13-00.34.14:637][  0]LogConfig: Setting CVar [[r.Mobile.EnableStaticAndCSMShadowReceivers:0]]
[2019.08.13-00.34.14:637][  0]LogConfig: Setting CVar [[r.Mobile.EnableMovableLightCSMShaderCulling:1]]
[2019.08.13-00.34.14:637][  0]LogConfig: Setting CVar [[r.Mobile.AllowDistanceFieldShadows:0]]
[2019.08.13-00.34.14:637][  0]LogConfig: Setting CVar [[r.Mobile.AllowMovableDirectionalLights:1]]
[2019.08.13-00.34.14:637][  0]LogConfig: Setting CVar [[r.MobileNumDynamicPointLights:0]]
[2019.08.13-00.34.14:637][  0]LogConfig: Setting CVar [[r.MobileDynamicPointLightsUseStaticBranch:0]]
[2019.08.13-00.34.14:637][  0]LogConfig: Setting CVar [[r.Mobile.EnableMovableSpotlights:0]]
[2019.08.13-00.34.14:637][  0]LogConfig: Setting CVar [[r.SkinCache.SceneMemoryLimitInMB:128.000000]]
[2019.08.13-00.34.14:637][  0]LogConfig: Setting CVar [[r.GPUSkin.Limit2BoneInfluences:0]]
[2019.08.13-00.34.14:637][  0]LogConfig: Setting CVar [[r.SupportDepthOnlyIndexBuffers:1]]
[2019.08.13-00.34.14:637][  0]LogConfig: Setting CVar [[r.SupportReversedIndexBuffers:1]]
[2019.08.13-00.34.14:637][  0]LogConfig: Setting CVar [[r.SupportMaterialLayers:0]]
[2019.08.13-00.34.14:637][  0]LogConfig: Applying CVar settings from Section [/Script/Engine.RendererOverrideSettings] File [P:/Epic Games/CrashSite3D/Saved/Config/Windows/Engine.ini]
[2019.08.13-00.34.14:637][  0]LogConfig: Applying CVar settings from Section [/Script/Engine.StreamingSettings] File [P:/Epic Games/CrashSite3D/Saved/Config/Windows/Engine.ini]
[2019.08.13-00.34.14:637][  0]LogConfig: Setting CVar [[s.MinBulkDataSizeForAsyncLoading:131072]]
[2019.08.13-00.34.14:637][  0]LogConfig: Setting CVar [[s.AsyncLoadingThreadEnabled:0]]
[2019.08.13-00.34.14:637][  0]LogConfig: Setting CVar [[s.EventDrivenLoaderEnabled:1]]
[2019.08.13-00.34.14:637][  0]LogConfig: Setting CVar [[s.WarnIfTimeLimitExceeded:0]]
[2019.08.13-00.34.14:637][  0]LogConfig: Setting CVar [[s.TimeLimitExceededMultiplier:1.5]]
[2019.08.13-00.34.14:637][  0]LogConfig: Setting CVar [[s.TimeLimitExceededMinTime:0.005]]
[2019.08.13-00.34.14:637][  0]LogConfig: Setting CVar [[s.UseBackgroundLevelStreaming:1]]
[2019.08.13-00.34.14:637][  0]LogConfig: Setting CVar [[s.PriorityAsyncLoadingExtraTime:15.0]]
[2019.08.13-00.34.14:637][  0]LogConfig: Setting CVar [[s.LevelStreamingActorsUpdateTimeLimit:5.0]]
[2019.08.13-00.34.14:637][  0]LogConfig: Setting CVar [[s.PriorityLevelStreamingActorsUpdateExtraTime:5.0]]
[2019.08.13-00.34.14:637][  0]LogConfig: Setting CVar [[s.LevelStreamingComponentsRegistrationGranularity:10]]
[2019.08.13-00.34.14:637][  0]LogConfig: Setting CVar [[s.UnregisterComponentsTimeLimit:1.0]]
[2019.08.13-00.34.14:637][  0]LogConfig: Setting CVar [[s.LevelStreamingComponentsUnregistrationGranularity:5]]
[2019.08.13-00.34.14:637][  0]LogConfig: Applying CVar settings from Section [/Script/Engine.GarbageCollectionSettings] File [P:/Epic Games/CrashSite3D/Saved/Config/Windows/Engine.ini]
[2019.08.13-00.34.14:637][  0]LogConfig: Setting CVar [[gc.MaxObjectsNotConsideredByGC:1]]
[2019.08.13-00.34.14:637][  0]LogConfig: Setting CVar [[gc.SizeOfPermanentObjectPool:0]]
[2019.08.13-00.34.14:637][  0]LogConfig: Setting CVar [[gc.FlushStreamingOnGC:0]]
[2019.08.13-00.34.14:637][  0]LogConfig: Setting CVar [[gc.NumRetriesBeforeForcingGC:10]]
[2019.08.13-00.34.14:637][  0]LogConfig: Setting CVar [[gc.AllowParallelGC:1]]
[2019.08.13-00.34.14:637][  0]LogConfig: Setting CVar [[gc.TimeBetweenPurgingPendingKillObjects:61.1]]
[2019.08.13-00.34.14:637][  0]LogConfig: Setting CVar [[gc.MaxObjectsInEditor:16777216]]
[2019.08.13-00.34.14:637][  0]LogConfig: Setting CVar [[gc.IncrementalBeginDestroyEnabled:1]]
[2019.08.13-00.34.14:637][  0]LogConfig: Setting CVar [[gc.CreateGCClusters:1]]
[2019.08.13-00.34.14:637][  0]LogConfig: Setting CVar [[gc.MinGCClusterSize:5]]
[2019.08.13-00.34.14:637][  0]LogConfig: Setting CVar [[gc.ActorClusteringEnabled:0]]
[2019.08.13-00.34.14:637][  0]LogConfig: Setting CVar [[gc.BlueprintClusteringEnabled:0]]
[2019.08.13-00.34.14:637][  0]LogConfig: Setting CVar [[gc.UseDisregardForGCOnDedicatedServers:0]]
[2019.08.13-00.34.14:637][  0]LogConfig: Applying CVar settings from Section [/Script/Engine.NetworkSettings] File [P:/Epic Games/CrashSite3D/Saved/Config/Windows/Engine.ini]
[2019.08.13-00.34.14:637][  0]LogConfig: Applying CVar settings from Section [/Script/UnrealEd.CookerSettings] File [P:/Epic Games/CrashSite3D/Saved/Config/Windows/Engine.ini]
[2019.08.13-00.34.14:747][  0]LogConfig: Applying CVar settings from Section [ViewDistanceQuality@3] File [P:/Epic Games/CrashSite3D/Saved/Config/Windows/Scalability.ini]
[2019.08.13-00.34.14:747][  0]LogConfig: Setting CVar [[r.SkeletalMeshLODBias:0]]
[2019.08.13-00.34.14:747][  0]LogConfig: Setting CVar [[r.ViewDistanceScale:1.0]]
[2019.08.13-00.34.14:747][  0]LogConfig: Applying CVar settings from Section [AntiAliasingQuality@3] File [P:/Epic Games/CrashSite3D/Saved/Config/Windows/Scalability.ini]
[2019.08.13-00.34.14:747][  0]LogConfig: Setting CVar [[r.PostProcessAAQuality:4]]
[2019.08.13-00.34.14:747][  0]LogConfig: Applying CVar settings from Section [ShadowQuality@3] File [P:/Epic Games/CrashSite3D/Saved/Config/Windows/Scalability.ini]
[2019.08.13-00.34.14:747][  0]LogConfig: Setting CVar [[r.LightFunctionQuality:1]]
[2019.08.13-00.34.14:747][  0]LogConfig: Setting CVar [[r.ShadowQuality:5]]
[2019.08.13-00.34.14:747][  0]LogConfig: Setting CVar [[r.Shadow.CSM.MaxCascades:10]]
[2019.08.13-00.34.14:747][  0]LogConfig: Setting CVar [[r.Shadow.MaxResolution:2048]]
[2019.08.13-00.34.14:747][  0]LogConfig: Setting CVar [[r.Shadow.MaxCSMResolution:2048]]
[2019.08.13-00.34.14:747][  0]LogConfig: Setting CVar [[r.Shadow.RadiusThreshold:0.01]]
[2019.08.13-00.34.14:747][  0]LogConfig: Setting CVar [[r.Shadow.DistanceScale:1.0]]
[2019.08.13-00.34.14:747][  0]LogConfig: Setting CVar [[r.Shadow.CSM.TransitionScale:1.0]]
[2019.08.13-00.34.14:747][  0]LogConfig: Setting CVar [[r.Shadow.PreShadowResolutionFactor:1.0]]
[2019.08.13-00.34.14:747][  0]LogConfig: Setting CVar [[r.DistanceFieldShadowing:1]]
[2019.08.13-00.34.14:747][  0]LogConfig: Setting CVar [[r.DistanceFieldAO:1]]
[2019.08.13-00.34.14:747][  0]LogConfig: Setting CVar [[r.AOQuality:2]]
[2019.08.13-00.34.14:747][  0]LogConfig: Setting CVar [[r.VolumetricFog:1]]
[2019.08.13-00.34.14:747][  0]LogConfig: Setting CVar [[r.VolumetricFog.GridPixelSize:8]]
[2019.08.13-00.34.14:747][  0]LogConfig: Setting CVar [[r.VolumetricFog.GridSizeZ:128]]
[2019.08.13-00.34.14:747][  0]LogConfig: Setting CVar [[r.VolumetricFog.HistoryMissSupersampleCount:4]]
[2019.08.13-00.34.14:747][  0]LogConfig: Setting CVar [[r.LightMaxDrawDistanceScale:1]]
[2019.08.13-00.34.14:747][  0]LogConfig: Setting CVar [[r.CapsuleShadows:1]]
[2019.08.13-00.34.14:747][  0]LogConfig: Applying CVar settings from Section [PostProcessQuality@3] File [P:/Epic Games/CrashSite3D/Saved/Config/Windows/Scalability.ini]
[2019.08.13-00.34.14:747][  0]LogConfig: Setting CVar [[r.MotionBlurQuality:4]]
[2019.08.13-00.34.14:747][  0]LogConfig: Setting CVar [[r.AmbientOcclusionMipLevelFactor:0.4]]
[2019.08.13-00.34.14:747][  0]LogConfig: Setting CVar [[r.AmbientOcclusionMaxQuality:100]]
[2019.08.13-00.34.14:747][  0]LogConfig: Setting CVar [[r.AmbientOcclusionLevels:-1]]
[2019.08.13-00.34.14:747][  0]LogConfig: Setting CVar [[r.AmbientOcclusionRadiusScale:1.0]]
[2019.08.13-00.34.14:747][  0]LogConfig: Setting CVar [[r.DepthOfFieldQuality:2]]
[2019.08.13-00.34.14:747][  0]LogConfig: Setting CVar [[r.RenderTargetPoolMin:400]]
[2019.08.13-00.34.14:747][  0]LogConfig: Setting CVar [[r.LensFlareQuality:2]]
[2019.08.13-00.34.14:747][  0]LogConfig: Setting CVar [[r.SceneColorFringeQuality:1]]
[2019.08.13-00.34.14:747][  0]LogConfig: Setting CVar [[r.EyeAdaptationQuality:2]]
[2019.08.13-00.34.14:747][  0]LogConfig: Setting CVar [[r.BloomQuality:5]]
[2019.08.13-00.34.14:747][  0]LogConfig: Setting CVar [[r.FastBlurThreshold:100]]
[2019.08.13-00.34.14:747][  0]LogConfig: Setting CVar [[r.Upscale.Quality:3]]
[2019.08.13-00.34.14:747][  0]LogConfig: Setting CVar [[r.Tonemapper.GrainQuantization:1]]
[2019.08.13-00.34.14:747][  0]LogConfig: Setting CVar [[r.LightShaftQuality:1]]
[2019.08.13-00.34.14:747][  0]LogConfig: Setting CVar [[r.Filter.SizeScale:1]]
[2019.08.13-00.34.14:747][  0]LogConfig: Setting CVar [[r.Tonemapper.Quality:5]]
[2019.08.13-00.34.14:747][  0]LogConfig: Setting CVar [[r.DOF.Gather.AccumulatorQuality:1        ; higher gathering accumulator quality]]
[2019.08.13-00.34.14:747][  0]LogConfig: Setting CVar [[r.DOF.Gather.PostfilterMethod:1          ; Median3x3 postfilering method]]
[2019.08.13-00.34.14:747][  0]LogConfig: Setting CVar [[r.DOF.Gather.EnableBokehSettings:0       ; no bokeh simulation when gathering]]
[2019.08.13-00.34.14:747][  0]LogConfig: Setting CVar [[r.DOF.Gather.RingCount:4                 ; medium number of samples when gathering]]
[2019.08.13-00.34.14:747][  0]LogConfig: Setting CVar [[r.DOF.Scatter.ForegroundCompositing:1    ; additive foreground scattering]]
[2019.08.13-00.34.14:747][  0]LogConfig: Setting CVar [[r.DOF.Scatter.BackgroundCompositing:2    ; additive background scattering]]
[2019.08.13-00.34.14:747][  0]LogConfig: Setting CVar [[r.DOF.Scatter.EnableBokehSettings:1      ; bokeh simulation when scattering]]
[2019.08.13-00.34.14:747][  0]LogConfig: Setting CVar [[r.DOF.Scatter.MaxSpriteRatio:0.1         ; only a maximum of 10% of scattered bokeh]]
[2019.08.13-00.34.14:747][  0]LogConfig: Setting CVar [[r.DOF.Recombine.Quality:1                ; cheap slight out of focus]]
[2019.08.13-00.34.14:747][  0]LogConfig: Setting CVar [[r.DOF.Recombine.EnableBokehSettings:0    ; no bokeh simulation on slight out of focus]]
[2019.08.13-00.34.14:747][  0]LogConfig: Setting CVar [[r.DOF.TemporalAAQuality:1                ; more stable temporal accumulation]]
[2019.08.13-00.34.14:747][  0]LogConfig: Setting CVar [[r.DOF.Kernel.MaxForegroundRadius:0.025]]
[2019.08.13-00.34.14:747][  0]LogConfig: Setting CVar [[r.DOF.Kernel.MaxBackgroundRadius:0.025]]
[2019.08.13-00.34.14:762][  0]LogConfig: Applying CVar settings from Section [TextureQuality@3] File [P:/Epic Games/CrashSite3D/Saved/Config/Windows/Scalability.ini]
[2019.08.13-00.34.14:762][  0]LogConfig: Setting CVar [[r.Streaming.MipBias:0]]
[2019.08.13-00.34.14:762][  0]LogConfig: Setting CVar [[r.Streaming.AmortizeCPUToGPUCopy:0]]
[2019.08.13-00.34.14:762][  0]LogConfig: Setting CVar [[r.Streaming.MaxNumTexturesToStreamPerFrame:0]]
[2019.08.13-00.34.14:762][  0]LogConfig: Setting CVar [[r.Streaming.Boost:1]]
[2019.08.13-00.34.14:762][  0]LogConfig: Setting CVar [[r.MaxAnisotropy:8]]
[2019.08.13-00.34.14:762][  0]LogConfig: Setting CVar [[r.Streaming.LimitPoolSizeToVRAM:0]]
[2019.08.13-00.34.14:762][  0]LogConfig: Setting CVar [[r.Streaming.PoolSize:1000]]
[2019.08.13-00.34.14:762][  0]LogConfig: Setting CVar [[r.Streaming.MaxEffectiveScreenSize:0]]
[2019.08.13-00.34.14:762][  0]LogConfig: Applying CVar settings from Section [EffectsQuality@3] File [P:/Epic Games/CrashSite3D/Saved/Config/Windows/Scalability.ini]
[2019.08.13-00.34.14:762][  0]LogConfig: Setting CVar [[r.TranslucencyLightingVolumeDim:64]]
[2019.08.13-00.34.14:762][  0]LogConfig: Setting CVar [[r.RefractionQuality:2]]
[2019.08.13-00.34.14:762][  0]LogConfig: Setting CVar [[r.SSR.Quality:3]]
[2019.08.13-00.34.14:762][  0]LogConfig: Setting CVar [[r.SceneColorFormat:4]]
[2019.08.13-00.34.14:762][  0]LogConfig: Setting CVar [[r.DetailMode:2]]
[2019.08.13-00.34.14:762][  0]LogConfig: Setting CVar [[r.TranslucencyVolumeBlur:1]]
[2019.08.13-00.34.14:762][  0]LogConfig: Setting CVar [[r.MaterialQualityLevel:1 ; High quality]]
[2019.08.13-00.34.14:762][  0]LogConfig: Setting CVar [[r.SSS.Scale:1]]
[2019.08.13-00.34.14:762][  0]LogConfig: Setting CVar [[r.SSS.SampleSet:2]]
[2019.08.13-00.34.14:762][  0]LogConfig: Setting CVar [[r.SSS.Quality:1]]
[2019.08.13-00.34.14:762][  0]LogConfig: Setting CVar [[r.SSS.HalfRes:1]]
[2019.08.13-00.34.14:762][  0]LogConfig: Setting CVar [[r.EmitterSpawnRateScale:1.0]]
[2019.08.13-00.34.14:762][  0]LogConfig: Setting CVar [[r.ParticleLightQuality:2]]
[2019.08.13-00.34.14:762][  0]LogConfig: Applying CVar settings from Section [FoliageQuality@3] File [P:/Epic Games/CrashSite3D/Saved/Config/Windows/Scalability.ini]
[2019.08.13-00.34.14:762][  0]LogConfig: Setting CVar [[foliage.DensityScale:1.0]]
[2019.08.13-00.34.14:762][  0]LogConfig: Setting CVar [[grass.DensityScale:1.0]]
[2019.08.13-00.34.14:762][  0]LogInit: Selected Device Profile: [Windows]
[2019.08.13-00.34.14:762][  0]LogInit: Applying CVar settings loaded from the selected device profile: [Windows]
[2019.08.13-00.34.14:903][  0]LogHAL: Display: Platform has ~ 16 GB [17096605696 / 17179869184 / 16], which maps to Larger [LargestMinGB=32, LargerMinGB=12, DefaultMinGB=8, SmallerMinGB=6, SmallestMinGB=0)
[2019.08.13-00.34.14:919][  0]LogConfig: Setting CVar [[r.Vulkan.UseRealUBs:0		; Required until we fix HLR fall-out]]
[2019.08.13-00.34.14:919][  0]LogInit: Going up to parent DeviceProfile []
[2019.08.13-00.34.14:919][  0]LogConfig: Applying CVar settings from Section [ViewDistanceQuality@3] File [P:/Epic Games/CrashSite3D/Saved/Config/Windows/Scalability.ini]
[2019.08.13-00.34.14:919][  0]LogConfig: Setting CVar [[r.SkeletalMeshLODBias:0]]
[2019.08.13-00.34.14:919][  0]LogConfig: Setting CVar [[r.ViewDistanceScale:1.0]]
[2019.08.13-00.34.14:919][  0]LogConfig: Applying CVar settings from Section [AntiAliasingQuality@3] File [P:/Epic Games/CrashSite3D/Saved/Config/Windows/Scalability.ini]
[2019.08.13-00.34.14:919][  0]LogConfig: Setting CVar [[r.PostProcessAAQuality:4]]
[2019.08.13-00.34.14:919][  0]LogConfig: Applying CVar settings from Section [ShadowQuality@3] File [P:/Epic Games/CrashSite3D/Saved/Config/Windows/Scalability.ini]
[2019.08.13-00.34.14:919][  0]LogConfig: Setting CVar [[r.LightFunctionQuality:1]]
[2019.08.13-00.34.14:919][  0]LogConfig: Setting CVar [[r.ShadowQuality:5]]
[2019.08.13-00.34.14:919][  0]LogConfig: Setting CVar [[r.Shadow.CSM.MaxCascades:10]]
[2019.08.13-00.34.14:919][  0]LogConfig: Setting CVar [[r.Shadow.MaxResolution:2048]]
[2019.08.13-00.34.14:919][  0]LogConfig: Setting CVar [[r.Shadow.MaxCSMResolution:2048]]
[2019.08.13-00.34.14:934][  0]LogConfig: Setting CVar [[r.Shadow.RadiusThreshold:0.01]]
[2019.08.13-00.34.14:934][  0]LogConfig: Setting CVar [[r.Shadow.DistanceScale:1.0]]
[2019.08.13-00.34.14:934][  0]LogConfig: Setting CVar [[r.Shadow.CSM.TransitionScale:1.0]]
[2019.08.13-00.34.14:934][  0]LogConfig: Setting CVar [[r.Shadow.PreShadowResolutionFactor:1.0]]
[2019.08.13-00.34.14:934][  0]LogConfig: Setting CVar [[r.DistanceFieldShadowing:1]]
[2019.08.13-00.34.14:934][  0]LogConfig: Setting CVar [[r.DistanceFieldAO:1]]
[2019.08.13-00.34.14:934][  0]LogConfig: Setting CVar [[r.AOQuality:2]]
[2019.08.13-00.34.14:934][  0]LogConfig: Setting CVar [[r.VolumetricFog:1]]
[2019.08.13-00.34.14:934][  0]LogConfig: Setting CVar [[r.VolumetricFog.GridPixelSize:8]]
[2019.08.13-00.34.14:934][  0]LogConfig: Setting CVar [[r.VolumetricFog.GridSizeZ:128]]
[2019.08.13-00.34.14:934][  0]LogConfig: Setting CVar [[r.VolumetricFog.HistoryMissSupersampleCount:4]]
[2019.08.13-00.34.14:934][  0]LogConfig: Setting CVar [[r.LightMaxDrawDistanceScale:1]]
[2019.08.13-00.34.14:934][  0]LogConfig: Setting CVar [[r.CapsuleShadows:1]]
[2019.08.13-00.34.14:934][  0]LogConfig: Applying CVar settings from Section [PostProcessQuality@3] File [P:/Epic Games/CrashSite3D/Saved/Config/Windows/Scalability.ini]
[2019.08.13-00.34.14:934][  0]LogConfig: Setting CVar [[r.MotionBlurQuality:4]]
[2019.08.13-00.34.14:934][  0]LogConfig: Setting CVar [[r.AmbientOcclusionMipLevelFactor:0.4]]
[2019.08.13-00.34.14:934][  0]LogConfig: Setting CVar [[r.AmbientOcclusionMaxQuality:100]]
[2019.08.13-00.34.14:934][  0]LogConfig: Setting CVar [[r.AmbientOcclusionLevels:-1]]
[2019.08.13-00.34.14:934][  0]LogConfig: Setting CVar [[r.AmbientOcclusionRadiusScale:1.0]]
[2019.08.13-00.34.14:934][  0]LogConfig: Setting CVar [[r.DepthOfFieldQuality:2]]
[2019.08.13-00.34.14:934][  0]LogConfig: Setting CVar [[r.RenderTargetPoolMin:400]]
[2019.08.13-00.34.14:934][  0]LogConfig: Setting CVar [[r.LensFlareQuality:2]]
[2019.08.13-00.34.14:934][  0]LogConfig: Setting CVar [[r.SceneColorFringeQuality:1]]
[2019.08.13-00.34.14:934][  0]LogConfig: Setting CVar [[r.EyeAdaptationQuality:2]]
[2019.08.13-00.34.14:934][  0]LogConfig: Setting CVar [[r.BloomQuality:5]]
[2019.08.13-00.34.14:934][  0]LogConfig: Setting CVar [[r.FastBlurThreshold:100]]
[2019.08.13-00.34.14:934][  0]LogConfig: Setting CVar [[r.Upscale.Quality:3]]
[2019.08.13-00.34.14:934][  0]LogConfig: Setting CVar [[r.Tonemapper.GrainQuantization:1]]
[2019.08.13-00.34.14:934][  0]LogConfig: Setting CVar [[r.LightShaftQuality:1]]
[2019.08.13-00.34.14:934][  0]LogConfig: Setting CVar [[r.Filter.SizeScale:1]]
[2019.08.13-00.34.14:934][  0]LogConfig: Setting CVar [[r.Tonemapper.Quality:5]]
[2019.08.13-00.34.14:934][  0]LogConfig: Setting CVar [[r.DOF.Gather.AccumulatorQuality:1        ; higher gathering accumulator quality]]
[2019.08.13-00.34.14:934][  0]LogConfig: Setting CVar [[r.DOF.Gather.PostfilterMethod:1          ; Median3x3 postfilering method]]
[2019.08.13-00.34.14:934][  0]LogConfig: Setting CVar [[r.DOF.Gather.EnableBokehSettings:0       ; no bokeh simulation when gathering]]
[2019.08.13-00.34.14:934][  0]LogConfig: Setting CVar [[r.DOF.Gather.RingCount:4                 ; medium number of samples when gathering]]
[2019.08.13-00.34.14:934][  0]LogConfig: Setting CVar [[r.DOF.Scatter.ForegroundCompositing:1    ; additive foreground scattering]]
[2019.08.13-00.34.14:934][  0]LogConfig: Setting CVar [[r.DOF.Scatter.BackgroundCompositing:2    ; additive background scattering]]
[2019.08.13-00.34.14:934][  0]LogConfig: Setting CVar [[r.DOF.Scatter.EnableBokehSettings:1      ; bokeh simulation when scattering]]
[2019.08.13-00.34.14:934][  0]LogConfig: Setting CVar [[r.DOF.Scatter.MaxSpriteRatio:0.1         ; only a maximum of 10% of scattered bokeh]]
[2019.08.13-00.34.14:934][  0]LogConfig: Setting CVar [[r.DOF.Recombine.Quality:1                ; cheap slight out of focus]]
[2019.08.13-00.34.14:934][  0]LogConfig: Setting CVar [[r.DOF.Recombine.EnableBokehSettings:0    ; no bokeh simulation on slight out of focus]]
[2019.08.13-00.34.14:934][  0]LogConfig: Setting CVar [[r.DOF.TemporalAAQuality:1                ; more stable temporal accumulation]]
[2019.08.13-00.34.14:934][  0]LogConfig: Setting CVar [[r.DOF.Kernel.MaxForegroundRadius:0.025]]
[2019.08.13-00.34.14:934][  0]LogConfig: Setting CVar [[r.DOF.Kernel.MaxBackgroundRadius:0.025]]
[2019.08.13-00.34.14:934][  0]LogConfig: Applying CVar settings from Section [TextureQuality@3] File [P:/Epic Games/CrashSite3D/Saved/Config/Windows/Scalability.ini]
[2019.08.13-00.34.14:934][  0]LogConfig: Setting CVar [[r.Streaming.MipBias:0]]
[2019.08.13-00.34.14:934][  0]LogConfig: Setting CVar [[r.Streaming.AmortizeCPUToGPUCopy:0]]
[2019.08.13-00.34.14:934][  0]LogConfig: Setting CVar [[r.Streaming.MaxNumTexturesToStreamPerFrame:0]]
[2019.08.13-00.34.14:934][  0]LogConfig: Setting CVar [[r.Streaming.Boost:1]]
[2019.08.13-00.34.14:934][  0]LogConfig: Setting CVar [[r.MaxAnisotropy:8]]
[2019.08.13-00.34.14:934][  0]LogConfig: Setting CVar [[r.Streaming.LimitPoolSizeToVRAM:0]]
[2019.08.13-00.34.14:934][  0]LogConfig: Setting CVar [[r.Streaming.PoolSize:1000]]
[2019.08.13-00.34.14:934][  0]LogConfig: Setting CVar [[r.Streaming.MaxEffectiveScreenSize:0]]
[2019.08.13-00.34.14:934][  0]LogConfig: Applying CVar settings from Section [EffectsQuality@3] File [P:/Epic Games/CrashSite3D/Saved/Config/Windows/Scalability.ini]
[2019.08.13-00.34.14:934][  0]LogConfig: Setting CVar [[r.TranslucencyLightingVolumeDim:64]]
[2019.08.13-00.34.14:934][  0]LogConfig: Setting CVar [[r.RefractionQuality:2]]
[2019.08.13-00.34.14:934][  0]LogConfig: Setting CVar [[r.SSR.Quality:3]]
[2019.08.13-00.34.14:934][  0]LogConfig: Setting CVar [[r.SceneColorFormat:4]]
[2019.08.13-00.34.14:934][  0]LogConfig: Setting CVar [[r.DetailMode:2]]
[2019.08.13-00.34.14:934][  0]LogConfig: Setting CVar [[r.TranslucencyVolumeBlur:1]]
[2019.08.13-00.34.14:934][  0]LogConfig: Setting CVar [[r.MaterialQualityLevel:1 ; High quality]]
[2019.08.13-00.34.14:934][  0]LogConfig: Setting CVar [[r.SSS.Scale:1]]
[2019.08.13-00.34.14:934][  0]LogConfig: Setting CVar [[r.SSS.SampleSet:2]]
[2019.08.13-00.34.14:934][  0]LogConfig: Setting CVar [[r.SSS.Quality:1]]
[2019.08.13-00.34.14:934][  0]LogConfig: Setting CVar [[r.SSS.HalfRes:1]]
[2019.08.13-00.34.14:934][  0]LogConfig: Setting CVar [[r.EmitterSpawnRateScale:1.0]]
[2019.08.13-00.34.14:934][  0]LogConfig: Setting CVar [[r.ParticleLightQuality:2]]
[2019.08.13-00.34.14:934][  0]LogConfig: Applying CVar settings from Section [FoliageQuality@3] File [P:/Epic Games/CrashSite3D/Saved/Config/Windows/Scalability.ini]
[2019.08.13-00.34.14:934][  0]LogConfig: Setting CVar [[foliage.DensityScale:1.0]]
[2019.08.13-00.34.14:934][  0]LogConfig: Setting CVar [[grass.DensityScale:1.0]]
[2019.08.13-00.34.14:934][  0]LogConfig: Applying CVar settings from Section [Startup] File [../../../Engine/Config/ConsoleVariables.ini]
[2019.08.13-00.34.14:965][  0]LogConfig: Setting CVar [[net.UseAdaptiveNetUpdateFrequency:0]]
[2019.08.13-00.34.14:965][  0]LogConfig: Setting CVar [[p.chaos.AllowCreatePhysxBodies:1]]
[2019.08.13-00.34.14:965][  0]LogConfig: Applying CVar settings from Section [ConsoleVariables] File [P:/Epic Games/CrashSite3D/Saved/Config/Windows/Engine.ini]
[2019.08.13-00.34.14:996][  0]LogInit: Computer: C2-Z240-18
[2019.08.13-00.34.14:996][  0]LogInit: User: mar0072
[2019.08.13-00.34.14:996][  0]LogInit: CPU Page size=4096, Cores=4
[2019.08.13-00.34.14:996][  0]LogInit: High frequency timer resolution =10.000000 MHz
[2019.08.13-00.34.14:997][  0]LogMemory: Memory total: Physical=15.9GB (16GB approx)
[2019.08.13-00.34.14:997][  0]LogMemory: Platform Memory Stats for Windows
[2019.08.13-00.34.14:997][  0]LogMemory: Process Physical Memory: 98.32 MB used, 98.32 MB peak
[2019.08.13-00.34.14:997][  0]LogMemory: Process Virtual Memory: 102.62 MB used, 102.62 MB peak
[2019.08.13-00.34.14:997][  0]LogMemory: Physical Memory: 3284.77 MB used,  13019.82 MB free, 16304.59 MB total
[2019.08.13-00.34.14:997][  0]LogMemory: Virtual Memory: 4669.75 MB used,  134213056.00 MB free, 134217728.00 MB total
[2019.08.13-00.34.16:923][  0]LogInit: Using OS detected language (en-US).
[2019.08.13-00.34.16:923][  0]LogInit: Using OS detected locale (en-AU).
[2019.08.13-00.34.17:102][  0]LogTextLocalizationManager: No specific localization for 'en-US' exists, so the 'en' localization will be used.
[2019.08.13-00.34.18:744][  0]LogInit: Setting process to per monitor DPI aware
[2019.08.13-00.34.20:013][  0]LogSlate: New Slate User Created.  User Index 0, Is Virtual User: 0
[2019.08.13-00.34.20:013][  0]LogSlate: Slate User Registered.  User Index 0, Is Virtual User: 0
[2019.08.13-00.34.28:866][  0]LogHMD: Failed to initialize OpenVR with code 110
[2019.08.13-00.34.28:866][  0]LogD3D11RHI: D3D11 adapters:
[2019.08.13-00.34.28:942][  0]LogD3D11RHI:    0. 'NVIDIA Quadro P600' (Feature Level 11_0)
[2019.08.13-00.34.28:942][  0]LogD3D11RHI:       1981/0/8152 MB DedicatedVideo/DedicatedSystem/SharedSystem, Outputs:1, VendorId:0x10de
[2019.08.13-00.34.28:944][  0]LogD3D11RHI:    1. 'Microsoft Basic Render Driver' (Feature Level 11_0)
[2019.08.13-00.34.28:944][  0]LogD3D11RHI:       0/0/8152 MB DedicatedVideo/DedicatedSystem/SharedSystem, Outputs:0, VendorId:0x1414
[2019.08.13-00.34.28:944][  0]LogD3D11RHI: Chosen D3D11 Adapter: 0
[2019.08.13-00.34.28:966][  0]LogD3D11RHI: Creating new Direct3DDevice
[2019.08.13-00.34.28:966][  0]LogD3D11RHI:     GPU DeviceId: 0x1cb2 (for the marketing name, search the web for "GPU Device Id")
[2019.08.13-00.34.28:966][  0]LogWindows: EnumDisplayDevices:
[2019.08.13-00.34.28:966][  0]LogWindows:    0. 'NVIDIA Quadro P600' (P:1 D:1)
[2019.08.13-00.34.28:967][  0]LogWindows:    1. 'NVIDIA Quadro P600' (P:0 D:0)
[2019.08.13-00.34.28:967][  0]LogWindows:    2. 'NVIDIA Quadro P600' (P:0 D:0)
[2019.08.13-00.34.28:967][  0]LogWindows:    3. 'NVIDIA Quadro P600' (P:0 D:0)
[2019.08.13-00.34.28:967][  0]LogWindows: DebugString: FoundDriverCount:4 
[2019.08.13-00.34.28:967][  0]LogD3D11RHI:     Adapter Name: NVIDIA Quadro P600
[2019.08.13-00.34.28:967][  0]LogD3D11RHI:   Driver Version: 391.33 (internal:23.21.13.9133, unified:391.33)
[2019.08.13-00.34.28:967][  0]LogD3D11RHI:      Driver Date: 3-22-2018
[2019.08.13-00.34.28:967][  0]LogRHI: Texture pool is 1386 MB (70% of 1981 MB)
[2019.08.13-00.34.29:002][  0]LogD3D11RHI: Async texture creation enabled
[2019.08.13-00.34.29:258][  0]LogRendererCore: FGlobalReadBuffer::InitRHI
[2019.08.13-00.34.29:269][  0]LogRendererCore: FGlobalReadBuffer::InitRHI
[2019.08.13-00.34.29:269][  0]LogRendererCore: FGlobalReadBuffer::InitRHI
[2019.08.13-00.34.29:369][  0]LogD3D11RHI: GPU Timing Frequency: 1000.000000 (Debug: 2 2)
[2019.08.13-00.34.30:726][  0]LogTemp: Display: Module 'AllDesktopTargetPlatform' loaded TargetPlatform 'AllDesktop'
[2019.08.13-00.34.30:797][  0]LogTemp: Display: Module 'MacClientTargetPlatform' loaded TargetPlatform 'MacClient'
[2019.08.13-00.34.30:863][  0]LogTemp: Display: Module 'MacNoEditorTargetPlatform' loaded TargetPlatform 'MacNoEditor'
[2019.08.13-00.34.30:934][  0]LogTemp: Display: Module 'MacServerTargetPlatform' loaded TargetPlatform 'MacServer'
[2019.08.13-00.34.31:019][  0]LogTemp: Display: Module 'MacTargetPlatform' loaded TargetPlatform 'Mac'
[2019.08.13-00.34.31:127][  0]LogTemp: Display: Module 'WindowsClientTargetPlatform' loaded TargetPlatform 'WindowsClient'
[2019.08.13-00.34.31:206][  0]LogTemp: Display: Module 'WindowsNoEditorTargetPlatform' loaded TargetPlatform 'WindowsNoEditor'
[2019.08.13-00.34.31:296][  0]LogTemp: Display: Module 'WindowsServerTargetPlatform' loaded TargetPlatform 'WindowsServer'
[2019.08.13-00.34.31:369][  0]LogTemp: Display: Module 'WindowsTargetPlatform' loaded TargetPlatform 'Windows'
[2019.08.13-00.34.31:566][  0]LogTemp: Display: Module 'AndroidTargetPlatform' loaded TargetPlatform 'Android'
[2019.08.13-00.34.31:566][  0]LogTemp: Display: Module 'AndroidTargetPlatform' loaded TargetPlatform 'Android_ASTC'
[2019.08.13-00.34.31:566][  0]LogTemp: Display: Module 'AndroidTargetPlatform' loaded TargetPlatform 'Android_ATC'
[2019.08.13-00.34.31:566][  0]LogTemp: Display: Module 'AndroidTargetPlatform' loaded TargetPlatform 'Android_DXT'
[2019.08.13-00.34.31:566][  0]LogTemp: Display: Module 'AndroidTargetPlatform' loaded TargetPlatform 'Android_ETC1'
[2019.08.13-00.34.31:566][  0]LogTemp: Display: Module 'AndroidTargetPlatform' loaded TargetPlatform 'Android_ETC1a'
[2019.08.13-00.34.31:566][  0]LogTemp: Display: Module 'AndroidTargetPlatform' loaded TargetPlatform 'Android_ETC2'
[2019.08.13-00.34.31:566][  0]LogTemp: Display: Module 'AndroidTargetPlatform' loaded TargetPlatform 'Android_PVRTC'
[2019.08.13-00.34.31:566][  0]LogTemp: Display: Module 'AndroidTargetPlatform' loaded TargetPlatform 'AndroidClient'
[2019.08.13-00.34.31:566][  0]LogTemp: Display: Module 'AndroidTargetPlatform' loaded TargetPlatform 'Android_ASTCClient'
[2019.08.13-00.34.31:566][  0]LogTemp: Display: Module 'AndroidTargetPlatform' loaded TargetPlatform 'Android_ATCClient'
[2019.08.13-00.34.31:566][  0]LogTemp: Display: Module 'AndroidTargetPlatform' loaded TargetPlatform 'Android_DXTClient'
[2019.08.13-00.34.31:566][  0]LogTemp: Display: Module 'AndroidTargetPlatform' loaded TargetPlatform 'Android_ETC1Client'
[2019.08.13-00.34.31:566][  0]LogTemp: Display: Module 'AndroidTargetPlatform' loaded TargetPlatform 'Android_ETC1aClient'
[2019.08.13-00.34.31:566][  0]LogTemp: Display: Module 'AndroidTargetPlatform' loaded TargetPlatform 'Android_ETC2Client'
[2019.08.13-00.34.31:566][  0]LogTemp: Display: Module 'AndroidTargetPlatform' loaded TargetPlatform 'Android_PVRTCClient'
[2019.08.13-00.34.31:566][  0]LogTemp: Display: Module 'AndroidTargetPlatform' loaded TargetPlatform 'Android_Multi'
[2019.08.13-00.34.31:566][  0]LogTemp: Display: Module 'AndroidTargetPlatform' loaded TargetPlatform 'Android_MultiClient'
[2019.08.13-00.34.31:601][  0]LogTemp: Display: Module 'HTML5TargetPlatform' loaded TargetPlatform 'HTML5'
[2019.08.13-00.34.31:866][  0]LogTemp: Display: Module 'IOSTargetPlatform' loaded TargetPlatform 'IOSClient'
[2019.08.13-00.34.31:866][  0]LogTemp: Display: Module 'IOSTargetPlatform' loaded TargetPlatform 'IOS'
[2019.08.13-00.34.31:971][  0]LogTemp: Display: Module 'TVOSTargetPlatform' loaded TargetPlatform 'TVOSClient'
[2019.08.13-00.34.31:971][  0]LogTemp: Display: Module 'TVOSTargetPlatform' loaded TargetPlatform 'TVOS'
[2019.08.13-00.34.32:066][  0]LogTemp: Display: Module 'LuminTargetPlatform' loaded TargetPlatform 'Lumin'
[2019.08.13-00.34.32:066][  0]LogTemp: Display: Module 'LuminTargetPlatform' loaded TargetPlatform 'LuminClient'
[2019.08.13-00.34.32:066][  0]LogTargetPlatformManager: Display: Building Assets For Windows
[2019.08.13-00.34.32:435][  0]LogAudioDebug: Display: Lib vorbis DLL was dynamically loaded.
[2019.08.13-00.34.33:979][  0]LogShaderCompilers: Guid format shader working directory is 24 characters bigger than the processId version (../../../../CrashSite3D/Intermediate/Shaders/WorkingDirectory/12272/).
[2019.08.13-00.34.33:980][  0]LogShaderCompilers: Cleaned the shader compiler working directory 'C:/Users/mar0072/AppData/Local/Temp/UnrealShaderWorkingDir/39EEF6F1435DD43AE3976C8F0C8D6C13/'.
[2019.08.13-00.34.33:996][  0]LogXGEController: Cleaning working directory: C:/Users/mar0072/AppData/Local/Temp/UnrealXGEWorkingDir/
[2019.08.13-00.34.33:997][  0]LogXGEController: Cannot use XGE Controller as Incredibuild is not installed on this machine.
[2019.08.13-00.34.33:998][  0]LogShaderCompilers: Cannot use XGE Shader Compiler as Incredibuild is not installed on this machine.
[2019.08.13-00.34.33:998][  0]LogShaderCompilers: Display: Using Local Shader Compiler.
[2019.08.13-00.34.41:968][  0]LogDerivedDataCache: Display: Max Cache Size: 512 MB
[2019.08.13-00.34.43:982][  0]LogDerivedDataCache: Loaded boot cache 2.01s 66MB ../../../../CrashSite3D/DerivedDataCache/Boot.ddc.
[2019.08.13-00.34.43:983][  0]LogDerivedDataCache: Display: Loaded Boot cache: ../../../../CrashSite3D/DerivedDataCache/Boot.ddc
[2019.08.13-00.34.43:983][  0]LogDerivedDataCache: FDerivedDataBackendGraph:  Pak pak cache file ../../../../CrashSite3D/DerivedDataCache/DDC.ddp not found, will not use a pak cache.
[2019.08.13-00.34.43:983][  0]LogDerivedDataCache: Unable to find inner node Pak for hierarchical cache Hierarchy.
[2019.08.13-00.34.44:021][  0]LogDerivedDataCache: FDerivedDataBackendGraph:  EnginePak pak cache file ../../../Engine/DerivedDataCache/DDC.ddp not found, will not use a pak cache.
[2019.08.13-00.34.44:021][  0]LogDerivedDataCache: Unable to find inner node EnginePak for hierarchical cache Hierarchy.
[2019.08.13-00.34.44:037][  0]LogDerivedDataCache: Using Local data cache path ../../../Engine/DerivedDataCache: Writable
[2019.08.13-00.34.44:037][  0]LogDerivedDataCache: Shared data cache path not found in *engine.ini, will not use an Shared cache.
[2019.08.13-00.34.44:037][  0]LogDerivedDataCache: Unable to find inner node Shared for hierarchical cache Hierarchy.
[2019.08.13-00.34.44:370][  0]LogMaterial: Verifying Global Shaders for PCD3D_SM5
[2019.08.13-00.34.45:663][  0]LogSlate: Using FreeType 2.6.0
[2019.08.13-00.34.46:791][  0]LogSlate: SlateFontServices - WITH_FREETYPE: 1, WITH_HARFBUZZ: 1
[2019.08.13-00.34.54:107][  0]LogAssetRegistry: FAssetRegistry took 0.0810 seconds to start up
[2019.08.13-00.35.02:524][  0]LogInit: Selected Device Profile: [Windows]
[2019.08.13-00.35.10:655][  0]LogMeshReduction: Using QuadricMeshReduction for automatic static mesh reduction
[2019.08.13-00.35.10:655][  0]LogMeshReduction: Using SimplygonMeshReduction for automatic skeletal mesh reduction
[2019.08.13-00.35.10:655][  0]LogMeshReduction: Using ProxyLODMeshReduction for automatic mesh merging
[2019.08.13-00.35.10:655][  0]LogMeshReduction: No distributed automatic mesh merging module available
[2019.08.13-00.35.10:686][  0]LogMeshMerging: No distributed automatic mesh merging module available
[2019.08.13-00.35.12:372][  0]LogNetVersion: CrashSite3D 1.0.0, NetCL: 0, EngineNetVer: 10, GameNetVer: 0 (Checksum: 852609680)
[2019.08.13-00.35.31:394][  0]LogPackageLocalizationCache: Processed 11 localized package path(s) for 1 prioritized culture(s) in 0.238839 seconds
[2019.08.13-00.35.31:441][  0]LogUObjectArray: 42194 objects as part of root set at end of initial load.
[2019.08.13-00.35.31:441][  0]LogUObjectAllocator: 7322816 out of 0 bytes used by permanent object pool.
[2019.08.13-00.35.31:441][  0]LogUObjectArray: CloseDisregardForGC: 0/0 objects in disregard for GC pool
[2019.08.13-00.36.11:837][  0]LogTcpMessaging: Initializing TcpMessaging bridge
[2019.08.13-00.36.11:925][  0]LogUdpMessaging: Initializing bridge on interface 0.0.0.0:0 to multicast group 230.0.0.1:6666.
[2019.08.13-00.36.13:629][  0]SourceControl: Source control is disabled
[2019.08.13-00.36.13:668][  0]LogWindows: Warning: CreateProc failed: The system cannot find the file specified. (0x00000002)
[2019.08.13-00.36.13:668][  0]LogWindows: Warning: URL: C:/Program Files/Git/bin/git.exe version
[2019.08.13-00.36.13:671][  0]LogWindows: Warning: CreateProc failed: The system cannot find the file specified. (0x00000002)
[2019.08.13-00.36.13:671][  0]LogWindows: Warning: URL: C:/Program Files (x86)/Git/bin/git.exe version
[2019.08.13-00.36.13:671][  0]LogWindows: Warning: CreateProc failed: The system cannot find the file specified. (0x00000002)
[2019.08.13-00.36.13:671][  0]LogWindows: Warning: URL: C:\Users\mar0072\AppData\Local/Programs/Git/cmd/git.exe version
[2019.08.13-00.36.13:671][  0]LogWindows: Warning: CreateProc failed: The system cannot find the file specified. (0x00000002)
[2019.08.13-00.36.13:672][  0]LogWindows: Warning: URL: C:/Program Files (x86)/SmartGit/git/bin/git.exe version
[2019.08.13-00.36.13:672][  0]LogWindows: Warning: CreateProc failed: The system cannot find the file specified. (0x00000002)
[2019.08.13-00.36.13:672][  0]LogWindows: Warning: URL: C:/Program Files (x86)/SmartGit/bin/git.exe version
[2019.08.13-00.36.13:673][  0]LogWindows: Warning: CreateProc failed: The system cannot find the file specified. (0x00000002)
[2019.08.13-00.36.13:673][  0]LogWindows: Warning: URL: C:\Users\mar0072\AppData\Local/Atlassian/SourceTree/git_local/bin/git.exe version
[2019.08.13-00.36.13:673][  0]LogWindows: Warning: CreateProc failed: The system cannot find the file specified. (0x00000002)
[2019.08.13-00.36.13:673][  0]LogWindows: Warning: URL: C:/Program Files (x86)/fournova/Tower/vendor/Git/bin/git.exe version
[2019.08.13-00.36.13:843][  0]LogWindows: Warning: CreateProc failed: The system cannot find the file specified. (0x00000002)
[2019.08.13-00.36.13:843][  0]LogWindows: Warning: URL: C:/Program Files/Git/bin/git.exe version
[2019.08.13-00.36.13:844][  0]LogWindows: Warning: CreateProc failed: The system cannot find the file specified. (0x00000002)
[2019.08.13-00.36.13:844][  0]LogWindows: Warning: URL: C:/Program Files (x86)/Git/bin/git.exe version
[2019.08.13-00.36.13:844][  0]LogWindows: Warning: CreateProc failed: The system cannot find the file specified. (0x00000002)
[2019.08.13-00.36.13:845][  0]LogWindows: Warning: URL: C:\Users\mar0072\AppData\Local/Programs/Git/cmd/git.exe version
[2019.08.13-00.36.13:845][  0]LogWindows: Warning: CreateProc failed: The system cannot find the file specified. (0x00000002)
[2019.08.13-00.36.13:845][  0]LogWindows: Warning: URL: C:/Program Files (x86)/SmartGit/git/bin/git.exe version
[2019.08.13-00.36.13:846][  0]LogWindows: Warning: CreateProc failed: The system cannot find the file specified. (0x00000002)
[2019.08.13-00.36.13:846][  0]LogWindows: Warning: URL: C:/Program Files (x86)/SmartGit/bin/git.exe version
[2019.08.13-00.36.13:846][  0]LogWindows: Warning: CreateProc failed: The system cannot find the file specified. (0x00000002)
[2019.08.13-00.36.13:846][  0]LogWindows: Warning: URL: C:\Users\mar0072\AppData\Local/Atlassian/SourceTree/git_local/bin/git.exe version
[2019.08.13-00.36.13:847][  0]LogWindows: Warning: CreateProc failed: The system cannot find the file specified. (0x00000002)
[2019.08.13-00.36.13:847][  0]LogWindows: Warning: URL: C:/Program Files (x86)/fournova/Tower/vendor/Git/bin/git.exe version
[2019.08.13-00.36.13:918][  0]LogWindows: Warning: CreateProc failed: The system cannot find the file specified. (0x00000002)
[2019.08.13-00.36.13:918][  0]LogWindows: Warning: URL: C:/Program Files/Git/bin/git.exe version
[2019.08.13-00.36.13:919][  0]LogWindows: Warning: CreateProc failed: The system cannot find the file specified. (0x00000002)
[2019.08.13-00.36.13:919][  0]LogWindows: Warning: URL: C:/Program Files (x86)/Git/bin/git.exe version
[2019.08.13-00.36.13:919][  0]LogWindows: Warning: CreateProc failed: The system cannot find the file specified. (0x00000002)
[2019.08.13-00.36.13:919][  0]LogWindows: Warning: URL: C:\Users\mar0072\AppData\Local/Programs/Git/cmd/git.exe version
[2019.08.13-00.36.13:919][  0]LogWindows: Warning: CreateProc failed: The system cannot find the file specified. (0x00000002)
[2019.08.13-00.36.13:919][  0]LogWindows: Warning: URL: C:/Program Files (x86)/SmartGit/git/bin/git.exe version
[2019.08.13-00.36.13:920][  0]LogWindows: Warning: CreateProc failed: The system cannot find the file specified. (0x00000002)
[2019.08.13-00.36.13:920][  0]LogWindows: Warning: URL: C:/Program Files (x86)/SmartGit/bin/git.exe version
[2019.08.13-00.36.13:920][  0]LogWindows: Warning: CreateProc failed: The system cannot find the file specified. (0x00000002)
[2019.08.13-00.36.13:920][  0]LogWindows: Warning: URL: C:\Users\mar0072\AppData\Local/Atlassian/SourceTree/git_local/bin/git.exe version
[2019.08.13-00.36.13:920][  0]LogWindows: Warning: CreateProc failed: The system cannot find the file specified. (0x00000002)
[2019.08.13-00.36.13:920][  0]LogWindows: Warning: URL: C:/Program Files (x86)/fournova/Tower/vendor/Git/bin/git.exe version
[2019.08.13-00.36.14:567][  0]LogVSAccessor: Display: Unable to create Visual Studio setup instance: 80040154
[2019.08.13-00.36.14:569][  0]LogVSAccessor: Display: Unable to create Visual Studio setup instance: 80040154
[2019.08.13-00.36.17:501][  0]LogAndroidPermission: UAndroidPermissionCallbackProxy::GetInstance
[2019.08.13-00.36.18:734][  0]LogOcInput: OculusInput pre-init called
[2019.08.13-00.36.22:543][  0]LogEngine: Initializing Engine...
[2019.08.13-00.36.22:632][  0]LogHMD: Failed to initialize OpenVR with code 110
[2019.08.13-00.36.22:669][  0]LogStats: UGameplayTagsManager::InitializeManager -  0.012 s
[2019.08.13-00.36.25:272][  0]LogInit: Initializing FReadOnlyCVARCache
[2019.08.13-00.36.25:848][  0]LogAIModule: Creating AISystem for world Untitled
[2019.08.13-00.36.26:078][  0]LogInit: XAudio2 using 'Speakers (Realtek High Definition Audio)' : 2 channels at 48 kHz using 32 bits per sample (channel mask 0x3)
[2019.08.13-00.36.26:163][  0]LogInit: FAudioDevice initialized.
[2019.08.13-00.36.26:163][  0]LogNetVersion: Set ProjectVersion to 1.0.0.0. Version Checksum will be recalculated on next use.
[2019.08.13-00.36.28:149][  0]LogDerivedDataCache: Saved boot cache 1.98s 66MB ../../../../CrashSite3D/DerivedDataCache/Boot.ddc.
[2019.08.13-00.36.28:410][  0]LogInit: Texture streaming: Enabled
[2019.08.13-00.36.28:733][  0]LogEngineSessionManager: EngineSessionManager initialized
[2019.08.13-00.36.28:733][  0]LogEngineSessionManager: EngineSessionManager sent abnormal shutdown report. Type=AbnormalShutdown, SessionId={2DA67607-4A44-C168-C05F-50A875056EBD}
[2019.08.13-00.36.29:026][  0]LogInit: Transaction tracking system initialized
[2019.08.13-00.36.29:736][  0]BlueprintLog: New page: Editor Load
[2019.08.13-00.36.32:624][  0]LocalizationService: Localization service is disabled
[2019.08.13-00.36.34:483][  0]LogVSAccessor: Display: Unable to create Visual Studio setup instance: 80040154
[2019.08.13-00.36.34:485][  0]LogVSAccessor: Display: Unable to create Visual Studio setup instance: 80040154
[2019.08.13-00.36.40:522][  0]LogFileCache: Scanning file cache for directory 'P:/Epic Games/CrashSite3D/Content/' took 0.05s
[2019.08.13-00.36.40:522][  0]LogCook: Display: Max memory allowance for cook 16384mb min free memory 0mb
[2019.08.13-00.36.40:522][  0]LogCook: Display: Mobile HDR setting 1
[2019.08.13-00.36.50:759][  0]LogWindows: Warning: CreateProc failed: The system cannot find the file specified. (0x00000002)
[2019.08.13-00.36.50:759][  0]LogWindows: Warning: URL: C:/Program Files/Git/bin/git.exe version
[2019.08.13-00.36.50:760][  0]LogWindows: Warning: CreateProc failed: The system cannot find the file specified. (0x00000002)
[2019.08.13-00.36.50:760][  0]LogWindows: Warning: URL: C:/Program Files (x86)/Git/bin/git.exe version
[2019.08.13-00.36.50:760][  0]LogWindows: Warning: CreateProc failed: The system cannot find the file specified. (0x00000002)
[2019.08.13-00.36.50:760][  0]LogWindows: Warning: URL: C:\Users\mar0072\AppData\Local/Programs/Git/cmd/git.exe version
[2019.08.13-00.36.50:761][  0]LogWindows: Warning: CreateProc failed: The system cannot find the file specified. (0x00000002)
[2019.08.13-00.36.50:761][  0]LogWindows: Warning: URL: C:/Program Files (x86)/SmartGit/git/bin/git.exe version
[2019.08.13-00.36.50:762][  0]LogWindows: Warning: CreateProc failed: The system cannot find the file specified. (0x00000002)
[2019.08.13-00.36.50:762][  0]LogWindows: Warning: URL: C:/Program Files (x86)/SmartGit/bin/git.exe version
[2019.08.13-00.36.50:762][  0]LogWindows: Warning: CreateProc failed: The system cannot find the file specified. (0x00000002)
[2019.08.13-00.36.50:762][  0]LogWindows: Warning: URL: C:\Users\mar0072\AppData\Local/Atlassian/SourceTree/git_local/bin/git.exe version
[2019.08.13-00.36.50:763][  0]LogWindows: Warning: CreateProc failed: The system cannot find the file specified. (0x00000002)
[2019.08.13-00.36.50:763][  0]LogWindows: Warning: URL: C:/Program Files (x86)/fournova/Tower/vendor/Git/bin/git.exe version
[2019.08.13-00.36.50:805][  0]Cmd: MAP LOAD FILE="../../../../CrashSite3D/Content/AccidentMap.umap" TEMPLATE=0 SHOWPROGRESS=1 FEATURELEVEL=3
[2019.08.13-00.36.50:893][  0]LightingResults: New page: Lighting Build
[2019.08.13-00.36.51:122][  0]MapCheck: New page: Map Check
[2019.08.13-00.36.51:122][  0]LightingResults: New page: Lighting Build
[2019.08.13-00.36.51:579][  0]LogUObjectHash: Compacting FUObjectHashTables data took   5.03ms
[2019.08.13-00.37.11:123][  0]LogAIModule: Creating AISystem for world AccidentMap
[2019.08.13-00.37.11:917][  0]LogEditorServer: Finished looking for orphan Actors (0.000 secs)
[2019.08.13-00.37.12:168][  0]LogUObjectHash: Compacting FUObjectHashTables data took   8.39ms
[2019.08.13-00.37.12:168][  0]Cmd: MAP CHECKDEP NOCLEARLOG
[2019.08.13-00.37.12:169][  0]MapCheck: Map check complete: 0 Error(s), 0 Warning(s), took 0.32ms to complete.
[2019.08.13-00.37.12:169][  0]LogFileHelpers: Loading map 'AccidentMap' took 21.396
[2019.08.13-00.37.14:512][  0]LogSlate: Updating window title bar state: overlay mode, drag disabled, window buttons hidden, title bar hidden
[2019.08.13-00.37.14:566][  0]LogSlate: Updating window title bar state: overlay mode, drag disabled, window buttons hidden, title bar hidden
[2019.08.13-00.37.14:590][  0]LogSlate: Updating window title bar state: overlay mode, drag disabled, window buttons hidden, title bar hidden
[2019.08.13-00.37.14:610][  0]LogSlate: Updating window title bar state: overlay mode, drag disabled, window buttons hidden, title bar hidden
[2019.08.13-00.37.14:767][  0]LogCollectionManager: Loaded 0 collections in 0.006495 seconds
[2019.08.13-00.37.14:917][  0]LogFileCache: Scanning file cache for directory 'P:/Epic Games/CrashSite3D/Saved/Collections/' took 0.01s
[2019.08.13-00.37.14:917][  0]LogFileCache: Scanning file cache for directory 'P:/Epic Games/CrashSite3D/Content/Developers/mar0072/Collections/' took 0.00s
[2019.08.13-00.37.14:917][  0]LogFileCache: Scanning file cache for directory 'P:/Epic Games/CrashSite3D/Content/Collections/' took 0.00s
[2019.08.13-00.37.14:917][  0]LogCollectionManager: Rebuilt the GUID cache for 0 collections in 0.000001 seconds
[2019.08.13-00.37.14:959][  0]LogContentBrowser: Native class hierarchy populated in 0.0416 seconds. Added 2733 classes and 663 folders.
[2019.08.13-00.37.15:053][  0]LogContentBrowser: Native class hierarchy updated for 'WidgetCarousel' in 0.0009 seconds. Added 0 classes and 0 folders.
[2019.08.13-00.37.15:189][  0]LogPakFile: Registered encryption key '00000000000000000000000000000000': 0 pak files mounted, 0 remain pending
[2019.08.13-00.37.15:326][  0]LogPakFile: Registered encryption key '00000000000000000000000000000000': 0 pak files mounted, 0 remain pending
[2019.08.13-00.37.15:362][  0]LogPakFile: Registered encryption key '00000000000000000000000000000000': 0 pak files mounted, 0 remain pending
[2019.08.13-00.37.15:421][  0]LogPakFile: Registered encryption key '00000000000000000000000000000000': 0 pak files mounted, 0 remain pending
[2019.08.13-00.37.15:477][  0]LogPakFile: Registered encryption key '00000000000000000000000000000000': 0 pak files mounted, 0 remain pending
[2019.08.13-00.37.15:542][  0]LogPakFile: Registered encryption key '00000000000000000000000000000000': 0 pak files mounted, 0 remain pending
[2019.08.13-00.37.15:584][  0]LogPakFile: Registered encryption key '00000000000000000000000000000000': 0 pak files mounted, 0 remain pending
[2019.08.13-00.37.15:610][  0]LogPakFile: Registered encryption key '00000000000000000000000000000000': 0 pak files mounted, 0 remain pending
[2019.08.13-00.37.15:642][  0]LogPakFile: Registered encryption key '00000000000000000000000000000000': 0 pak files mounted, 0 remain pending
[2019.08.13-00.37.15:661][  0]LogPakFile: Registered encryption key '00000000000000000000000000000000': 0 pak files mounted, 0 remain pending
[2019.08.13-00.37.15:674][  0]LogPakFile: Registered encryption key '00000000000000000000000000000000': 0 pak files mounted, 0 remain pending
[2019.08.13-00.37.15:731][  0]LogPakFile: Registered encryption key '00000000000000000000000000000000': 0 pak files mounted, 0 remain pending
[2019.08.13-00.37.15:750][  0]LogPakFile: Registered encryption key '00000000000000000000000000000000': 0 pak files mounted, 0 remain pending
[2019.08.13-00.37.15:772][  0]LogPakFile: Registered encryption key '00000000000000000000000000000000': 0 pak files mounted, 0 remain pending
[2019.08.13-00.37.15:790][  0]LogPakFile: Registered encryption key '00000000000000000000000000000000': 0 pak files mounted, 0 remain pending
[2019.08.13-00.37.15:806][  0]LogPakFile: Registered encryption key '00000000000000000000000000000000': 0 pak files mounted, 0 remain pending
[2019.08.13-00.37.15:820][  0]LogPakFile: Registered encryption key '00000000000000000000000000000000': 0 pak files mounted, 0 remain pending
[2019.08.13-00.37.15:833][  0]LogPakFile: Registered encryption key '00000000000000000000000000000000': 0 pak files mounted, 0 remain pending
[2019.08.13-00.37.15:846][  0]LogPakFile: Registered encryption key '00000000000000000000000000000000': 0 pak files mounted, 0 remain pending
[2019.08.13-00.37.15:859][  0]LogPakFile: Registered encryption key '00000000000000000000000000000000': 0 pak files mounted, 0 remain pending
[2019.08.13-00.37.15:874][  0]LogPakFile: Registered encryption key '00000000000000000000000000000000': 0 pak files mounted, 0 remain pending
[2019.08.13-00.37.15:914][  0]LogPakFile: Registered encryption key '00000000000000000000000000000000': 0 pak files mounted, 0 remain pending
[2019.08.13-00.37.15:927][  0]LogPakFile: Registered encryption key '00000000000000000000000000000000': 0 pak files mounted, 0 remain pending
[2019.08.13-00.37.15:942][  0]LogPakFile: Registered encryption key '00000000000000000000000000000000': 0 pak files mounted, 0 remain pending
[2019.08.13-00.37.16:008][  0]LogPakFile: Registered encryption key '00000000000000000000000000000000': 0 pak files mounted, 0 remain pending
[2019.08.13-00.37.16:050][  0]LogPakFile: Registered encryption key '00000000000000000000000000000000': 0 pak files mounted, 0 remain pending
[2019.08.13-00.37.20:094][  0]LogContentBrowser: Native class hierarchy updated for 'AddContentDialog' in 0.0007 seconds. Added 0 classes and 0 folders.
[2019.08.13-00.37.20:216][  0]LogContentBrowser: Native class hierarchy updated for 'SceneOutliner' in 0.0003 seconds. Added 1 classes and 2 folders.
[2019.08.13-00.37.20:987][  0]LogSlate: Took 0.054878 seconds to synchronously load lazily loaded font '../../../Engine/Content/Slate/Fonts/Roboto-Regular.ttf' (155K)
[2019.08.13-00.37.21:050][  0]LogSlate: Took 0.055936 seconds to synchronously load lazily loaded font '../../../Engine/Content/Slate/Fonts/Roboto-Bold.ttf' (160K)
[2019.08.13-00.37.21:112][  0]LogSlate: Took 0.036871 seconds to synchronously load lazily loaded font '../../../Engine/Content/Editor/Slate/Fonts/FontAwesome.ttf' (139K)
[2019.08.13-00.37.22:291][  0]LogRenderer: Reallocating scene render targets to support 1208x572 Format 10 NumSamples 1 (Frame:1).
[2019.08.13-00.37.23:139][  0]LogContentBrowser: Native class hierarchy updated for 'HierarchicalLODOutliner' in 0.0008 seconds. Added 0 classes and 0 folders.
[2019.08.13-00.37.23:144][  0]LogLoad: (Engine Initialization) Total time: 276.41 seconds
[2019.08.13-00.37.23:144][  0]LogLoad: (Engine Initialization) Total Blueprint compile time: 0.00 seconds
[2019.08.13-00.37.23:379][  0]LogAssetRegistry: Asset discovery search completed in 149.2967 seconds
[2019.08.13-00.37.23:395][  0]LogCollectionManager: Rebuilt the object cache for 0 collections in 0.000000 seconds (found 0 objects)
[2019.08.13-00.37.23:395][  0]LogCollectionManager: Fixed up redirectors for 0 collections in 0.000047 seconds (updated 0 objects)
[2019.08.13-00.37.23:495][  0]LogContentStreaming: Texture pool size now 1000 MB
[2019.08.13-00.37.24:661][  3]LogSlate: Took 0.042704 seconds to synchronously load lazily loaded font '../../../Engine/Content/Slate/Fonts/Roboto-Light.ttf' (167K)
[2019.08.13-00.37.24:679][  4]LogSlate: FSceneViewport::OnFocusLost() reason 0
[2019.08.13-00.37.25:982][135]LogAssetEditorManager: Opening Asset editor for WidgetBlueprint /Game/Blueprints/User/Interfaces/AccidentDetailsWindow.AccidentDetailsWindow
[2019.08.13-00.37.28:004][135]LogContentBrowser: Native class hierarchy updated for 'BlueprintGraph' in 0.0017 seconds. Added 121 classes and 0 folders.
[2019.08.13-00.37.30:470][135]LogBlueprintActionDatabase: Requesting refresh due to module change: SequencerWidgets (loaded)
[2019.08.13-00.37.31:867][135]LogSlate: Took 0.030277 seconds to synchronously load lazily loaded font '../../../Engine/Content/Slate/Fonts/Roboto-BoldCondensed.ttf' (158K)
[2019.08.13-00.37.34:929][244]LogSlate: Took 0.026534 seconds to synchronously load lazily loaded font '../../../Engine/Content/Slate/Fonts/Roboto-Italic.ttf' (157K)
[2019.08.13-00.37.44:153][742]LogAssetEditorManager: Opening Asset editor for WidgetBlueprint /Game/Blueprints/User/Interfaces/AccidentDetailsWidget.AccidentDetailsWidget
[2019.08.13-00.38.44:789][279]LogHttp: Warning: 00000193921A1D00: request failed, libcurl error: 35 (SSL connect error)
[2019.08.13-00.38.44:789][279]LogHttp: Warning: 00000193921A1D00: libcurl info message cache 0 (  Trying 54.80.175.210...)
[2019.08.13-00.38.44:789][279]LogHttp: Warning: 00000193921A1D00: libcurl info message cache 1 (TCP_NODELAY set)
[2019.08.13-00.38.44:789][279]LogHttp: Warning: 00000193921A1D00: libcurl info message cache 2 (Connected to datarouter.ol.epicgames.com (54.80.175.210) port 443 (#0))
[2019.08.13-00.38.44:789][279]LogHttp: Warning: 00000193921A1D00: libcurl info message cache 3 (ALPN, offering http/1.1)
[2019.08.13-00.38.44:789][279]LogHttp: Warning: 00000193921A1D00: libcurl info message cache 4 (Cipher selection: ALL:!EXPORT:!EXPORT40:!EXPORT56:!aNULL:!LOW:!RC4:@STRENGTH)
[2019.08.13-00.38.44:789][279]LogHttp: Warning: 00000193921A1D00: libcurl info message cache 5 (TLSv1.3 (OUT), TLS handshake, Client hello (1):)
[2019.08.13-00.38.44:789][279]LogHttp: Warning: 00000193921A1D00: libcurl info message cache 6 (OpenSSL SSL_connect: SSL_ERROR_SYSCALL in connection to datarouter.ol.epicgames.com:443 )
[2019.08.13-00.38.44:789][279]LogHttp: Warning: 00000193921A1D00: libcurl info message cache 7 (Closing connection 0)
[2019.08.13-00.38.44:800][280]LogHttp: Warning: Retry exhausted on https://datarouter.ol.epicgames.com/datarouter/api/v1/public/data?SessionID=%7BE06437BF-4D4F-8E32-6F4C-4AAB64A1397C%7D&AppID=UEEditor.UnrealEngine.Release&AppVersion=4.22.3-0%2B%2B%2BUE4%2BRelease-4.22&UserID=ad4ef6364c660e2f9cd58890cfa7136e%7C%7Cf8e301dc-ffdb-4c8e-bcaf-c7d864935723&AppEnvironment=datacollector-source&UploadType=eteventstream
[2019.08.13-00.40.15:340][782]BlueprintLog: New page: Compile AccidentDetailsWindow
[2019.08.13-00.40.15:571][782]LogUObjectHash: Compacting FUObjectHashTables data took   5.88ms
[2019.08.13-00.40.15:671][782]Cmd: OBJ SAVEPACKAGE PACKAGE="/Game/Blueprints/User/Interfaces/AccidentDetailsWindow" FILE="../../../../CrashSite3D/Content/Blueprints/User/Interfaces/AccidentDetailsWindow.uasset" SILENT=true
[2019.08.13-00.40.16:190][782]LogSavePackage: Moving '../../../../CrashSite3D/Saved/AccidentDetailsWindow6437ED094252E585BE9D0B88D6EEAA03.tmp' to '../../../../CrashSite3D/Content/Blueprints/User/Interfaces/AccidentDetailsWindow.uasset'
[2019.08.13-00.41.06:139][287]LogHttp: Warning: 00000193873C82C0: request failed, libcurl error: 35 (SSL connect error)
[2019.08.13-00.41.06:139][287]LogHttp: Warning: 00000193873C82C0: libcurl info message cache 0 (Hostname in DNS cache was stale, zapped)
[2019.08.13-00.41.06:139][287]LogHttp: Warning: 00000193873C82C0: libcurl info message cache 1 (  Trying 52.87.18.159...)
[2019.08.13-00.41.06:139][287]LogHttp: Warning: 00000193873C82C0: libcurl info message cache 2 (TCP_NODELAY set)
[2019.08.13-00.41.06:139][287]LogHttp: Warning: 00000193873C82C0: libcurl info message cache 3 (Connected to datarouter.ol.epicgames.com (52.87.18.159) port 443 (#1))
[2019.08.13-00.41.06:139][287]LogHttp: Warning: 00000193873C82C0: libcurl info message cache 4 (ALPN, offering http/1.1)
[2019.08.13-00.41.06:139][287]LogHttp: Warning: 00000193873C82C0: libcurl info message cache 5 (Cipher selection: ALL:!EXPORT:!EXPORT40:!EXPORT56:!aNULL:!LOW:!RC4:@STRENGTH)
[2019.08.13-00.41.06:139][287]LogHttp: Warning: 00000193873C82C0: libcurl info message cache 6 (TLSv1.3 (OUT), TLS handshake, Client hello (1):)
[2019.08.13-00.41.06:139][287]LogHttp: Warning: 00000193873C82C0: libcurl info message cache 7 (OpenSSL SSL_connect: SSL_ERROR_SYSCALL in connection to datarouter.ol.epicgames.com:443 )
[2019.08.13-00.41.06:139][287]LogHttp: Warning: 00000193873C82C0: libcurl info message cache 8 (Closing connection 1)
[2019.08.13-00.41.06:149][288]LogHttp: Warning: Retry exhausted on https://datarouter.ol.epicgames.com/datarouter/api/v1/public/data?SessionID=%7BE06437BF-4D4F-8E32-6F4C-4AAB64A1397C%7D&AppID=UEEditor.UnrealEngine.Release&AppVersion=4.22.3-0%2B%2B%2BUE4%2BRelease-4.22&UserID=ad4ef6364c660e2f9cd58890cfa7136e%7C%7Cf8e301dc-ffdb-4c8e-bcaf-c7d864935723&AppEnvironment=datacollector-source&UploadType=eteventstream
[2019.08.13-00.41.43:086][760]LogUObjectHash: Compacting FUObjectHashTables data took   3.59ms
[2019.08.13-00.41.43:098][760]Cmd: OBJ SAVEPACKAGE PACKAGE="/Game/Blueprints/User/Interfaces/AccidentDetailsWindow" FILE="../../../../CrashSite3D/Content/Blueprints/User/Interfaces/AccidentDetailsWindow.uasset" SILENT=true
[2019.08.13-00.41.43:272][760]LogSavePackage: Moving '../../../../CrashSite3D/Saved/AccidentDetailsWindowB775BE0749A3F5C98B9BA9AE04EF5C83.tmp' to '../../../../CrashSite3D/Content/Blueprints/User/Interfaces/AccidentDetailsWindow.uasset'
[2019.08.13-00.41.46:377][ 42]LogAssetEditorManager: Opening Asset editor for WidgetBlueprint /Game/Blueprints/User/Interfaces/CrashInterface.CrashInterface
[2019.08.13-00.41.50:558][347]LogSlate: Window 'AccidentDetailsWindow' being destroyed
[2019.08.13-00.41.50:563][347]LogSlate: Window 'AccidentDetailsWindow' being destroyed
[2019.08.13-00.41.51:665][440]LogAssetEditorManager: Opening Asset editor for WidgetBlueprint /Game/Blueprints/User/Interfaces/CrashInterface.CrashInterface
[2019.08.13-00.41.54:942][674]LogAssetEditorManager: Opening Asset editor for WidgetBlueprint /Game/Blueprints/User/Interfaces/AccidentDetailsWindow.AccidentDetailsWindow
[2019.08.13-00.41.57:163][825]LogAssetEditorManager: Opening Asset editor for WidgetBlueprint /Game/Blueprints/User/Interfaces/AccidentDetailsWidget.AccidentDetailsWidget
[2019.08.13-00.42.12:134][399]LogSlate: Window 'AccidentDetailsWindow' being destroyed
[2019.08.13-00.42.17:954][941]LogUObjectHash: Compacting FUObjectHashTables data took   4.15ms
[2019.08.13-00.43.27:517][274]LogHttp: Warning: 0000019331325800: request failed, libcurl error: 35 (SSL connect error)
[2019.08.13-00.43.27:517][274]LogHttp: Warning: 0000019331325800: libcurl info message cache 0 (Hostname in DNS cache was stale, zapped)
[2019.08.13-00.43.27:517][274]LogHttp: Warning: 0000019331325800: libcurl info message cache 1 (  Trying 54.88.250.173...)
[2019.08.13-00.43.27:517][274]LogHttp: Warning: 0000019331325800: libcurl info message cache 2 (TCP_NODELAY set)
[2019.08.13-00.43.27:517][274]LogHttp: Warning: 0000019331325800: libcurl info message cache 3 (Connected to datarouter.ol.epicgames.com (54.88.250.173) port 443 (#2))
[2019.08.13-00.43.27:517][274]LogHttp: Warning: 0000019331325800: libcurl info message cache 4 (ALPN, offering http/1.1)
[2019.08.13-00.43.27:518][274]LogHttp: Warning: 0000019331325800: libcurl info message cache 5 (Cipher selection: ALL:!EXPORT:!EXPORT40:!EXPORT56:!aNULL:!LOW:!RC4:@STRENGTH)
[2019.08.13-00.43.27:518][274]LogHttp: Warning: 0000019331325800: libcurl info message cache 6 (TLSv1.3 (OUT), TLS handshake, Client hello (1):)
[2019.08.13-00.43.27:518][274]LogHttp: Warning: 0000019331325800: libcurl info message cache 7 (OpenSSL SSL_connect: SSL_ERROR_SYSCALL in connection to datarouter.ol.epicgames.com:443 )
[2019.08.13-00.43.27:518][274]LogHttp: Warning: 0000019331325800: libcurl info message cache 8 (Closing connection 2)
[2019.08.13-00.43.27:518][274]LogHttp: Warning: Retry exhausted on https://datarouter.ol.epicgames.com/datarouter/api/v1/public/data?SessionID=%7BE06437BF-4D4F-8E32-6F4C-4AAB64A1397C%7D&AppID=UEEditor.UnrealEngine.Release&AppVersion=4.22.3-0%2B%2B%2BUE4%2BRelease-4.22&UserID=ad4ef6364c660e2f9cd58890cfa7136e%7C%7Cf8e301dc-ffdb-4c8e-bcaf-c7d864935723&AppEnvironment=datacollector-source&UploadType=eteventstream
[2019.08.13-00.44.41:517][913]LogUObjectHash: Compacting FUObjectHashTables data took   3.91ms
[2019.08.13-00.44.41:527][913]Cmd: OBJ SAVEPACKAGE PACKAGE="/Game/Blueprints/User/Interfaces/CrashInterface" FILE="../../../../CrashSite3D/Content/Blueprints/User/Interfaces/CrashInterface.uasset" SILENT=true
[2019.08.13-00.44.41:735][913]LogSavePackage: Moving '../../../../CrashSite3D/Saved/CrashInterface4849351D40B6C36681B740BB5D586D5E.tmp' to '../../../../CrashSite3D/Content/Blueprints/User/Interfaces/CrashInterface.uasset'
[2019.08.13-00.45.35:753][878]LogUObjectHash: Compacting FUObjectHashTables data took   2.91ms
[2019.08.13-00.45.35:764][878]Cmd: OBJ SAVEPACKAGE PACKAGE="/Game/Blueprints/User/Interfaces/CrashInterface" FILE="../../../../CrashSite3D/Content/Blueprints/User/Interfaces/CrashInterface.uasset" SILENT=true
[2019.08.13-00.45.35:922][878]LogSavePackage: Moving '../../../../CrashSite3D/Saved/CrashInterface40E2B9CA4D831EDA11805680385CFB68.tmp' to '../../../../CrashSite3D/Content/Blueprints/User/Interfaces/CrashInterface.uasset'
[2019.08.13-00.45.48:899][ 48]LogHttp: Warning: 000001931045BD80: request failed, libcurl error: 35 (SSL connect error)
[2019.08.13-00.45.48:899][ 48]LogHttp: Warning: 000001931045BD80: libcurl info message cache 0 (Hostname in DNS cache was stale, zapped)
[2019.08.13-00.45.48:899][ 48]LogHttp: Warning: 000001931045BD80: libcurl info message cache 1 (  Trying 52.45.123.19...)
[2019.08.13-00.45.48:899][ 48]LogHttp: Warning: 000001931045BD80: libcurl info message cache 2 (TCP_NODELAY set)
[2019.08.13-00.45.48:899][ 48]LogHttp: Warning: 000001931045BD80: libcurl info message cache 3 (Connected to datarouter.ol.epicgames.com (52.45.123.19) port 443 (#3))
[2019.08.13-00.45.48:899][ 48]LogHttp: Warning: 000001931045BD80: libcurl info message cache 4 (ALPN, offering http/1.1)
[2019.08.13-00.45.48:899][ 48]LogHttp: Warning: 000001931045BD80: libcurl info message cache 5 (Cipher selection: ALL:!EXPORT:!EXPORT40:!EXPORT56:!aNULL:!LOW:!RC4:@STRENGTH)
[2019.08.13-00.45.48:899][ 48]LogHttp: Warning: 000001931045BD80: libcurl info message cache 6 (TLSv1.3 (OUT), TLS handshake, Client hello (1):)
[2019.08.13-00.45.48:900][ 48]LogHttp: Warning: 000001931045BD80: libcurl info message cache 7 (OpenSSL SSL_connect: SSL_ERROR_SYSCALL in connection to datarouter.ol.epicgames.com:443 )
[2019.08.13-00.45.48:900][ 48]LogHttp: Warning: 000001931045BD80: libcurl info message cache 8 (Closing connection 3)
[2019.08.13-00.45.48:900][ 48]LogHttp: Warning: Retry exhausted on https://datarouter.ol.epicgames.com/datarouter/api/v1/public/data?SessionID=%7BE06437BF-4D4F-8E32-6F4C-4AAB64A1397C%7D&AppID=UEEditor.UnrealEngine.Release&AppVersion=4.22.3-0%2B%2B%2BUE4%2BRelease-4.22&UserID=ad4ef6364c660e2f9cd58890cfa7136e%7C%7Cf8e301dc-ffdb-4c8e-bcaf-c7d864935723&AppEnvironment=datacollector-source&UploadType=eteventstream
[2019.08.13-00.45.48:997][ 54]LogUObjectHash: Compacting FUObjectHashTables data took   2.92ms
[2019.08.13-00.45.49:008][ 54]Cmd: OBJ SAVEPACKAGE PACKAGE="/Game/Blueprints/User/Interfaces/CrashInterface" FILE="../../../../CrashSite3D/Content/Blueprints/User/Interfaces/CrashInterface.uasset" SILENT=true
[2019.08.13-00.45.49:063][ 54]LogSavePackage: Moving '../../../../CrashSite3D/Saved/CrashInterfaceDF8D0F7E4F5F4FDBF9A65E8E90D8E5B4.tmp' to '../../../../CrashSite3D/Content/Blueprints/User/Interfaces/CrashInterface.uasset'
[2019.08.13-00.45.54:268][529]BlueprintLog: New page: Compile CrashInterface
[2019.08.13-00.45.54:488][529]LogUObjectHash: Compacting FUObjectHashTables data took   2.64ms
[2019.08.13-00.45.57:307][717]LogSlate: Window 'CrashInterface' being destroyed
[2019.08.13-00.45.57:308][717]LogSlate: Window 'CrashInterface' being destroyed
[2019.08.13-00.45.57:510][717]LogUObjectHash: Compacting FUObjectHashTables data took   3.11ms
[2019.08.13-00.45.57:724][717]LogSlate: Window 'CrashSite3D - Unreal Editor' being destroyed
[2019.08.13-00.45.57:725][717]LogWindowsTextInputMethodSystem: Display: IME system now deactivated.
[2019.08.13-00.45.58:054][718]Cmd: QUIT_EDITOR
[2019.08.13-00.45.58:258][718]LogExit: Preparing to exit.
[2019.08.13-00.45.59:557][718]LogExit: Editor shut down
[2019.08.13-00.45.59:558][718]LogExit: Transaction tracking system shut down
